#
# A fatal error has been detected by the Java Runtime Environment:
#
#  EXCEPTION_ACCESS_VIOLATION (0xc0000005) at pc=0x00007ffc1f33b62c, pid=15700, tid=13460
#
# JRE version: OpenJDK Runtime Environment (11.0.2+9) (build 11.0.2+9)
# Java VM: OpenJDK 64-Bit Server VM (11.0.2+9, mixed mode, tiered, compressed oops, g1 gc, windows-amd64)
# Problematic frame:
# C  [igdumdim64.dll+0x2b62c]
#
# No core dump will be written. Minidumps are not enabled by default on client versions of Windows
#
# If you would like to submit a bug report, please visit:
#   http://bugreport.java.com/bugreport/crash.jsp
# The crash happened outside the Java Virtual Machine in native code.
# See problematic frame for where to report the bug.
#

---------------  S U M M A R Y ------------

Command Line: -Djavafx.embed.singleThread=true 

Host: Intel(R) Core(TM) i5-4570 CPU @ 3.20GHz, 4 cores, 11G,  Windows 10 , 64 bit Build 19041 (10.0.19041.662)
Time: Wed Jan 13 01:02:22 2021 Hora estándar romance elapsed time: 53380 seconds (0d 14h 49m 40s)

---------------  T H R E A D  ---------------

Current thread (0x0000000026a03000):  JavaThread "QuantumRenderer-0" daemon [_thread_in_native, id=13460, stack(0x00000000274c0000,0x00000000276c0000)]

Stack: [0x00000000274c0000,0x00000000276c0000],  sp=0x00000000276be6a0,  free space=2041k
Native frames: (J=compiled Java code, j=interpreted, Vv=VM code, C=native code)
C  [igdumdim64.dll+0x2b62c]

Java frames: (J=compiled Java code, j=interpreted, Vv=VM code)
J 5260  com.sun.prism.d3d.D3DGraphics.nClear(JIZZ)I (0 bytes) @ 0x0000000012a94b1e [0x0000000012a94ac0+0x000000000000005e]
J 15115 c2 com.sun.prism.d3d.D3DGraphics.clear(Lcom/sun/prism/paint/Color;)V (51 bytes) @ 0x000000001339ea10 [0x000000001339e960+0x00000000000000b0]
J 11107 c1 com.sun.javafx.tk.quantum.ViewPainter.doPaint(Lcom/sun/prism/Graphics;Lcom/sun/javafx/sg/prism/NodePath;)V (205 bytes) @ 0x000000000c964ea4 [0x000000000c964760+0x0000000000000744]
J 12394 c1 com.sun.javafx.tk.quantum.ViewPainter.paintImpl(Lcom/sun/prism/Graphics;)V (1436 bytes) @ 0x000000000cb8fa8c [0x000000000cb8d140+0x000000000000294c]
J 11457 c1 com.sun.javafx.tk.quantum.PresentingPainter.run()V (675 bytes) @ 0x000000000c9ce9fc [0x000000000c9cacc0+0x0000000000003d3c]
J 11449 c1 java.util.concurrent.Executors$RunnableAdapter.call()Ljava/lang/Object; java.base@11.0.2 (14 bytes) @ 0x000000000b3f5f74 [0x000000000b3f5e60+0x0000000000000114]
J 11448 c1 java.util.concurrent.FutureTask.runAndReset()Z java.base@11.0.2 (125 bytes) @ 0x000000000b765614 [0x000000000b764f20+0x00000000000006f4]
J 11450 c1 com.sun.javafx.tk.RenderJob.run()V (92 bytes) @ 0x000000000b57c11c [0x000000000b57c0a0+0x000000000000007c]
j  java.util.concurrent.ThreadPoolExecutor.runWorker(Ljava/util/concurrent/ThreadPoolExecutor$Worker;)V+92 java.base@11.0.2
j  java.util.concurrent.ThreadPoolExecutor$Worker.run()V+5 java.base@11.0.2
j  com.sun.javafx.tk.quantum.QuantumRenderer$PipelineRunnable.run()V+8
j  java.lang.Thread.run()V+11 java.base@11.0.2
v  ~StubRoutines::call_stub

siginfo: EXCEPTION_ACCESS_VIOLATION (0xc0000005), writing address 0x00000000810ba034


Register to memory mapping:

RIP=0x00007ffc1f33b62c igdumdim64.dll
RAX=0x0000000000000001 is an unknown value
RBX=0x0000000026c06d00 points into unknown readable memory: 00 00 00 00 00 00 00 00
RCX=0x00000000810ba044 is an unknown value
RDX=0x00007ffc217fc580 igdumdim64.dll
RSP=0x00000000276be6a0 is pointing into the stack for thread: 0x0000000026a03000
RBP=0x00000000276be6c0 is pointing into the stack for thread: 0x0000000026a03000
RSI=0x0000000026c06d00 points into unknown readable memory: 00 00 00 00 00 00 00 00
RDI=0x0000000000000060 is an unknown value
R8 =0x000000000000001c is an unknown value
R9 =0x0000000000000010 is an unknown value
R10=0x0 is NULL
R11=0x0000000026c06d18 points into unknown readable memory: 01 00 00 00 00 00 00 00
R12=0x00000000276be860 is pointing into the stack for thread: 0x0000000026a03000
R13=0x0 is NULL
R14=0x0 is NULL
R15=0x00000000276be8c8 is pointing into the stack for thread: 0x0000000026a03000


Registers:
RAX=0x0000000000000001, RBX=0x0000000026c06d00, RCX=0x00000000810ba044, RDX=0x00007ffc217fc580
RSP=0x00000000276be6a0, RBP=0x00000000276be6c0, RSI=0x0000000026c06d00, RDI=0x0000000000000060
R8 =0x000000000000001c, R9 =0x0000000000000010, R10=0x0000000000000000, R11=0x0000000026c06d18
R12=0x00000000276be860, R13=0x0000000000000000, R14=0x0000000000000000, R15=0x00000000276be8c8
RIP=0x00007ffc1f33b62c, EFLAGS=0x0000000000010202

Top of Stack: (sp=0x00000000276be6a0)
0x00000000276be6a0:   0000000000000b2c e88f498600000000
0x00000000276be6b0:   0000000000000000 00007ffc1f3684d9
0x00000000276be6c0:   0000000043230000 0000000000000000
0x00000000276be6d0:   3ff0000043420000 0000000000000000
0x00000000276be6e0:   00000000276be910 00007ffc1f3650b2
0x00000000276be6f0:   0000000026c06d00 0000000000000060
0x00000000276be700:   0000000745105328 00007ffc21db65f0
0x00000000276be710:   0000000026c06d00 00007ffc1f369b3e
0x00000000276be720:   3ff0000000000000 0000000000000000
0x00000000276be730:   0000000745105328 0000000000000005
0x00000000276be740:   0000000000000001 00007ffc1f3da64f
0x00000000276be750:   0000000000000000 3ff0000000000000
0x00000000276be760:   0000000000000000 0000000742987ba0
0x00000000276be770:   011000027a000003 0000000000000000
0x00000000276be780:   3ff0000000000000 0000168d8d2980ec
0x00000000276be790:   00000000276be8f0 00000000276be8c8 

Instructions: (pc=0x00007ffc1f33b62c)
0x00007ffc1f33b60c:   77 41 83 e0 1f 49 8b c0 48 c1 e8 04 48 85 c0 74
0x00007ffc1f33b61c:   19 0f 1f 00 f3 0f 6f 02 48 83 c1 10 48 83 c2 10
0x00007ffc1f33b62c:   f3 0f 7f 41 f0 48 ff c8 75 ea 41 83 e0 0f 74 44
0x00007ffc1f33b63c:   41 8b f8 48 c1 ef 02 48 85 ff 74 1a 0f 1f 84 00 


Stack slot to memory mapping:
stack at sp + 0 slots: 0x0000000000000b2c is an unknown value
stack at sp + 1 slots: 0xe88f498600000000 is an unknown value
stack at sp + 2 slots: 0x0 is NULL
stack at sp + 3 slots: 0x00007ffc1f3684d9 igdumdim64.dll
stack at sp + 4 slots: 0x0000000043230000 is an unknown value
stack at sp + 5 slots: 0x0 is NULL
stack at sp + 6 slots: 0x3ff0000043420000 is an unknown value
stack at sp + 7 slots: 0x0 is NULL


---------------  P R O C E S S  ---------------

Threads class SMR info:
_java_thread_list=0x00000000374eb830, length=32, elements={
0x0000000002a36800, 0x0000000024163000, 0x000000002415b000, 0x0000000024de3800,
0x0000000024de4000, 0x000000002416a000, 0x0000000024d9c800, 0x0000000024da0000,
0x0000000024f58000, 0x0000000024f49800, 0x0000000026960000, 0x0000000026a03000,
0x0000000026b0b800, 0x0000000026b10800, 0x000000002708e800, 0x0000000026d71800,
0x0000000026b72800, 0x0000000026b40000, 0x0000000026d6a000, 0x000000002cdd5800,
0x000000002cdd4800, 0x000000002cdd4000, 0x0000000032b60000, 0x0000000032b5f000,
0x0000000032b64000, 0x0000000032b61800, 0x0000000032b62800, 0x0000000032b66800,
0x0000000032b61000, 0x0000000032b69000, 0x0000000032b65800, 0x0000000032b65000
}

Java Threads: ( => current thread )
  0x0000000002a36800 JavaThread "main" [_thread_blocked, id=22432, stack(0x00000000004e0000,0x00000000006e0000)]
  0x0000000024163000 JavaThread "Reference Handler" daemon [_thread_blocked, id=2972, stack(0x0000000025370000,0x0000000025570000)]
  0x000000002415b000 JavaThread "Finalizer" daemon [_thread_blocked, id=8440, stack(0x0000000025570000,0x0000000025770000)]
  0x0000000024de3800 JavaThread "Signal Dispatcher" daemon [_thread_blocked, id=16648, stack(0x0000000025890000,0x0000000025a90000)]
  0x0000000024de4000 JavaThread "Attach Listener" daemon [_thread_blocked, id=15492, stack(0x0000000025a90000,0x0000000025c90000)]
  0x000000002416a000 JavaThread "C2 CompilerThread0" daemon [_thread_blocked, id=18808, stack(0x0000000025c90000,0x0000000025e90000)]
  0x0000000024d9c800 JavaThread "C1 CompilerThread0" daemon [_thread_blocked, id=19444, stack(0x0000000025e90000,0x0000000026090000)]
  0x0000000024da0000 JavaThread "Sweeper thread" daemon [_thread_blocked, id=22524, stack(0x0000000026090000,0x0000000026290000)]
  0x0000000024f58000 JavaThread "Service Thread" daemon [_thread_blocked, id=21788, stack(0x0000000026290000,0x0000000026490000)]
  0x0000000024f49800 JavaThread "Common-Cleaner" daemon [_thread_blocked, id=4644, stack(0x0000000026690000,0x0000000026890000)]
  0x0000000026960000 JavaThread "JavaFX-Launcher" [_thread_blocked, id=18900, stack(0x0000000027090000,0x0000000027290000)]
=>0x0000000026a03000 JavaThread "QuantumRenderer-0" daemon [_thread_in_native, id=13460, stack(0x00000000274c0000,0x00000000276c0000)]
  0x0000000026b0b800 JavaThread "InvokeLaterDispatcher" daemon [_thread_blocked, id=22184, stack(0x0000000027950000,0x0000000027b50000)]
  0x0000000026b10800 JavaThread "JavaFX Application Thread" [_thread_in_native, id=13976, stack(0x0000000027b50000,0x0000000027d50000)]
  0x000000002708e800 JavaThread "Thread-2" daemon [_thread_in_native, id=16356, stack(0x000000002c4e0000,0x000000002c6e0000)]
  0x0000000026d71800 JavaThread "Java2D Disposer" daemon [_thread_blocked, id=23488, stack(0x000000002dc50000,0x000000002de50000)]
  0x0000000026b72800 JavaThread "AWT-Shutdown" [_thread_blocked, id=17160, stack(0x000000002de50000,0x000000002e050000)]
  0x0000000026b40000 JavaThread "AWT-Windows" daemon [_thread_in_native, id=15632, stack(0x000000002e050000,0x000000002e250000)]
  0x0000000026d6a000 JavaThread "Thread-3" [_thread_blocked, id=4868, stack(0x000000002e250000,0x000000002e450000)]
  0x000000002cdd5800 JavaThread "AWT-EventQueue-0" [_thread_blocked, id=13860, stack(0x0000000030690000,0x0000000030890000)]
  0x000000002cdd4800 JavaThread "TimerQueue" daemon [_thread_blocked, id=14364, stack(0x0000000033240000,0x0000000033440000)]
  0x000000002cdd4000 JavaThread "Prism Font Disposer" daemon [_thread_blocked, id=13456, stack(0x0000000035080000,0x0000000035280000)]
  0x0000000032b60000 JavaThread "SwingNode Disposer" daemon [_thread_blocked, id=10668, stack(0x0000000031490000,0x0000000031690000)]
  0x0000000032b5f000 JavaThread "Cleaner-0" daemon [_thread_blocked, id=17148, stack(0x0000000031690000,0x0000000031890000)]
  0x0000000032b64000 JavaThread "JDI Internal Event Handler" daemon [_thread_blocked, id=21096, stack(0x0000000030e90000,0x0000000031090000)]
  0x0000000032b61800 JavaThread "JDI Target VM Interface" daemon [_thread_in_native, id=16996, stack(0x0000000031090000,0x0000000031290000)]
  0x0000000032b62800 JavaThread "BlueJ I/O Handler" [_thread_in_native, id=4976, stack(0x0000000031890000,0x0000000031a90000)]
  0x0000000032b66800 JavaThread "BlueJ I/O Handler" [_thread_in_native, id=23052, stack(0x0000000036580000,0x0000000036780000)]
  0x0000000032b61000 JavaThread "BlueJ I/O Handler" [_thread_blocked, id=22180, stack(0x000000003ad60000,0x000000003af60000)]
  0x0000000032b69000 JavaThread "vm-event-handler" [_thread_blocked, id=18260, stack(0x000000003af60000,0x000000003b160000)]
  0x0000000032b65800 JavaThread "Disposer" daemon [_thread_blocked, id=14728, stack(0x0000000033440000,0x0000000033640000)]
  0x0000000032b65000 JavaThread "Hilo del compilador de BlueJ" [_thread_blocked, id=22560, stack(0x000000002c2e0000,0x000000002c4e0000)]

Other Threads:
  0x000000002414d800 VMThread "VM Thread" [stack: 0x0000000025170000,0x0000000025370000] [id=18104]
  0x0000000024f5b000 WatcherThread [stack: 0x0000000026490000,0x0000000026690000] [id=21960]
  0x0000000002a4d000 GCTaskThread "GC Thread#0" [stack: 0x0000000019f40000,0x000000001a140000] [id=12632]
  0x000000002c794800 GCTaskThread "GC Thread#1" [stack: 0x000000002e450000,0x000000002e650000] [id=18660]
  0x000000002c795800 GCTaskThread "GC Thread#2" [stack: 0x000000002e650000,0x000000002e850000] [id=19616]
  0x000000002ca7c000 GCTaskThread "GC Thread#3" [stack: 0x000000002e850000,0x000000002ea50000] [id=3912]
  0x0000000002a92000 ConcurrentGCThread "G1 Main Marker" [stack: 0x0000000021730000,0x0000000021930000] [id=17948]
  0x0000000002a94800 ConcurrentGCThread "G1 Conc#0" [stack: 0x0000000021930000,0x0000000021b30000] [id=18068]
  0x0000000002b1e000 ConcurrentGCThread "G1 Refine#0" [stack: 0x0000000024170000,0x0000000024370000] [id=16632]
  0x0000000023fb5800 ConcurrentGCThread "G1 Young RemSet Sampling" [stack: 0x0000000024370000,0x0000000024570000] [id=1020]

Threads with active compile tasks:

VM state:not at safepoint (normal execution)

VM Mutex/Monitor currently owned by a thread: None

Heap address: 0x0000000741a00000, size: 3046 MB, Compressed Oops mode: Zero based, Oop shift amount: 3
Narrow klass base: 0x0000000800000000, Narrow klass shift: 0
Compressed class space size: 1073741824 Address: 0x0000000800000000

Heap:
 garbage-first heap   total 284672K, used 109677K [0x0000000741a00000, 0x0000000800000000)
  region size 1024K, 20 young (20480K), 1 survivors (1024K)
 Metaspace       used 70355K, capacity 73175K, committed 74704K, reserved 1114112K
  class space    used 8996K, capacity 10177K, committed 10708K, reserved 1048576K
Heap Regions: E=young(eden), S=young(survivor), O=old, HS=humongous(starts), HC=humongous(continues), CS=collection set, F=free, A=archive, TAMS=top-at-mark-start (previous, next)
|   0|0x0000000741a00000, 0x0000000741b00000, 0x0000000741b00000|100%| O|  |TAMS 0x0000000741b00000, 0x0000000741a00000| Untracked 
|   1|0x0000000741b00000, 0x0000000741c00000, 0x0000000741c00000|100%| O|  |TAMS 0x0000000741c00000, 0x0000000741b00000| Untracked 
|   2|0x0000000741c00000, 0x0000000741d00000, 0x0000000741d00000|100%| O|  |TAMS 0x0000000741d00000, 0x0000000741c00000| Untracked 
|   3|0x0000000741d00000, 0x0000000741e00000, 0x0000000741e00000|100%| O|  |TAMS 0x0000000741e00000, 0x0000000741d00000| Untracked 
|   4|0x0000000741e00000, 0x0000000741f00000, 0x0000000741f00000|100%| O|  |TAMS 0x0000000741f00000, 0x0000000741e00000| Untracked 
|   5|0x0000000741f00000, 0x0000000742000000, 0x0000000742000000|100%| O|  |TAMS 0x0000000742000000, 0x0000000741f00000| Untracked 
|   6|0x0000000742000000, 0x0000000742100000, 0x0000000742100000|100%| O|  |TAMS 0x0000000742100000, 0x0000000742000000| Untracked 
|   7|0x0000000742100000, 0x0000000742200000, 0x0000000742200000|100%| O|  |TAMS 0x0000000742200000, 0x0000000742100000| Untracked 
|   8|0x0000000742200000, 0x0000000742300000, 0x0000000742300000|100%| O|  |TAMS 0x0000000742300000, 0x0000000742200000| Untracked 
|   9|0x0000000742300000, 0x0000000742400000, 0x0000000742400000|100%| O|  |TAMS 0x0000000742400000, 0x0000000742300000| Untracked 
|  10|0x0000000742400000, 0x0000000742500000, 0x0000000742500000|100%| O|  |TAMS 0x0000000742500000, 0x0000000742400000| Untracked 
|  11|0x0000000742500000, 0x0000000742600000, 0x0000000742600000|100%| O|  |TAMS 0x0000000742600000, 0x0000000742500000| Untracked 
|  12|0x0000000742600000, 0x0000000742700000, 0x0000000742700000|100%| O|  |TAMS 0x0000000742700000, 0x0000000742600000| Untracked 
|  13|0x0000000742700000, 0x0000000742800000, 0x0000000742800000|100%| O|  |TAMS 0x0000000742800000, 0x0000000742700000| Untracked 
|  14|0x0000000742800000, 0x0000000742900000, 0x0000000742900000|100%| O|  |TAMS 0x0000000742900000, 0x0000000742800000| Untracked 
|  15|0x0000000742900000, 0x0000000742a00000, 0x0000000742a00000|100%| O|  |TAMS 0x0000000742a00000, 0x0000000742900000| Untracked 
|  16|0x0000000742a00000, 0x0000000742b00000, 0x0000000742b00000|100%| O|  |TAMS 0x0000000742b00000, 0x0000000742a00000| Untracked 
|  17|0x0000000742b00000, 0x0000000742c00000, 0x0000000742c00000|100%| O|  |TAMS 0x0000000742c00000, 0x0000000742b00000| Untracked 
|  18|0x0000000742c00000, 0x0000000742d00000, 0x0000000742d00000|100%| O|  |TAMS 0x0000000742d00000, 0x0000000742c00000| Untracked 
|  19|0x0000000742d00000, 0x0000000742d16e00, 0x0000000742e00000|  8%| O|  |TAMS 0x0000000742d16e00, 0x0000000742d00000| Untracked 
|  20|0x0000000742e00000, 0x0000000742f00000, 0x0000000742f00000|100%| O|  |TAMS 0x0000000742f00000, 0x0000000742e00000| Untracked 
|  21|0x0000000742f00000, 0x0000000743000000, 0x0000000743000000|100%| O|  |TAMS 0x0000000743000000, 0x0000000742f00000| Untracked 
|  22|0x0000000743000000, 0x0000000743100000, 0x0000000743100000|100%| O|  |TAMS 0x0000000743100000, 0x0000000743000000| Untracked 
|  23|0x0000000743100000, 0x0000000743200000, 0x0000000743200000|100%| O|  |TAMS 0x0000000743200000, 0x0000000743100000| Untracked 
|  24|0x0000000743200000, 0x0000000743300000, 0x0000000743300000|100%| O|  |TAMS 0x0000000743300000, 0x0000000743200000| Untracked 
|  25|0x0000000743300000, 0x0000000743400000, 0x0000000743400000|100%| O|  |TAMS 0x0000000743400000, 0x0000000743300000| Untracked 
|  26|0x0000000743400000, 0x0000000743500000, 0x0000000743500000|100%| O|  |TAMS 0x0000000743500000, 0x0000000743400000| Untracked 
|  27|0x0000000743500000, 0x0000000743500000, 0x0000000743600000|  0%| F|  |TAMS 0x0000000743500000, 0x0000000743500000| Untracked 
|  28|0x0000000743600000, 0x0000000743700000, 0x0000000743700000|100%| O|  |TAMS 0x0000000743700000, 0x0000000743600000| Untracked 
|  29|0x0000000743700000, 0x0000000743800000, 0x0000000743800000|100%| O|  |TAMS 0x0000000743800000, 0x0000000743700000| Untracked 
|  30|0x0000000743800000, 0x0000000743900000, 0x0000000743900000|100%| O|  |TAMS 0x0000000743900000, 0x0000000743800000| Untracked 
|  31|0x0000000743900000, 0x0000000743a00000, 0x0000000743a00000|100%| O|  |TAMS 0x0000000743a00000, 0x0000000743900000| Untracked 
|  32|0x0000000743a00000, 0x0000000743b00000, 0x0000000743b00000|100%| O|  |TAMS 0x0000000743b00000, 0x0000000743a00000| Untracked 
|  33|0x0000000743b00000, 0x0000000743c00000, 0x0000000743c00000|100%| O|  |TAMS 0x0000000743c00000, 0x0000000743b00000| Untracked 
|  34|0x0000000743c00000, 0x0000000743d00000, 0x0000000743d00000|100%| O|  |TAMS 0x0000000743d00000, 0x0000000743c00000| Untracked 
|  35|0x0000000743d00000, 0x0000000743e00000, 0x0000000743e00000|100%| O|  |TAMS 0x0000000743e00000, 0x0000000743d00000| Untracked 
|  36|0x0000000743e00000, 0x0000000743f00000, 0x0000000743f00000|100%| O|  |TAMS 0x0000000743f00000, 0x0000000743e00000| Untracked 
|  37|0x0000000743f00000, 0x0000000744000000, 0x0000000744000000|100%| O|  |TAMS 0x0000000744000000, 0x0000000743f00000| Untracked 
|  38|0x0000000744000000, 0x0000000744100000, 0x0000000744100000|100%| O|  |TAMS 0x0000000744100000, 0x0000000744000000| Untracked 
|  39|0x0000000744100000, 0x0000000744200000, 0x0000000744200000|100%| O|  |TAMS 0x0000000744200000, 0x0000000744100000| Untracked 
|  40|0x0000000744200000, 0x0000000744300000, 0x0000000744300000|100%| O|  |TAMS 0x0000000744300000, 0x0000000744200000| Untracked 
|  41|0x0000000744300000, 0x0000000744400000, 0x0000000744400000|100%| O|  |TAMS 0x0000000744400000, 0x0000000744300000| Untracked 
|  42|0x0000000744400000, 0x0000000744500000, 0x0000000744500000|100%| O|  |TAMS 0x0000000744500000, 0x0000000744400000| Untracked 
|  43|0x0000000744500000, 0x0000000744500000, 0x0000000744600000|  0%| F|  |TAMS 0x0000000744500000, 0x0000000744500000| Untracked 
|  44|0x0000000744600000, 0x0000000744700000, 0x0000000744700000|100%| O|  |TAMS 0x0000000744700000, 0x0000000744600000| Untracked 
|  45|0x0000000744700000, 0x0000000744800000, 0x0000000744800000|100%| O|  |TAMS 0x0000000744800000, 0x0000000744700000| Untracked 
|  46|0x0000000744800000, 0x0000000744900000, 0x0000000744900000|100%| O|  |TAMS 0x0000000744900000, 0x0000000744800000| Untracked 
|  47|0x0000000744900000, 0x0000000744a00000, 0x0000000744a00000|100%| O|  |TAMS 0x0000000744a00000, 0x0000000744900000| Untracked 
|  48|0x0000000744a00000, 0x0000000744b00000, 0x0000000744b00000|100%| O|  |TAMS 0x0000000744b00000, 0x0000000744a00000| Untracked 
|  49|0x0000000744b00000, 0x0000000744c00000, 0x0000000744c00000|100%| O|  |TAMS 0x0000000744c00000, 0x0000000744b00000| Untracked 
|  50|0x0000000744c00000, 0x0000000744d00000, 0x0000000744d00000|100%| O|  |TAMS 0x0000000744d00000, 0x0000000744c00000| Untracked 
|  51|0x0000000744d00000, 0x0000000744e00000, 0x0000000744e00000|100%| O|  |TAMS 0x0000000744e00000, 0x0000000744d00000| Untracked 
|  52|0x0000000744e00000, 0x0000000744f00000, 0x0000000744f00000|100%| O|  |TAMS 0x0000000744f00000, 0x0000000744e00000| Untracked 
|  53|0x0000000744f00000, 0x0000000745000000, 0x0000000745000000|100%| O|  |TAMS 0x0000000745000000, 0x0000000744f00000| Untracked 
|  54|0x0000000745000000, 0x0000000745100000, 0x0000000745100000|100%| O|  |TAMS 0x0000000745100000, 0x0000000745000000| Untracked 
|  55|0x0000000745100000, 0x0000000745200000, 0x0000000745200000|100%| O|  |TAMS 0x0000000745200000, 0x0000000745100000| Untracked 
|  56|0x0000000745200000, 0x0000000745300000, 0x0000000745300000|100%| O|  |TAMS 0x0000000745300000, 0x0000000745200000| Untracked 
|  57|0x0000000745300000, 0x0000000745400000, 0x0000000745400000|100%| O|  |TAMS 0x0000000745400000, 0x0000000745300000| Untracked 
|  58|0x0000000745400000, 0x0000000745400000, 0x0000000745500000|  0%| F|  |TAMS 0x0000000745400000, 0x0000000745400000| Untracked 
|  59|0x0000000745500000, 0x0000000745500000, 0x0000000745600000|  0%| F|  |TAMS 0x0000000745500000, 0x0000000745500000| Untracked 
|  60|0x0000000745600000, 0x0000000745600000, 0x0000000745700000|  0%| F|  |TAMS 0x0000000745600000, 0x0000000745600000| Untracked 
|  61|0x0000000745700000, 0x0000000745800000, 0x0000000745800000|100%| O|  |TAMS 0x0000000745800000, 0x0000000745700000| Untracked 
|  62|0x0000000745800000, 0x0000000745900000, 0x0000000745900000|100%| O|  |TAMS 0x0000000745900000, 0x0000000745800000| Untracked 
|  63|0x0000000745900000, 0x0000000745a00000, 0x0000000745a00000|100%| O|  |TAMS 0x0000000745a00000, 0x0000000745900000| Untracked 
|  64|0x0000000745a00000, 0x0000000745a00000, 0x0000000745b00000|  0%| F|  |TAMS 0x0000000745a00000, 0x0000000745a00000| Untracked 
|  65|0x0000000745b00000, 0x0000000745b00000, 0x0000000745c00000|  0%| F|  |TAMS 0x0000000745b00000, 0x0000000745b00000| Untracked 
|  66|0x0000000745c00000, 0x0000000745c00000, 0x0000000745d00000|  0%| F|  |TAMS 0x0000000745c00000, 0x0000000745c00000| Untracked 
|  67|0x0000000745d00000, 0x0000000745e00000, 0x0000000745e00000|100%|HS|  |TAMS 0x0000000745e00000, 0x0000000745d00000| Complete 
|  68|0x0000000745e00000, 0x0000000745f00000, 0x0000000745f00000|100%|HC|  |TAMS 0x0000000745f00000, 0x0000000745e00000| Complete 
|  69|0x0000000745f00000, 0x0000000745f00000, 0x0000000746000000|  0%| F|  |TAMS 0x0000000745f00000, 0x0000000745f00000| Untracked 
|  70|0x0000000746000000, 0x0000000746100000, 0x0000000746100000|100%| O|  |TAMS 0x0000000746100000, 0x0000000746000000| Untracked 
|  71|0x0000000746100000, 0x0000000746100000, 0x0000000746200000|  0%| F|  |TAMS 0x0000000746100000, 0x0000000746100000| Untracked 
|  72|0x0000000746200000, 0x0000000746300000, 0x0000000746300000|100%| O|  |TAMS 0x0000000746300000, 0x0000000746200000| Untracked 
|  73|0x0000000746300000, 0x0000000746300000, 0x0000000746400000|  0%| F|  |TAMS 0x0000000746300000, 0x0000000746300000| Untracked 
|  74|0x0000000746400000, 0x0000000746400000, 0x0000000746500000|  0%| F|  |TAMS 0x0000000746400000, 0x0000000746400000| Untracked 
|  75|0x0000000746500000, 0x0000000746500000, 0x0000000746600000|  0%| F|  |TAMS 0x0000000746500000, 0x0000000746500000| Untracked 
|  76|0x0000000746600000, 0x0000000746700000, 0x0000000746700000|100%| O|  |TAMS 0x0000000746700000, 0x0000000746600000| Untracked 
|  77|0x0000000746700000, 0x0000000746700000, 0x0000000746800000|  0%| F|  |TAMS 0x0000000746700000, 0x0000000746700000| Untracked 
|  78|0x0000000746800000, 0x0000000746800000, 0x0000000746900000|  0%| F|  |TAMS 0x0000000746800000, 0x0000000746800000| Untracked 
|  79|0x0000000746900000, 0x0000000746a00000, 0x0000000746a00000|100%| O|  |TAMS 0x0000000746a00000, 0x0000000746900000| Untracked 
|  80|0x0000000746a00000, 0x0000000746a00000, 0x0000000746b00000|  0%| F|  |TAMS 0x0000000746a00000, 0x0000000746a00000| Untracked 
|  81|0x0000000746b00000, 0x0000000746b00000, 0x0000000746c00000|  0%| F|  |TAMS 0x0000000746b00000, 0x0000000746b00000| Untracked 
|  82|0x0000000746c00000, 0x0000000746c00000, 0x0000000746d00000|  0%| F|  |TAMS 0x0000000746c00000, 0x0000000746c00000| Untracked 
|  83|0x0000000746d00000, 0x0000000746e00000, 0x0000000746e00000|100%| O|  |TAMS 0x0000000746e00000, 0x0000000746d00000| Untracked 
|  84|0x0000000746e00000, 0x0000000746f00000, 0x0000000746f00000|100%| O|  |TAMS 0x0000000746f00000, 0x0000000746e00000| Untracked 
|  85|0x0000000746f00000, 0x0000000747000000, 0x0000000747000000|100%| O|  |TAMS 0x0000000747000000, 0x0000000746f00000| Untracked 
|  86|0x0000000747000000, 0x0000000747000000, 0x0000000747100000|  0%| F|  |TAMS 0x0000000747000000, 0x0000000747000000| Untracked 
|  87|0x0000000747100000, 0x0000000747100000, 0x0000000747200000|  0%| F|  |TAMS 0x0000000747100000, 0x0000000747100000| Untracked 
|  88|0x0000000747200000, 0x0000000747200000, 0x0000000747300000|  0%| F|  |TAMS 0x0000000747200000, 0x0000000747200000| Untracked 
|  89|0x0000000747300000, 0x0000000747300000, 0x0000000747400000|  0%| F|  |TAMS 0x0000000747300000, 0x0000000747300000| Untracked 
|  90|0x0000000747400000, 0x0000000747400000, 0x0000000747500000|  0%| F|  |TAMS 0x0000000747400000, 0x0000000747400000| Untracked 
|  91|0x0000000747500000, 0x0000000747500000, 0x0000000747600000|  0%| F|  |TAMS 0x0000000747500000, 0x0000000747500000| Untracked 
|  92|0x0000000747600000, 0x0000000747600000, 0x0000000747700000|  0%| F|  |TAMS 0x0000000747600000, 0x0000000747600000| Untracked 
|  93|0x0000000747700000, 0x0000000747700000, 0x0000000747800000|  0%| F|  |TAMS 0x0000000747700000, 0x0000000747700000| Untracked 
|  94|0x0000000747800000, 0x0000000747800000, 0x0000000747900000|  0%| F|  |TAMS 0x0000000747800000, 0x0000000747800000| Untracked 
|  95|0x0000000747900000, 0x0000000747900000, 0x0000000747a00000|  0%| F|  |TAMS 0x0000000747900000, 0x0000000747900000| Untracked 
|  96|0x0000000747a00000, 0x0000000747a00000, 0x0000000747b00000|  0%| F|  |TAMS 0x0000000747a00000, 0x0000000747a00000| Untracked 
|  97|0x0000000747b00000, 0x0000000747b00000, 0x0000000747c00000|  0%| F|  |TAMS 0x0000000747b00000, 0x0000000747b00000| Untracked 
|  98|0x0000000747c00000, 0x0000000747c00000, 0x0000000747d00000|  0%| F|  |TAMS 0x0000000747c00000, 0x0000000747c00000| Untracked 
|  99|0x0000000747d00000, 0x0000000747d00000, 0x0000000747e00000|  0%| F|  |TAMS 0x0000000747d00000, 0x0000000747d00000| Untracked 
| 100|0x0000000747e00000, 0x0000000747e00000, 0x0000000747f00000|  0%| F|  |TAMS 0x0000000747e00000, 0x0000000747e00000| Untracked 
| 101|0x0000000747f00000, 0x0000000747f00000, 0x0000000748000000|  0%| F|  |TAMS 0x0000000747f00000, 0x0000000747f00000| Untracked 
| 102|0x0000000748000000, 0x0000000748000000, 0x0000000748100000|  0%| F|  |TAMS 0x0000000748000000, 0x0000000748000000| Untracked 
| 103|0x0000000748100000, 0x0000000748100000, 0x0000000748200000|  0%| F|  |TAMS 0x0000000748100000, 0x0000000748100000| Untracked 
| 104|0x0000000748200000, 0x0000000748200000, 0x0000000748300000|  0%| F|  |TAMS 0x0000000748200000, 0x0000000748200000| Untracked 
| 105|0x0000000748300000, 0x0000000748300000, 0x0000000748400000|  0%| F|  |TAMS 0x0000000748300000, 0x0000000748300000| Untracked 
| 106|0x0000000748400000, 0x0000000748400000, 0x0000000748500000|  0%| F|  |TAMS 0x0000000748400000, 0x0000000748400000| Untracked 
| 107|0x0000000748500000, 0x0000000748500000, 0x0000000748600000|  0%| F|  |TAMS 0x0000000748500000, 0x0000000748500000| Untracked 
| 108|0x0000000748600000, 0x0000000748600000, 0x0000000748700000|  0%| F|  |TAMS 0x0000000748600000, 0x0000000748600000| Untracked 
| 109|0x0000000748700000, 0x0000000748700000, 0x0000000748800000|  0%| F|  |TAMS 0x0000000748700000, 0x0000000748700000| Untracked 
| 110|0x0000000748800000, 0x0000000748800000, 0x0000000748900000|  0%| F|  |TAMS 0x0000000748800000, 0x0000000748800000| Untracked 
| 111|0x0000000748900000, 0x0000000748900000, 0x0000000748a00000|  0%| F|  |TAMS 0x0000000748900000, 0x0000000748900000| Untracked 
| 112|0x0000000748a00000, 0x0000000748a00000, 0x0000000748b00000|  0%| F|  |TAMS 0x0000000748a00000, 0x0000000748a00000| Untracked 
| 113|0x0000000748b00000, 0x0000000748b00000, 0x0000000748c00000|  0%| F|  |TAMS 0x0000000748b00000, 0x0000000748b00000| Untracked 
| 114|0x0000000748c00000, 0x0000000748c00000, 0x0000000748d00000|  0%| F|  |TAMS 0x0000000748c00000, 0x0000000748c00000| Untracked 
| 115|0x0000000748d00000, 0x0000000748d00000, 0x0000000748e00000|  0%| F|  |TAMS 0x0000000748d00000, 0x0000000748d00000| Untracked 
| 116|0x0000000748e00000, 0x0000000748e00000, 0x0000000748f00000|  0%| F|  |TAMS 0x0000000748e00000, 0x0000000748e00000| Untracked 
| 117|0x0000000748f00000, 0x0000000748f00000, 0x0000000749000000|  0%| F|  |TAMS 0x0000000748f00000, 0x0000000748f00000| Untracked 
| 118|0x0000000749000000, 0x0000000749000000, 0x0000000749100000|  0%| F|  |TAMS 0x0000000749000000, 0x0000000749000000| Untracked 
| 119|0x0000000749100000, 0x0000000749200000, 0x0000000749200000|100%| O|  |TAMS 0x0000000749200000, 0x0000000749100000| Untracked 
| 120|0x0000000749200000, 0x0000000749200000, 0x0000000749300000|  0%| F|  |TAMS 0x0000000749200000, 0x0000000749200000| Untracked 
| 121|0x0000000749300000, 0x0000000749300000, 0x0000000749400000|  0%| F|  |TAMS 0x0000000749300000, 0x0000000749300000| Untracked 
| 122|0x0000000749400000, 0x0000000749500000, 0x0000000749500000|100%| O|  |TAMS 0x0000000749500000, 0x0000000749400000| Untracked 
| 123|0x0000000749500000, 0x0000000749500000, 0x0000000749600000|  0%| F|  |TAMS 0x0000000749500000, 0x0000000749500000| Untracked 
| 124|0x0000000749600000, 0x0000000749700000, 0x0000000749700000|100%| O|  |TAMS 0x0000000749700000, 0x0000000749600000| Untracked 
| 125|0x0000000749700000, 0x0000000749700000, 0x0000000749800000|  0%| F|  |TAMS 0x0000000749700000, 0x0000000749700000| Untracked 
| 126|0x0000000749800000, 0x0000000749800000, 0x0000000749900000|  0%| F|  |TAMS 0x0000000749800000, 0x0000000749800000| Untracked 
| 127|0x0000000749900000, 0x0000000749a00000, 0x0000000749a00000|100%| O|  |TAMS 0x0000000749a00000, 0x0000000749900000| Untracked 
| 128|0x0000000749a00000, 0x0000000749b00000, 0x0000000749b00000|100%| O|  |TAMS 0x0000000749b00000, 0x0000000749a00000| Untracked 
| 129|0x0000000749b00000, 0x0000000749c00000, 0x0000000749c00000|100%| O|  |TAMS 0x0000000749c00000, 0x0000000749b00000| Untracked 
| 130|0x0000000749c00000, 0x0000000749c00000, 0x0000000749d00000|  0%| F|  |TAMS 0x0000000749c00000, 0x0000000749c00000| Untracked 
| 131|0x0000000749d00000, 0x0000000749d00000, 0x0000000749e00000|  0%| F|  |TAMS 0x0000000749d00000, 0x0000000749d00000| Untracked 
| 132|0x0000000749e00000, 0x0000000749e00000, 0x0000000749f00000|  0%| F|  |TAMS 0x0000000749e00000, 0x0000000749e00000| Untracked 
| 133|0x0000000749f00000, 0x0000000749f00000, 0x000000074a000000|  0%| F|  |TAMS 0x0000000749f00000, 0x0000000749f00000| Untracked 
| 134|0x000000074a000000, 0x000000074a000000, 0x000000074a100000|  0%| F|  |TAMS 0x000000074a000000, 0x000000074a000000| Untracked 
| 135|0x000000074a100000, 0x000000074a100000, 0x000000074a200000|  0%| F|  |TAMS 0x000000074a100000, 0x000000074a100000| Untracked 
| 136|0x000000074a200000, 0x000000074a200000, 0x000000074a300000|  0%| F|  |TAMS 0x000000074a200000, 0x000000074a200000| Untracked 
| 137|0x000000074a300000, 0x000000074a300000, 0x000000074a400000|  0%| F|  |TAMS 0x000000074a300000, 0x000000074a300000| Untracked 
| 138|0x000000074a400000, 0x000000074a500000, 0x000000074a500000|100%| O|  |TAMS 0x000000074a500000, 0x000000074a400000| Untracked 
| 139|0x000000074a500000, 0x000000074a600000, 0x000000074a600000|100%| O|  |TAMS 0x000000074a600000, 0x000000074a500000| Untracked 
| 140|0x000000074a600000, 0x000000074a600000, 0x000000074a700000|  0%| F|  |TAMS 0x000000074a600000, 0x000000074a600000| Untracked 
| 141|0x000000074a700000, 0x000000074a700000, 0x000000074a800000|  0%| F|  |TAMS 0x000000074a700000, 0x000000074a700000| Untracked 
| 142|0x000000074a800000, 0x000000074a900000, 0x000000074a900000|100%| O|  |TAMS 0x000000074a900000, 0x000000074a800000| Untracked 
| 143|0x000000074a900000, 0x000000074aa00000, 0x000000074aa00000|100%| O|  |TAMS 0x000000074aa00000, 0x000000074a900000| Untracked 
| 144|0x000000074aa00000, 0x000000074ab00000, 0x000000074ab00000|100%| O|  |TAMS 0x000000074ab00000, 0x000000074aa00000| Untracked 
| 145|0x000000074ab00000, 0x000000074ac00000, 0x000000074ac00000|100%| O|  |TAMS 0x000000074ac00000, 0x000000074ab00000| Untracked 
| 146|0x000000074ac00000, 0x000000074ad00000, 0x000000074ad00000|100%| O|  |TAMS 0x000000074ad00000, 0x000000074ac00000| Untracked 
| 147|0x000000074ad00000, 0x000000074ae00000, 0x000000074ae00000|100%| O|  |TAMS 0x000000074ae00000, 0x000000074ad00000| Untracked 
| 148|0x000000074ae00000, 0x000000074af00000, 0x000000074af00000|100%| O|  |TAMS 0x000000074af00000, 0x000000074ae00000| Untracked 
| 149|0x000000074af00000, 0x000000074b000000, 0x000000074b000000|100%| O|  |TAMS 0x000000074b000000, 0x000000074af00000| Untracked 
| 150|0x000000074b000000, 0x000000074b100000, 0x000000074b100000|100%| O|  |TAMS 0x000000074b100000, 0x000000074b000000| Untracked 
| 151|0x000000074b100000, 0x000000074b200000, 0x000000074b200000|100%| O|  |TAMS 0x000000074b200000, 0x000000074b100000| Untracked 
| 152|0x000000074b200000, 0x000000074b300000, 0x000000074b300000|100%| O|  |TAMS 0x000000074b300000, 0x000000074b200000| Untracked 
| 153|0x000000074b300000, 0x000000074b400000, 0x000000074b400000|100%| O|  |TAMS 0x000000074b400000, 0x000000074b300000| Untracked 
| 154|0x000000074b400000, 0x000000074b400000, 0x000000074b500000|  0%| F|  |TAMS 0x000000074b400000, 0x000000074b400000| Untracked 
| 155|0x000000074b500000, 0x000000074b500000, 0x000000074b600000|  0%| F|  |TAMS 0x000000074b500000, 0x000000074b500000| Untracked 
| 156|0x000000074b600000, 0x000000074b600000, 0x000000074b700000|  0%| F|  |TAMS 0x000000074b600000, 0x000000074b600000| Untracked 
| 157|0x000000074b700000, 0x000000074b700000, 0x000000074b800000|  0%| F|  |TAMS 0x000000074b700000, 0x000000074b700000| Untracked 
| 158|0x000000074b800000, 0x000000074b800000, 0x000000074b900000|  0%| F|  |TAMS 0x000000074b800000, 0x000000074b800000| Untracked 
| 159|0x000000074b900000, 0x000000074ba00000, 0x000000074ba00000|100%| O|  |TAMS 0x000000074ba00000, 0x000000074b900000| Untracked 
| 160|0x000000074ba00000, 0x000000074bb00000, 0x000000074bb00000|100%| O|  |TAMS 0x000000074bb00000, 0x000000074ba00000| Untracked 
| 161|0x000000074bb00000, 0x000000074bb00000, 0x000000074bc00000|  0%| F|  |TAMS 0x000000074bb00000, 0x000000074bb00000| Untracked 
| 162|0x000000074bc00000, 0x000000074bc00000, 0x000000074bd00000|  0%| F|  |TAMS 0x000000074bc00000, 0x000000074bc00000| Untracked 
| 163|0x000000074bd00000, 0x000000074bd00000, 0x000000074be00000|  0%| F|  |TAMS 0x000000074bd00000, 0x000000074bd00000| Untracked 
| 164|0x000000074be00000, 0x000000074be00000, 0x000000074bf00000|  0%| F|  |TAMS 0x000000074be00000, 0x000000074be00000| Untracked 
| 165|0x000000074bf00000, 0x000000074bf00000, 0x000000074c000000|  0%| F|  |TAMS 0x000000074bf00000, 0x000000074bf00000| Untracked 
| 166|0x000000074c000000, 0x000000074c000000, 0x000000074c100000|  0%| F|  |TAMS 0x000000074c000000, 0x000000074c000000| Untracked 
| 167|0x000000074c100000, 0x000000074c100000, 0x000000074c200000|  0%| F|  |TAMS 0x000000074c100000, 0x000000074c100000| Untracked 
| 168|0x000000074c200000, 0x000000074c200000, 0x000000074c300000|  0%| F|  |TAMS 0x000000074c200000, 0x000000074c200000| Untracked 
| 169|0x000000074c300000, 0x000000074c300000, 0x000000074c400000|  0%| F|  |TAMS 0x000000074c300000, 0x000000074c300000| Untracked 
| 170|0x000000074c400000, 0x000000074c400000, 0x000000074c500000|  0%| F|  |TAMS 0x000000074c400000, 0x000000074c400000| Untracked 
| 171|0x000000074c500000, 0x000000074c500000, 0x000000074c600000|  0%| F|  |TAMS 0x000000074c500000, 0x000000074c500000| Untracked 
| 172|0x000000074c600000, 0x000000074c604890, 0x000000074c700000|  1%| S|CS|TAMS 0x000000074c600000, 0x000000074c600000| Complete 
| 173|0x000000074c700000, 0x000000074c700000, 0x000000074c800000|  0%| F|  |TAMS 0x000000074c700000, 0x000000074c700000| Untracked 
| 174|0x000000074c800000, 0x000000074c800000, 0x000000074c900000|  0%| F|  |TAMS 0x000000074c800000, 0x000000074c800000| Untracked 
| 175|0x000000074c900000, 0x000000074c900000, 0x000000074ca00000|  0%| F|  |TAMS 0x000000074c900000, 0x000000074c900000| Untracked 
| 176|0x000000074ca00000, 0x000000074ca00000, 0x000000074cb00000|  0%| F|  |TAMS 0x000000074ca00000, 0x000000074ca00000| Untracked 
| 177|0x000000074cb00000, 0x000000074cb00000, 0x000000074cc00000|  0%| F|  |TAMS 0x000000074cb00000, 0x000000074cb00000| Untracked 
| 178|0x000000074cc00000, 0x000000074cc00000, 0x000000074cd00000|  0%| F|  |TAMS 0x000000074cc00000, 0x000000074cc00000| Untracked 
| 179|0x000000074cd00000, 0x000000074cd00000, 0x000000074ce00000|  0%| F|  |TAMS 0x000000074cd00000, 0x000000074cd00000| Untracked 
| 180|0x000000074ce00000, 0x000000074ce00000, 0x000000074cf00000|  0%| F|  |TAMS 0x000000074ce00000, 0x000000074ce00000| Untracked 
| 181|0x000000074cf00000, 0x000000074cf00000, 0x000000074d000000|  0%| F|  |TAMS 0x000000074cf00000, 0x000000074cf00000| Untracked 
| 182|0x000000074d000000, 0x000000074d000000, 0x000000074d100000|  0%| F|  |TAMS 0x000000074d000000, 0x000000074d000000| Untracked 
| 183|0x000000074d100000, 0x000000074d100000, 0x000000074d200000|  0%| F|  |TAMS 0x000000074d100000, 0x000000074d100000| Untracked 
| 184|0x000000074d200000, 0x000000074d200000, 0x000000074d300000|  0%| F|  |TAMS 0x000000074d200000, 0x000000074d200000| Untracked 
| 185|0x000000074d300000, 0x000000074d300000, 0x000000074d400000|  0%| F|  |TAMS 0x000000074d300000, 0x000000074d300000| Untracked 
| 186|0x000000074d400000, 0x000000074d400000, 0x000000074d500000|  0%| F|  |TAMS 0x000000074d400000, 0x000000074d400000| Untracked 
| 187|0x000000074d500000, 0x000000074d500000, 0x000000074d600000|  0%| F|  |TAMS 0x000000074d500000, 0x000000074d500000| Untracked 
| 188|0x000000074d600000, 0x000000074d600000, 0x000000074d700000|  0%| F|  |TAMS 0x000000074d600000, 0x000000074d600000| Untracked 
| 189|0x000000074d700000, 0x000000074d700000, 0x000000074d800000|  0%| F|  |TAMS 0x000000074d700000, 0x000000074d700000| Untracked 
| 190|0x000000074d800000, 0x000000074d800000, 0x000000074d900000|  0%| F|  |TAMS 0x000000074d800000, 0x000000074d800000| Untracked 
| 191|0x000000074d900000, 0x000000074d900000, 0x000000074da00000|  0%| F|  |TAMS 0x000000074d900000, 0x000000074d900000| Untracked 
| 192|0x000000074da00000, 0x000000074da00000, 0x000000074db00000|  0%| F|  |TAMS 0x000000074da00000, 0x000000074da00000| Untracked 
| 193|0x000000074db00000, 0x000000074db00000, 0x000000074dc00000|  0%| F|  |TAMS 0x000000074db00000, 0x000000074db00000| Untracked 
| 194|0x000000074dc00000, 0x000000074dc00000, 0x000000074dd00000|  0%| F|  |TAMS 0x000000074dc00000, 0x000000074dc00000| Untracked 
| 195|0x000000074dd00000, 0x000000074dd00000, 0x000000074de00000|  0%| F|  |TAMS 0x000000074dd00000, 0x000000074dd00000| Untracked 
| 196|0x000000074de00000, 0x000000074de00000, 0x000000074df00000|  0%| F|  |TAMS 0x000000074de00000, 0x000000074de00000| Untracked 
| 197|0x000000074df00000, 0x000000074df00000, 0x000000074e000000|  0%| F|  |TAMS 0x000000074df00000, 0x000000074df00000| Untracked 
| 198|0x000000074e000000, 0x000000074e000000, 0x000000074e100000|  0%| F|  |TAMS 0x000000074e000000, 0x000000074e000000| Untracked 
| 199|0x000000074e100000, 0x000000074e100000, 0x000000074e200000|  0%| F|  |TAMS 0x000000074e100000, 0x000000074e100000| Untracked 
| 200|0x000000074e200000, 0x000000074e200000, 0x000000074e300000|  0%| F|  |TAMS 0x000000074e200000, 0x000000074e200000| Untracked 
| 201|0x000000074e300000, 0x000000074e300000, 0x000000074e400000|  0%| F|  |TAMS 0x000000074e300000, 0x000000074e300000| Untracked 
| 202|0x000000074e400000, 0x000000074e400000, 0x000000074e500000|  0%| F|  |TAMS 0x000000074e400000, 0x000000074e400000| Untracked 
| 203|0x000000074e500000, 0x000000074e500000, 0x000000074e600000|  0%| F|  |TAMS 0x000000074e500000, 0x000000074e500000| Untracked 
| 204|0x000000074e600000, 0x000000074e600000, 0x000000074e700000|  0%| F|  |TAMS 0x000000074e600000, 0x000000074e600000| Untracked 
| 205|0x000000074e700000, 0x000000074e700000, 0x000000074e800000|  0%| F|  |TAMS 0x000000074e700000, 0x000000074e700000| Untracked 
| 206|0x000000074e800000, 0x000000074e800000, 0x000000074e900000|  0%| F|  |TAMS 0x000000074e800000, 0x000000074e800000| Untracked 
| 207|0x000000074e900000, 0x000000074e900000, 0x000000074ea00000|  0%| F|  |TAMS 0x000000074e900000, 0x000000074e900000| Untracked 
| 208|0x000000074ea00000, 0x000000074ea00000, 0x000000074eb00000|  0%| F|  |TAMS 0x000000074ea00000, 0x000000074ea00000| Untracked 
| 209|0x000000074eb00000, 0x000000074eb00000, 0x000000074ec00000|  0%| F|  |TAMS 0x000000074eb00000, 0x000000074eb00000| Untracked 
| 210|0x000000074ec00000, 0x000000074ec00000, 0x000000074ed00000|  0%| F|  |TAMS 0x000000074ec00000, 0x000000074ec00000| Untracked 
| 211|0x000000074ed00000, 0x000000074ed00000, 0x000000074ee00000|  0%| F|  |TAMS 0x000000074ed00000, 0x000000074ed00000| Untracked 
| 212|0x000000074ee00000, 0x000000074ee00000, 0x000000074ef00000|  0%| F|  |TAMS 0x000000074ee00000, 0x000000074ee00000| Untracked 
| 213|0x000000074ef00000, 0x000000074ef00000, 0x000000074f000000|  0%| F|  |TAMS 0x000000074ef00000, 0x000000074ef00000| Untracked 
| 214|0x000000074f000000, 0x000000074f000000, 0x000000074f100000|  0%| F|  |TAMS 0x000000074f000000, 0x000000074f000000| Untracked 
| 215|0x000000074f100000, 0x000000074f100000, 0x000000074f200000|  0%| F|  |TAMS 0x000000074f100000, 0x000000074f100000| Untracked 
| 216|0x000000074f200000, 0x000000074f200000, 0x000000074f300000|  0%| F|  |TAMS 0x000000074f200000, 0x000000074f200000| Untracked 
| 217|0x000000074f300000, 0x000000074f300000, 0x000000074f400000|  0%| F|  |TAMS 0x000000074f300000, 0x000000074f300000| Untracked 
| 218|0x000000074f400000, 0x000000074f400000, 0x000000074f500000|  0%| F|  |TAMS 0x000000074f400000, 0x000000074f400000| Untracked 
| 219|0x000000074f500000, 0x000000074f500000, 0x000000074f600000|  0%| F|  |TAMS 0x000000074f500000, 0x000000074f500000| Untracked 
| 220|0x000000074f600000, 0x000000074f600000, 0x000000074f700000|  0%| F|  |TAMS 0x000000074f600000, 0x000000074f600000| Untracked 
| 221|0x000000074f700000, 0x000000074f700000, 0x000000074f800000|  0%| F|  |TAMS 0x000000074f700000, 0x000000074f700000| Untracked 
| 222|0x000000074f800000, 0x000000074f800000, 0x000000074f900000|  0%| F|  |TAMS 0x000000074f800000, 0x000000074f800000| Untracked 
| 223|0x000000074f900000, 0x000000074f900000, 0x000000074fa00000|  0%| F|  |TAMS 0x000000074f900000, 0x000000074f900000| Untracked 
| 224|0x000000074fa00000, 0x000000074fa00000, 0x000000074fb00000|  0%| F|  |TAMS 0x000000074fa00000, 0x000000074fa00000| Untracked 
| 225|0x000000074fb00000, 0x000000074fb00000, 0x000000074fc00000|  0%| F|  |TAMS 0x000000074fb00000, 0x000000074fb00000| Untracked 
| 226|0x000000074fc00000, 0x000000074fc00000, 0x000000074fd00000|  0%| F|  |TAMS 0x000000074fc00000, 0x000000074fc00000| Untracked 
| 227|0x000000074fd00000, 0x000000074fd00000, 0x000000074fe00000|  0%| F|  |TAMS 0x000000074fd00000, 0x000000074fd00000| Untracked 
| 228|0x000000074fe00000, 0x000000074fe00000, 0x000000074ff00000|  0%| F|  |TAMS 0x000000074fe00000, 0x000000074fe00000| Untracked 
| 229|0x000000074ff00000, 0x000000074ff00000, 0x0000000750000000|  0%| F|  |TAMS 0x000000074ff00000, 0x000000074ff00000| Untracked 
| 230|0x0000000750000000, 0x0000000750000000, 0x0000000750100000|  0%| F|  |TAMS 0x0000000750000000, 0x0000000750000000| Untracked 
| 231|0x0000000750100000, 0x0000000750100000, 0x0000000750200000|  0%| F|  |TAMS 0x0000000750100000, 0x0000000750100000| Untracked 
| 232|0x0000000750200000, 0x0000000750200000, 0x0000000750300000|  0%| F|  |TAMS 0x0000000750200000, 0x0000000750200000| Untracked 
| 233|0x0000000750300000, 0x0000000750300000, 0x0000000750400000|  0%| F|  |TAMS 0x0000000750300000, 0x0000000750300000| Untracked 
| 234|0x0000000750400000, 0x0000000750400000, 0x0000000750500000|  0%| F|  |TAMS 0x0000000750400000, 0x0000000750400000| Untracked 
| 235|0x0000000750500000, 0x0000000750500000, 0x0000000750600000|  0%| F|  |TAMS 0x0000000750500000, 0x0000000750500000| Untracked 
| 236|0x0000000750600000, 0x0000000750600000, 0x0000000750700000|  0%| F|  |TAMS 0x0000000750600000, 0x0000000750600000| Untracked 
| 237|0x0000000750700000, 0x0000000750700000, 0x0000000750800000|  0%| F|  |TAMS 0x0000000750700000, 0x0000000750700000| Untracked 
| 238|0x0000000750800000, 0x0000000750800000, 0x0000000750900000|  0%| F|  |TAMS 0x0000000750800000, 0x0000000750800000| Untracked 
| 239|0x0000000750900000, 0x0000000750900000, 0x0000000750a00000|  0%| F|  |TAMS 0x0000000750900000, 0x0000000750900000| Untracked 
| 240|0x0000000750a00000, 0x0000000750a00000, 0x0000000750b00000|  0%| F|  |TAMS 0x0000000750a00000, 0x0000000750a00000| Untracked 
| 241|0x0000000750b00000, 0x0000000750b00000, 0x0000000750c00000|  0%| F|  |TAMS 0x0000000750b00000, 0x0000000750b00000| Untracked 
| 242|0x0000000750c00000, 0x0000000750c00000, 0x0000000750d00000|  0%| F|  |TAMS 0x0000000750c00000, 0x0000000750c00000| Untracked 
| 243|0x0000000750d00000, 0x0000000750d00000, 0x0000000750e00000|  0%| F|  |TAMS 0x0000000750d00000, 0x0000000750d00000| Untracked 
| 244|0x0000000750e00000, 0x0000000750e00000, 0x0000000750f00000|  0%| F|  |TAMS 0x0000000750e00000, 0x0000000750e00000| Untracked 
| 245|0x0000000750f00000, 0x0000000750f00000, 0x0000000751000000|  0%| F|  |TAMS 0x0000000750f00000, 0x0000000750f00000| Untracked 
| 246|0x0000000751000000, 0x0000000751000000, 0x0000000751100000|  0%| F|  |TAMS 0x0000000751000000, 0x0000000751000000| Untracked 
| 247|0x0000000751100000, 0x0000000751100000, 0x0000000751200000|  0%| F|  |TAMS 0x0000000751100000, 0x0000000751100000| Untracked 
| 248|0x0000000751200000, 0x0000000751200000, 0x0000000751300000|  0%| F|  |TAMS 0x0000000751200000, 0x0000000751200000| Untracked 
| 249|0x0000000751300000, 0x0000000751300000, 0x0000000751400000|  0%| F|  |TAMS 0x0000000751300000, 0x0000000751300000| Untracked 
| 250|0x0000000751400000, 0x0000000751400000, 0x0000000751500000|  0%| F|  |TAMS 0x0000000751400000, 0x0000000751400000| Untracked 
| 251|0x0000000751500000, 0x0000000751500000, 0x0000000751600000|  0%| F|  |TAMS 0x0000000751500000, 0x0000000751500000| Untracked 
| 252|0x0000000751600000, 0x0000000751600000, 0x0000000751700000|  0%| F|  |TAMS 0x0000000751600000, 0x0000000751600000| Untracked 
| 253|0x0000000751700000, 0x0000000751700000, 0x0000000751800000|  0%| F|  |TAMS 0x0000000751700000, 0x0000000751700000| Untracked 
| 254|0x0000000751800000, 0x0000000751800000, 0x0000000751900000|  0%| F|  |TAMS 0x0000000751800000, 0x0000000751800000| Untracked 
| 255|0x0000000751900000, 0x0000000751900000, 0x0000000751a00000|  0%| F|  |TAMS 0x0000000751900000, 0x0000000751900000| Untracked 
| 256|0x0000000751a00000, 0x0000000751a00000, 0x0000000751b00000|  0%| F|  |TAMS 0x0000000751a00000, 0x0000000751a00000| Untracked 
| 257|0x0000000751b00000, 0x0000000751b00000, 0x0000000751c00000|  0%| F|  |TAMS 0x0000000751b00000, 0x0000000751b00000| Untracked 
| 258|0x0000000751c00000, 0x0000000751c00000, 0x0000000751d00000|  0%| F|  |TAMS 0x0000000751c00000, 0x0000000751c00000| Untracked 
| 259|0x0000000751d00000, 0x0000000751d89380, 0x0000000751e00000| 53%| E|  |TAMS 0x0000000751d00000, 0x0000000751d00000| Complete 
| 260|0x0000000751e00000, 0x0000000751f00000, 0x0000000751f00000|100%| E|CS|TAMS 0x0000000751e00000, 0x0000000751e00000| Complete 
| 261|0x0000000751f00000, 0x0000000752000000, 0x0000000752000000|100%| E|CS|TAMS 0x0000000751f00000, 0x0000000751f00000| Complete 
| 262|0x0000000752000000, 0x0000000752100000, 0x0000000752100000|100%| E|CS|TAMS 0x0000000752000000, 0x0000000752000000| Complete 
| 263|0x0000000752100000, 0x0000000752200000, 0x0000000752200000|100%| E|CS|TAMS 0x0000000752100000, 0x0000000752100000| Complete 
| 264|0x0000000752200000, 0x0000000752300000, 0x0000000752300000|100%| E|CS|TAMS 0x0000000752200000, 0x0000000752200000| Complete 
| 265|0x0000000752300000, 0x0000000752400000, 0x0000000752400000|100%| E|CS|TAMS 0x0000000752300000, 0x0000000752300000| Complete 
| 266|0x0000000752400000, 0x0000000752500000, 0x0000000752500000|100%| E|CS|TAMS 0x0000000752400000, 0x0000000752400000| Complete 
| 267|0x0000000752500000, 0x0000000752600000, 0x0000000752600000|100%| E|CS|TAMS 0x0000000752500000, 0x0000000752500000| Complete 
| 268|0x0000000752600000, 0x0000000752700000, 0x0000000752700000|100%| E|CS|TAMS 0x0000000752600000, 0x0000000752600000| Complete 
| 269|0x0000000752700000, 0x0000000752800000, 0x0000000752800000|100%| E|CS|TAMS 0x0000000752700000, 0x0000000752700000| Complete 
| 270|0x0000000752800000, 0x0000000752900000, 0x0000000752900000|100%| E|CS|TAMS 0x0000000752800000, 0x0000000752800000| Complete 
| 271|0x0000000752900000, 0x0000000752a00000, 0x0000000752a00000|100%| E|CS|TAMS 0x0000000752900000, 0x0000000752900000| Complete 
| 272|0x0000000752a00000, 0x0000000752b00000, 0x0000000752b00000|100%| E|CS|TAMS 0x0000000752a00000, 0x0000000752a00000| Complete 
| 273|0x0000000752b00000, 0x0000000752c00000, 0x0000000752c00000|100%| E|CS|TAMS 0x0000000752b00000, 0x0000000752b00000| Complete 
| 274|0x0000000752c00000, 0x0000000752d00000, 0x0000000752d00000|100%| E|CS|TAMS 0x0000000752c00000, 0x0000000752c00000| Complete 
| 275|0x0000000752d00000, 0x0000000752e00000, 0x0000000752e00000|100%| E|CS|TAMS 0x0000000752d00000, 0x0000000752d00000| Complete 
| 276|0x0000000752e00000, 0x0000000752f00000, 0x0000000752f00000|100%| E|CS|TAMS 0x0000000752e00000, 0x0000000752e00000| Complete 
| 277|0x0000000752f00000, 0x0000000753000000, 0x0000000753000000|100%| E|CS|TAMS 0x0000000752f00000, 0x0000000752f00000| Complete 

Card table byte_map: [0x000000001ab80000,0x000000001b180000] _byte_map_base: 0x0000000017173000

Marking Bits (Prev, Next): (CMBitMap*) 0x0000000002a855a0, (CMBitMap*) 0x0000000002a85568
 Prev Bits: [0x000000001e720000, 0x00000000216b8000)
 Next Bits: [0x000000001b780000, 0x000000001e718000)

Polling page: 0x00000000001e0000

Metaspace:

Usage:
  Non-class:     61.52 MB capacity,    59.92 MB ( 97%) used,     1.25 MB (  2%) free+waste,   357.25 KB ( <1%) overhead. 
      Class:      9.94 MB capacity,     8.79 MB ( 88%) used,  1013.67 KB ( 10%) free+waste,   166.94 KB (  2%) overhead. 
       Both:     71.46 MB capacity,    68.71 MB ( 96%) used,     2.24 MB (  3%) free+waste,   524.19 KB ( <1%) overhead. 

Virtual space:
  Non-class space:       64.00 MB reserved,      62.50 MB ( 98%) committed 
      Class space:        1.00 GB reserved,      10.46 MB (  1%) committed 
             Both:        1.06 GB reserved,      72.95 MB (  7%) committed 

Chunk freelists:
   Non-Class:  108.75 KB
       Class:  56.63 KB
        Both:  165.38 KB

CodeHeap 'non-profiled nmethods': size=120064Kb used=11122Kb max_used=12534Kb free=108941Kb
 bounds [0x0000000012820000, 0x0000000013460000, 0x0000000019d60000]
CodeHeap 'profiled nmethods': size=120000Kb used=22571Kb max_used=25322Kb free=97428Kb
 bounds [0x000000000b2f0000, 0x000000000cbd0000, 0x0000000012820000]
CodeHeap 'non-nmethods': size=5696Kb used=1597Kb max_used=1664Kb free=4098Kb
 bounds [0x000000000ad60000, 0x000000000afd0000, 0x000000000b2f0000]
 total_blobs=22514 nmethods=11846 adapters=1045
 compilation: enabled
              stopped_count=0, restarted_count=0
 full_count=0

Compilation events (10 events):
Event: 51602.877 Thread 0x0000000024d9c800 15502   !   3       bluej.debugger.jdi.JdiThread::getName (18 bytes)
Event: 51602.877 Thread 0x0000000024d9c800 nmethod 15502 0x000000000b3bc210 code [0x000000000b3bc3e0, 0x000000000b3bc610]
Event: 51602.877 Thread 0x0000000024d9c800 15503   !   3       com.sun.tools.jdi.ThreadReferenceImpl::name (55 bytes)
Event: 51602.879 Thread 0x0000000024d9c800 nmethod 15503 0x000000000b431e10 code [0x000000000b432040, 0x000000000b432730]
Event: 52914.735 Thread 0x0000000024d9c800 15504       1       com.sun.tools.jdi.JDWP$Event$Composite$Events$ThreadDeath::eventKind (3 bytes)
Event: 52914.736 Thread 0x0000000024d9c800 nmethod 15504 0x000000001289c790 code [0x000000001289c940, 0x000000001289ca58]
Event: 52914.738 Thread 0x0000000024d9c800 15505       3       com.sun.tools.jdi.ThreadReferenceImpl::isSuspended (25 bytes)
Event: 52914.738 Thread 0x0000000024d9c800 nmethod 15505 0x000000000b30d290 code [0x000000000b30d460, 0x000000000b30d690]
Event: 53380.906 Thread 0x0000000024d9c800 15506       3       bluej.pkgmgr.target.Target::getWidth (9 bytes)
Event: 53380.915 Thread 0x0000000024d9c800 nmethod 15506 0x000000000b3eba90 code [0x000000000b3ebc80, 0x000000000b3ec0f0]

GC Heap History (10 events):
Event: 49354.236 GC heap before
{Heap before GC invocations=115 (full 0):
 garbage-first heap   total 284672K, used 204384K [0x0000000741a00000, 0x0000000800000000)
  region size 1024K, 111 young (113664K), 1 survivors (1024K)
 Metaspace       used 70334K, capacity 73170K, committed 74704K, reserved 1114112K
  class space    used 8996K, capacity 10177K, committed 10708K, reserved 1048576K
}
Event: 49354.243 GC heap after
{Heap after GC invocations=116 (full 0):
 garbage-first heap   total 284672K, used 91741K [0x0000000741a00000, 0x0000000800000000)
  region size 1024K, 1 young (1024K), 1 survivors (1024K)
 Metaspace       used 70334K, capacity 73170K, committed 74704K, reserved 1114112K
  class space    used 8996K, capacity 10177K, committed 10708K, reserved 1048576K
}
Event: 49501.532 GC heap before
{Heap before GC invocations=116 (full 0):
 garbage-first heap   total 284672K, used 104029K [0x0000000741a00000, 0x0000000800000000)
  region size 1024K, 13 young (13312K), 1 survivors (1024K)
 Metaspace       used 70334K, capacity 73170K, committed 74704K, reserved 1114112K
  class space    used 8996K, capacity 10177K, committed 10708K, reserved 1048576K
}
Event: 49501.537 GC heap after
{Heap after GC invocations=117 (full 0):
 garbage-first heap   total 284672K, used 91235K [0x0000000741a00000, 0x0000000800000000)
  region size 1024K, 1 young (1024K), 1 survivors (1024K)
 Metaspace       used 70334K, capacity 73170K, committed 74704K, reserved 1114112K
  class space    used 8996K, capacity 10177K, committed 10708K, reserved 1048576K
}
Event: 50943.181 GC heap before
{Heap before GC invocations=117 (full 0):
 garbage-first heap   total 284672K, used 211043K [0x0000000741a00000, 0x0000000800000000)
  region size 1024K, 118 young (120832K), 1 survivors (1024K)
 Metaspace       used 70334K, capacity 73170K, committed 74704K, reserved 1114112K
  class space    used 8996K, capacity 10177K, committed 10708K, reserved 1048576K
}
Event: 50943.188 GC heap after
{Heap after GC invocations=118 (full 0):
 garbage-first heap   total 284672K, used 91238K [0x0000000741a00000, 0x0000000800000000)
  region size 1024K, 1 young (1024K), 1 survivors (1024K)
 Metaspace       used 70334K, capacity 73170K, committed 74704K, reserved 1114112K
  class space    used 8996K, capacity 10177K, committed 10708K, reserved 1048576K
}
Event: 51870.028 GC heap before
{Heap before GC invocations=119 (full 0):
 garbage-first heap   total 284672K, used 168038K [0x0000000741a00000, 0x0000000800000000)
  region size 1024K, 76 young (77824K), 1 survivors (1024K)
 Metaspace       used 70354K, capacity 73175K, committed 74704K, reserved 1114112K
  class space    used 8996K, capacity 10177K, committed 10708K, reserved 1048576K
}
Event: 51870.035 GC heap after
{Heap after GC invocations=120 (full 0):
 garbage-first heap   total 284672K, used 91243K [0x0000000741a00000, 0x0000000800000000)
  region size 1024K, 1 young (1024K), 1 survivors (1024K)
 Metaspace       used 70354K, capacity 73175K, committed 74704K, reserved 1114112K
  class space    used 8996K, capacity 10177K, committed 10708K, reserved 1048576K
}
Event: 53156.540 GC heap before
{Heap before GC invocations=120 (full 0):
 garbage-first heap   total 284672K, used 197739K [0x0000000741a00000, 0x0000000800000000)
  region size 1024K, 105 young (107520K), 1 survivors (1024K)
 Metaspace       used 70354K, capacity 73175K, committed 74704K, reserved 1114112K
  class space    used 8996K, capacity 10177K, committed 10708K, reserved 1048576K
}
Event: 53156.544 GC heap after
{Heap after GC invocations=121 (full 0):
 garbage-first heap   total 284672K, used 91245K [0x0000000741a00000, 0x0000000800000000)
  region size 1024K, 1 young (1024K), 1 survivors (1024K)
 Metaspace       used 70354K, capacity 73175K, committed 74704K, reserved 1114112K
  class space    used 8996K, capacity 10177K, committed 10708K, reserved 1048576K
}

Deoptimization events (10 events):
Event: 21418.084 Thread 0x0000000026b10800 Uncommon trap: reason=class_check action=maybe_recompile pc=0x00000000129b1fe4 method=com.sun.javafx.binding.BindingHelperObserver.invalidated(Ljavafx/beans/Observable;)V @ 17 c2
Event: 21418.084 Thread 0x0000000026b10800 Uncommon trap: reason=class_check action=maybe_recompile pc=0x00000000129b1fe4 method=com.sun.javafx.binding.BindingHelperObserver.invalidated(Ljavafx/beans/Observable;)V @ 17 c2
Event: 21418.085 Thread 0x0000000026b10800 Uncommon trap: reason=class_check action=maybe_recompile pc=0x00000000129b1fe4 method=com.sun.javafx.binding.BindingHelperObserver.invalidated(Ljavafx/beans/Observable;)V @ 17 c2
Event: 21442.616 Thread 0x0000000026b10800 Uncommon trap: reason=profile_predicate action=maybe_recompile pc=0x0000000012eb4e28 method=java.util.regex.Pattern$Slice.match(Ljava/util/regex/Matcher;ILjava/lang/CharSequence;)Z @ 18 c2
Event: 29350.404 Thread 0x0000000026b10800 Uncommon trap: reason=class_check action=maybe_recompile pc=0x0000000012cdce44 method=javafx.scene.Parent$3.onProposedChange(Ljava/util/List;[I)V @ 191 c2
Event: 32419.258 Thread 0x0000000026b10800 Uncommon trap: reason=null_check action=make_not_entrant pc=0x00000000133d3ee0 method=org.fxmisc.richtext.TextFlowExt$GenericIceBreaker.invoke(Ljava/lang/Object;Ljava/lang/reflect/Method;[Ljava/lang/Object;)Ljava/lang/Object; @ 189 c2
Event: 39197.035 Thread 0x0000000026a03000 Uncommon trap: reason=null_check action=make_not_entrant pc=0x0000000012e5522c method=com.sun.javafx.sg.prism.NGRegion.getImageCache(Lcom/sun/prism/Graphics;)Lcom/sun/javafx/sg/prism/RegionImageCache; @ 14 c2
Event: 39197.039 Thread 0x0000000026a03000 Uncommon trap: reason=unstable_if action=reinterpret pc=0x00000000133e43e0 method=com.sun.prism.impl.BaseResourcePool.cleanup(Lcom/sun/prism/impl/BaseResourcePool$Predicate;)V @ 25 c2
Event: 39198.189 Thread 0x0000000026a03000 Uncommon trap: reason=null_check action=make_not_entrant pc=0x00000000133d8d70 method=com.sun.scenario.effect.impl.prism.PrFilterContext.getInstance(Lcom/sun/glass/ui/Screen;)Lcom/sun/scenario/effect/impl/prism/PrFilterContext; @ 23 c2
Event: 39198.189 Thread 0x0000000026a03000 Uncommon trap: reason=null_check action=make_not_entrant pc=0x0000000012f77c68 method=com.sun.scenario.effect.impl.Renderer.getRenderer(Lcom/sun/scenario/effect/FilterContext;)Lcom/sun/scenario/effect/impl/Renderer; @ 23 c2

Classes redefined (0 events):
No events

Internal exceptions (10 events):
Event: 39197.039 Thread 0x0000000026a03000 Implicit null exception at 0x00000000133e39a0 to 0x00000000133e43ba
Event: 39198.189 Thread 0x0000000026a03000 Implicit null exception at 0x0000000012f77578 to 0x0000000012f77c5a
Event: 39202.093 Thread 0x0000000032b67800 Exception <a 'java/lang/InterruptedException'{0x00000007521831d0}: sleep interrupted> (0x00000007521831d0) thrown at [t:/workspace/open/src/hotspot/share/prims/jvm.cpp, line 3091]
Event: 39202.094 Thread 0x0000000032b63800 Exception <a 'java/lang/InterruptedException'{0x00000007521e9848}: sleep interrupted> (0x00000007521e9848) thrown at [t:/workspace/open/src/hotspot/share/prims/jvm.cpp, line 3091]
Event: 39202.095 Thread 0x0000000032b6a800 Exception <a 'java/lang/InterruptedException'{0x0000000752000040}: sleep interrupted> (0x0000000752000040) thrown at [t:/workspace/open/src/hotspot/share/prims/jvm.cpp, line 3091]
Event: 39279.266 Thread 0x0000000032b6d000 Exception <a 'java/lang/InterruptedException'{0x000000074e4fedc0}: sleep interrupted> (0x000000074e4fedc0) thrown at [t:/workspace/open/src/hotspot/share/prims/jvm.cpp, line 3091]
Event: 39279.268 Thread 0x0000000032b63800 Exception <a 'java/lang/InterruptedException'{0x000000074e33fba0}: sleep interrupted> (0x000000074e33fba0) thrown at [t:/workspace/open/src/hotspot/share/prims/jvm.cpp, line 3091]
Event: 41141.363 Thread 0x0000000032b67800 Exception <a 'java/lang/InterruptedException'{0x0000000750801610}: sleep interrupted> (0x0000000750801610) thrown at [t:/workspace/open/src/hotspot/share/prims/jvm.cpp, line 3091]
Event: 47789.234 Thread 0x0000000032b68000 Exception <a 'java/lang/InterruptedException'{0x000000074d889808}: sleep interrupted> (0x000000074d889808) thrown at [t:/workspace/open/src/hotspot/share/prims/jvm.cpp, line 3091]
Event: 47791.493 Thread 0x0000000032b63800 Exception <a 'java/lang/InterruptedException'{0x000000074d8e40d8}: sleep interrupted> (0x000000074d8e40d8) thrown at [t:/workspace/open/src/hotspot/share/prims/jvm.cpp, line 3091]

Events (10 events):
Event: 53156.540 Executing VM operation: G1CollectForAllocation
Event: 53156.544 Executing VM operation: G1CollectForAllocation done
Event: 53156.668 Executing VM operation: CGC_Operation
Event: 53156.677 Executing VM operation: CGC_Operation done
Event: 53156.724 Executing VM operation: CGC_Operation
Event: 53156.724 Executing VM operation: CGC_Operation done
Event: 53380.911 Executing VM operation: RevokeBias
Event: 53380.913 Executing VM operation: RevokeBias done
Event: 53380.913 Executing VM operation: RevokeBias
Event: 53380.913 Executing VM operation: RevokeBias done


Dynamic libraries:
0x0000000000400000 - 0x00000000004d2000 	C:\Program Files\BlueJ\BlueJ.exe
0x00007ffc6cc70000 - 0x00007ffc6ce66000 	C:\WINDOWS\SYSTEM32\ntdll.dll
0x00007ffc6b3d0000 - 0x00007ffc6b48d000 	C:\WINDOWS\System32\KERNEL32.DLL
0x00007ffc6a900000 - 0x00007ffc6abc9000 	C:\WINDOWS\System32\KERNELBASE.dll
0x00007ffc6c610000 - 0x00007ffc6c6ae000 	C:\WINDOWS\System32\msvcrt.dll
0x00007ffc6bc20000 - 0x00007ffc6c362000 	C:\WINDOWS\System32\SHELL32.dll
0x00007ffc6a510000 - 0x00007ffc6a5ad000 	C:\WINDOWS\System32\msvcp_win.dll
0x00007ffc6a720000 - 0x00007ffc6a820000 	C:\WINDOWS\System32\ucrtbase.dll
0x00007ffc6b910000 - 0x00007ffc6bab0000 	C:\WINDOWS\System32\USER32.dll
0x00007ffc6a820000 - 0x00007ffc6a842000 	C:\WINDOWS\System32\win32u.dll
0x00007ffc6c4a0000 - 0x00007ffc6c4ca000 	C:\WINDOWS\System32\GDI32.dll
0x00007ffc6a610000 - 0x00007ffc6a719000 	C:\WINDOWS\System32\gdi32full.dll
0x00007ffc6b370000 - 0x00007ffc6b3c5000 	C:\WINDOWS\System32\SHLWAPI.dll
0x00007ffc5c7b0000 - 0x00007ffc5c7ba000 	C:\WINDOWS\SYSTEM32\VERSION.dll
0x00007ffc6bac0000 - 0x00007ffc6baf0000 	C:\WINDOWS\System32\IMM32.DLL
0x00007ffc6ad70000 - 0x00007ffc6ae1e000 	C:\WINDOWS\System32\shcore.dll
0x00007ffc6c720000 - 0x00007ffc6ca76000 	C:\WINDOWS\System32\combase.dll
0x00007ffc6b240000 - 0x00007ffc6b36b000 	C:\WINDOWS\System32\RPCRT4.dll
0x00007ffc21ad0000 - 0x00007ffc225f3000 	C:\Program Files\BlueJ\jdk\bin\server\jvm.dll
0x00007ffc6caa0000 - 0x00007ffc6cb4c000 	C:\WINDOWS\System32\ADVAPI32.dll
0x00007ffc6acd0000 - 0x00007ffc6ad6c000 	C:\WINDOWS\System32\sechost.dll
0x00007ffc6bab0000 - 0x00007ffc6bab8000 	C:\WINDOWS\System32\PSAPI.DLL
0x00007ffc4bd60000 - 0x00007ffc4bd76000 	C:\Program Files\BlueJ\jdk\bin\VCRUNTIME140.dll
0x00007ffc516f0000 - 0x00007ffc516f9000 	C:\WINDOWS\SYSTEM32\WSOCK32.dll
0x00007ffc6c6b0000 - 0x00007ffc6c71b000 	C:\WINDOWS\System32\WS2_32.dll
0x00007ffc5c730000 - 0x00007ffc5c757000 	C:\WINDOWS\SYSTEM32\WINMM.dll
0x00007ffc451f0000 - 0x00007ffc45201000 	C:\Program Files\BlueJ\jdk\bin\verify.dll
0x00007ffc69ce0000 - 0x00007ffc69ec4000 	C:\WINDOWS\SYSTEM32\DBGHELP.DLL
0x00007ffc69b10000 - 0x00007ffc69b3c000 	C:\WINDOWS\SYSTEM32\dbgcore.DLL
0x00007ffc6abd0000 - 0x00007ffc6ac50000 	C:\WINDOWS\System32\bcryptPrimitives.dll
0x00007ffc3fa00000 - 0x00007ffc3fa28000 	C:\Program Files\BlueJ\jdk\bin\java.dll
0x00007ffc35c10000 - 0x00007ffc35c26000 	C:\Program Files\BlueJ\jdk\bin\zip.dll
0x00007ffc55f30000 - 0x00007ffc55f3a000 	C:\Program Files\BlueJ\jdk\bin\jimage.dll
0x00007ffc68660000 - 0x00007ffc68672000 	C:\WINDOWS\SYSTEM32\kernel.appcore.dll
0x00007ffc67eb0000 - 0x00007ffc68645000 	C:\WINDOWS\SYSTEM32\windows.storage.dll
0x00007ffc696d0000 - 0x00007ffc696fc000 	C:\WINDOWS\SYSTEM32\Wldp.dll
0x00007ffc6a2e0000 - 0x00007ffc6a306000 	C:\WINDOWS\SYSTEM32\profapi.dll
0x00007ffc342b0000 - 0x00007ffc342c9000 	C:\Program Files\BlueJ\jdk\bin\net.dll
0x00007ffc5b060000 - 0x00007ffc5b24d000 	C:\WINDOWS\SYSTEM32\urlmon.dll
0x00007ffc5e350000 - 0x00007ffc5e450000 	C:\WINDOWS\SYSTEM32\WINHTTP.dll
0x00007ffc5c080000 - 0x00007ffc5c330000 	C:\WINDOWS\SYSTEM32\iertutil.dll
0x00007ffc695b0000 - 0x00007ffc6961a000 	C:\WINDOWS\system32\mswsock.dll
0x00007ffc21ab0000 - 0x00007ffc21ac3000 	C:\Program Files\BlueJ\jdk\bin\nio.dll
0x0000000180000000 - 0x0000000180003000 	C:\Program Files\BlueJ\lib\javafx\bin\api-ms-win-core-console-l1-1-0.dll
0x0000000000890000 - 0x0000000000893000 	C:\Program Files\BlueJ\lib\javafx\bin\api-ms-win-core-datetime-l1-1-0.dll
0x00000000008a0000 - 0x00000000008a3000 	C:\Program Files\BlueJ\lib\javafx\bin\api-ms-win-core-debug-l1-1-0.dll
0x00000000008b0000 - 0x00000000008b3000 	C:\Program Files\BlueJ\lib\javafx\bin\api-ms-win-core-errorhandling-l1-1-0.dll
0x00000000008c0000 - 0x00000000008c4000 	C:\Program Files\BlueJ\lib\javafx\bin\api-ms-win-core-file-l1-1-0.dll
0x0000000027290000 - 0x0000000027293000 	C:\Program Files\BlueJ\lib\javafx\bin\api-ms-win-core-file-l1-2-0.dll
0x00000000272a0000 - 0x00000000272a3000 	C:\Program Files\BlueJ\lib\javafx\bin\api-ms-win-core-file-l2-1-0.dll
0x00000000272b0000 - 0x00000000272b3000 	C:\Program Files\BlueJ\lib\javafx\bin\api-ms-win-core-handle-l1-1-0.dll
0x00000000272c0000 - 0x00000000272c3000 	C:\Program Files\BlueJ\lib\javafx\bin\api-ms-win-core-heap-l1-1-0.dll
0x00000000272d0000 - 0x00000000272d3000 	C:\Program Files\BlueJ\lib\javafx\bin\api-ms-win-core-interlocked-l1-1-0.dll
0x00000000272e0000 - 0x00000000272e3000 	C:\Program Files\BlueJ\lib\javafx\bin\api-ms-win-core-libraryloader-l1-1-0.dll
0x00000000272f0000 - 0x00000000272f3000 	C:\Program Files\BlueJ\lib\javafx\bin\api-ms-win-core-localization-l1-2-0.dll
0x0000000027300000 - 0x0000000027303000 	C:\Program Files\BlueJ\lib\javafx\bin\api-ms-win-core-memory-l1-1-0.dll
0x0000000027310000 - 0x0000000027313000 	C:\Program Files\BlueJ\lib\javafx\bin\api-ms-win-core-namedpipe-l1-1-0.dll
0x0000000027320000 - 0x0000000027323000 	C:\Program Files\BlueJ\lib\javafx\bin\api-ms-win-core-processenvironment-l1-1-0.dll
0x0000000027330000 - 0x0000000027333000 	C:\Program Files\BlueJ\lib\javafx\bin\api-ms-win-core-processthreads-l1-1-0.dll
0x0000000027340000 - 0x0000000027343000 	C:\Program Files\BlueJ\lib\javafx\bin\api-ms-win-core-processthreads-l1-1-1.dll
0x0000000027350000 - 0x0000000027353000 	C:\Program Files\BlueJ\lib\javafx\bin\api-ms-win-core-profile-l1-1-0.dll
0x0000000027360000 - 0x0000000027363000 	C:\Program Files\BlueJ\lib\javafx\bin\api-ms-win-core-rtlsupport-l1-1-0.dll
0x0000000027370000 - 0x0000000027373000 	C:\Program Files\BlueJ\lib\javafx\bin\api-ms-win-core-string-l1-1-0.dll
0x0000000027380000 - 0x0000000027383000 	C:\Program Files\BlueJ\lib\javafx\bin\api-ms-win-core-synch-l1-1-0.dll
0x0000000027390000 - 0x0000000027393000 	C:\Program Files\BlueJ\lib\javafx\bin\api-ms-win-core-synch-l1-2-0.dll
0x00000000273a0000 - 0x00000000273a3000 	C:\Program Files\BlueJ\lib\javafx\bin\api-ms-win-core-sysinfo-l1-1-0.dll
0x00000000273b0000 - 0x00000000273b3000 	C:\Program Files\BlueJ\lib\javafx\bin\api-ms-win-core-timezone-l1-1-0.dll
0x00000000273c0000 - 0x00000000273c3000 	C:\Program Files\BlueJ\lib\javafx\bin\api-ms-win-core-util-l1-1-0.dll
0x00000000273d0000 - 0x00000000273d3000 	C:\Program Files\BlueJ\lib\javafx\bin\api-ms-win-crt-conio-l1-1-0.dll
0x00000000273e0000 - 0x00000000273e4000 	C:\Program Files\BlueJ\lib\javafx\bin\api-ms-win-crt-convert-l1-1-0.dll
0x00000000273f0000 - 0x00000000273f3000 	C:\Program Files\BlueJ\lib\javafx\bin\api-ms-win-crt-environment-l1-1-0.dll
0x0000000027400000 - 0x0000000027403000 	C:\Program Files\BlueJ\lib\javafx\bin\api-ms-win-crt-filesystem-l1-1-0.dll
0x0000000027410000 - 0x0000000027413000 	C:\Program Files\BlueJ\lib\javafx\bin\api-ms-win-crt-heap-l1-1-0.dll
0x0000000027420000 - 0x0000000027423000 	C:\Program Files\BlueJ\lib\javafx\bin\api-ms-win-crt-locale-l1-1-0.dll
0x0000000027430000 - 0x0000000027435000 	C:\Program Files\BlueJ\lib\javafx\bin\api-ms-win-crt-math-l1-1-0.dll
0x0000000027440000 - 0x0000000027445000 	C:\Program Files\BlueJ\lib\javafx\bin\api-ms-win-crt-multibyte-l1-1-0.dll
0x0000000027450000 - 0x0000000027460000 	C:\Program Files\BlueJ\lib\javafx\bin\api-ms-win-crt-private-l1-1-0.dll
0x0000000027460000 - 0x0000000027463000 	C:\Program Files\BlueJ\lib\javafx\bin\api-ms-win-crt-process-l1-1-0.dll
0x0000000027470000 - 0x0000000027474000 	C:\Program Files\BlueJ\lib\javafx\bin\api-ms-win-crt-runtime-l1-1-0.dll
0x0000000027480000 - 0x0000000027484000 	C:\Program Files\BlueJ\lib\javafx\bin\api-ms-win-crt-stdio-l1-1-0.dll
0x0000000027490000 - 0x0000000027494000 	C:\Program Files\BlueJ\lib\javafx\bin\api-ms-win-crt-string-l1-1-0.dll
0x00000000274a0000 - 0x00000000274a3000 	C:\Program Files\BlueJ\lib\javafx\bin\api-ms-win-crt-time-l1-1-0.dll
0x00000000274b0000 - 0x00000000274b3000 	C:\Program Files\BlueJ\lib\javafx\bin\api-ms-win-crt-utility-l1-1-0.dll
0x00007ffc219b0000 - 0x00007ffc21aaa000 	C:\Program Files\BlueJ\lib\javafx\bin\ucrtbase.dll
0x00007ffc21990000 - 0x00007ffc219a6000 	C:\Program Files\BlueJ\lib\javafx\bin\vcruntime140.dll
0x00007ffc218e0000 - 0x00007ffc21986000 	C:\Program Files\BlueJ\lib\javafx\bin\msvcp140.dll
0x00007ffc21880000 - 0x00007ffc218d1000 	C:\Program Files\BlueJ\lib\javafx\bin\concrt140.dll
0x00007ffc21850000 - 0x00007ffc21873000 	C:\Program Files\BlueJ\lib\javafx\bin\prism_d3d.dll
0x00007ffc39310000 - 0x00007ffc394df000 	C:\WINDOWS\system32\d3d9.dll
0x00007ffc67af0000 - 0x00007ffc67b1f000 	C:\WINDOWS\SYSTEM32\dwmapi.dll
0x00007ffc678f0000 - 0x00007ffc6798e000 	C:\WINDOWS\system32\uxtheme.dll
0x00007ffc1f310000 - 0x00007ffc2184d000 	C:\WINDOWS\SYSTEM32\igdumdim64.dll
0x00007ffc6afd0000 - 0x00007ffc6b09d000 	C:\WINDOWS\System32\OLEAUT32.dll
0x00007ffc6c370000 - 0x00007ffc6c49a000 	C:\WINDOWS\System32\ole32.dll
0x00007ffc6b4a0000 - 0x00007ffc6b907000 	C:\WINDOWS\System32\SETUPAPI.dll
0x00007ffc6ac80000 - 0x00007ffc6acce000 	C:\WINDOWS\System32\cfgmgr32.dll
0x00007ffc6ac50000 - 0x00007ffc6ac77000 	C:\WINDOWS\System32\bcrypt.dll
0x00007ffc1f2c0000 - 0x00007ffc1f305000 	C:\Program Files\BlueJ\lib\javafx\bin\glass.dll
0x00007ffc6c4d0000 - 0x00007ffc6c5ab000 	C:\WINDOWS\System32\COMDLG32.dll
0x00007ffc51900000 - 0x00007ffc519b0000 	C:\WINDOWS\WinSxS\amd64_microsoft.windows.common-controls_6595b64144ccf1df_5.82.19041.488_none_4238de57f6b64d28\COMCTL32.dll
0x00007ffc6bb00000 - 0x00007ffc6bc16000 	C:\WINDOWS\System32\MSCTF.dll
0x00007ffc5f680000 - 0x00007ffc600c0000 	C:\WINDOWS\SYSTEM32\igdusc64.dll
0x00007ffc62b40000 - 0x00007ffc62b7b000 	C:\WINDOWS\SYSTEM32\dxcore.dll
0x00007ffc1f120000 - 0x00007ffc1f2be000 	C:\Program Files\BlueJ\jdk\bin\awt.dll
0x00007ffc65b70000 - 0x00007ffc66130000 	C:\WINDOWS\SYSTEM32\d2d1.dll
0x00007ffc66fb0000 - 0x00007ffc67040000 	C:\WINDOWS\SYSTEM32\apphelp.dll
0x00007ffc1f100000 - 0x00007ffc1f114000 	C:\Program Files\BlueJ\lib\javafx\bin\javafx_font.dll
0x00007ffc3efd0000 - 0x00007ffc3f24f000 	C:\WINDOWS\SYSTEM32\dwrite.dll
0x00007ffc6b100000 - 0x00007ffc6b1a9000 	C:\WINDOWS\System32\clbcatq.dll
0x00007ffc69770000 - 0x00007ffc69a0b000 	C:\WINDOWS\WinSxS\amd64_microsoft.windows.common-controls_6595b64144ccf1df_6.0.19041.488_none_ca04af081b815d21\comctl32.dll
0x00007ffc63350000 - 0x00007ffc63504000 	C:\WINDOWS\SYSTEM32\WindowsCodecs.dll
0x00007ffc4b490000 - 0x00007ffc4b4ce000 	C:\WINDOWS\system32\dataexchange.dll
0x00007ffc65710000 - 0x00007ffc658f7000 	C:\WINDOWS\system32\dcomp.dll
0x00007ffc65900000 - 0x00007ffc65b64000 	C:\WINDOWS\system32\d3d11.dll
0x00007ffc686b0000 - 0x00007ffc687a3000 	C:\WINDOWS\system32\dxgi.dll
0x00007ffc637b0000 - 0x00007ffc639b8000 	C:\WINDOWS\system32\twinapi.appcore.dll
0x00007ffc1f0c0000 - 0x00007ffc1f0f4000 	C:\Program Files\Common Files\Microsoft Shared\Ink\rtscom.dll
0x00007ffc4d090000 - 0x00007ffc4d18d000 	C:\WINDOWS\SYSTEM32\textinputframework.dll
0x00007ffc66940000 - 0x00007ffc66c9e000 	C:\WINDOWS\System32\CoreUIComponents.dll
0x00007ffc66ca0000 - 0x00007ffc66d92000 	C:\WINDOWS\System32\CoreMessaging.dll
0x00007ffc69f50000 - 0x00007ffc69f83000 	C:\WINDOWS\SYSTEM32\ntmarta.dll
0x00007ffc66270000 - 0x00007ffc663c6000 	C:\WINDOWS\SYSTEM32\wintypes.dll
0x00007ffc49060000 - 0x00007ffc490c6000 	C:\WINDOWS\system32\Oleacc.dll
0x00007ffc38120000 - 0x00007ffc38245000 	C:\WINDOWS\system32\opengl32.dll
0x00007ffc416f0000 - 0x00007ffc4171c000 	C:\WINDOWS\SYSTEM32\GLU32.dll
0x00007ffc1f090000 - 0x00007ffc1f0b7000 	C:\Program Files\BlueJ\jdk\bin\sunec.dll
0x00007ffc69180000 - 0x00007ffc6924b000 	C:\WINDOWS\SYSTEM32\DNSAPI.dll
0x00007ffc69140000 - 0x00007ffc6917b000 	C:\WINDOWS\SYSTEM32\IPHLPAPI.DLL

dbghelp: loaded successfully - version: 4.0.5 - missing functions: none
symbol engine: initialized successfully - sym options: 0x614 - pdb path: .;C:\Program Files\BlueJ;C:\WINDOWS\SYSTEM32;C:\Program Files\BlueJ\jdk\bin\server;C:\Program Files\BlueJ\jdk\bin;C:\Program Files\BlueJ\lib\javafx\bin;C:\WINDOWS\WinSxS\amd64_microsoft.windows.common-controls_6595b64144ccf1df_5.82.19041.488_none_4238de57f6b64d28;C:\WINDOWS\WinSxS\amd64_microsoft.windows.common-controls_6595b64144ccf1df_6.0.19041.488_none_ca04af081b815d21;C:\Program Files\Common Files\Microsoft Shared\Ink

VM Arguments:
jvm_args: -Djavafx.embed.singleThread=true 
java_command: <unknown>
java_class_path (initial): C:\Program Files\BlueJ\lib\bluej.jar;C:\Program Files\BlueJ\lib\javafx\lib\javafx.base.jar;C:\Program Files\BlueJ\lib\javafx\lib\javafx.controls.jar;C:\Program Files\BlueJ\lib\javafx\lib\javafx.fxml.jar;C:\Program Files\BlueJ\lib\javafx\lib\javafx.graphics.jar;C:\Program Files\BlueJ\lib\javafx\lib\javafx.media.jar;C:\Program Files\BlueJ\lib\javafx\lib\javafx.properties.jar;C:\Program Files\BlueJ\lib\javafx\lib\javafx.swing.jar;C:\Program Files\BlueJ\lib\javafx\lib\javafx.web.jar
Launcher Type: generic

[Global flags]
     intx CICompilerCount                          = 3                                         {product} {ergonomic}
     uint ConcGCThreads                            = 1                                         {product} {ergonomic}
     uint G1ConcRefinementThreads                  = 4                                         {product} {ergonomic}
   size_t G1HeapRegionSize                         = 1048576                                   {product} {ergonomic}
    uintx GCDrainStackTargetSize                   = 64                                        {product} {ergonomic}
   size_t InitialHeapSize                          = 201326592                                 {product} {ergonomic}
   size_t MarkStackSize                            = 4194304                                   {product} {ergonomic}
   size_t MaxHeapSize                              = 3193962496                                {product} {ergonomic}
   size_t MaxNewSize                               = 1915748352                                {product} {ergonomic}
   size_t MinHeapDeltaBytes                        = 1048576                                   {product} {ergonomic}
    uintx NonNMethodCodeHeapSize                   = 5830092                                {pd product} {ergonomic}
    uintx NonProfiledCodeHeapSize                  = 122914074                              {pd product} {ergonomic}
    uintx ProfiledCodeHeapSize                     = 122914074                              {pd product} {ergonomic}
    uintx ReservedCodeCacheSize                    = 251658240                              {pd product} {ergonomic}
     bool SegmentedCodeCache                       = true                                      {product} {ergonomic}
     bool UseCompressedClassPointers               = true                                 {lp64_product} {ergonomic}
     bool UseCompressedOops                        = true                                 {lp64_product} {ergonomic}
     bool UseG1GC                                  = true                                      {product} {ergonomic}
     bool UseLargePagesIndividualAllocation        = false                                  {pd product} {ergonomic}

Logging:
Log output configuration:
 #0: stdout all=warning uptime,level,tags
 #1: stderr all=off uptime,level,tags

Environment Variables:
PATH=C:\Program Files\AdoptOpenJDK\jdk-11.0.9.101-hotspot\bin;C:\Program Files (x86)\Common Files\Oracle\Java\javapath;C:\Program Files\Docker\Docker\resources\bin;C:\Windows\System32;C:\Windows;C:\Windows\System32\wbem;C:\Windows\System32\WindowsPowerShell\v1.0\;C:\Windows\System32\OpenSSH\;C:\Program Files\PuTTY\;C:\Program Files (x86)\GnuPG\bin;C:\WINDOWS\system32;C:\WINDOWS;C:\WINDOWS\System32\Wbem;C:\WINDOWS\System32\WindowsPowerShell\v1.0\;C:\WINDOWS\System32\OpenSSH\;C:\Program Files\Git\cmd;C:\xampp\htdocs\PROYECTO-PAU\yumi\app;C:\Users\pauli\AppData\Local\Programs\Python\Python39\Scripts\;C:\Users\pauli\AppData\Local\Programs\Python\Python39\;C:\Users\pauli\AppData\Local\Microsoft\WindowsApps;C:\Program Files\Docker Toolbox;C:\Users\pauli\AppData\Local\GitHubDesktop\bin;C:\Users\pauli\AppData\Local\Programs\Microsoft VS Code\bin;C:\Users\pauli\AppData\Local\atom\bin;C:\Users\pauli\AppData\Local\Microsoft\WindowsApps;C:\xampp\php;C:\Users\pauli\composer;C:\Users\pauli\AppData\Roaming\Composer\vendor\bin
USERNAME=pauli
OS=Windows_NT
PROCESSOR_IDENTIFIER=Intel64 Family 6 Model 60 Stepping 3, GenuineIntel



---------------  S Y S T E M  ---------------

OS: Windows 10 , 64 bit Build 19041 (10.0.19041.662)

CPU:total 4 (initial active 4) (4 cores per cpu, 1 threads per core) family 6 model 60 stepping 3, cmov, cx8, fxsr, mmx, sse, sse2, sse3, ssse3, sse4.1, sse4.2, popcnt, avx, avx2, aes, clmul, erms, lzcnt, tsc, tscinvbit, bmi1, bmi2, fma

Memory: 4k page, system-wide physical 12179M (5248M free)
TotalPageFile size 16787M (AvailPageFile size 4024M)
current process WorkingSet (physical memory assigned to process): 262M, peak: 680M
current process commit charge ("private bytes"): 692M, peak: 724M

vm_info: OpenJDK 64-Bit Server VM (11.0.2+9) for windows-amd64 JRE (11.0.2+9), built on Jan 18 2019 05:23:22 by "mach5one" with MS VC++ 15.5 (VS2017)

END.
