#
# A fatal error has been detected by the Java Runtime Environment:
#
#  EXCEPTION_ACCESS_VIOLATION (0xc0000005) at pc=0x00007ffc1f33b62c, pid=22592, tid=22048
#
# JRE version: OpenJDK Runtime Environment (11.0.2+9) (build 11.0.2+9)
# Java VM: OpenJDK 64-Bit Server VM (11.0.2+9, mixed mode, tiered, compressed oops, g1 gc, windows-amd64)
# Problematic frame:
# C  [igdumdim64.dll+0x2b62c]
#
# No core dump will be written. Minidumps are not enabled by default on client versions of Windows
#
# If you would like to submit a bug report, please visit:
#   http://bugreport.java.com/bugreport/crash.jsp
# The crash happened outside the Java Virtual Machine in native code.
# See problematic frame for where to report the bug.
#

---------------  S U M M A R Y ------------

Command Line: -Djavafx.embed.singleThread=true 

Host: Intel(R) Core(TM) i5-4570 CPU @ 3.20GHz, 4 cores, 11G,  Windows 10 , 64 bit Build 19041 (10.0.19041.662)
Time: Wed Jan 13 01:02:44 2021 Hora estándar romance elapsed time: 53575 seconds (0d 14h 52m 55s)

---------------  T H R E A D  ---------------

Current thread (0x00000000269e5800):  JavaThread "QuantumRenderer-0" daemon [_thread_in_native, id=22048, stack(0x00000000274d0000,0x00000000276d0000)]

Stack: [0x00000000274d0000,0x00000000276d0000],  sp=0x00000000276ce850,  free space=2042k
Native frames: (J=compiled Java code, j=interpreted, Vv=VM code, C=native code)
C  [igdumdim64.dll+0x2b62c]

Java frames: (J=compiled Java code, j=interpreted, Vv=VM code)
J 11184  com.sun.prism.d3d.D3DGraphics.nClear(JIZZ)I (0 bytes) @ 0x0000000012db401e [0x0000000012db3fc0+0x000000000000005e]
J 11182 c1 com.sun.prism.d3d.D3DGraphics.clear(Lcom/sun/prism/paint/Color;)V (51 bytes) @ 0x000000000c9ec78c [0x000000000c9ec2c0+0x00000000000004cc]
J 13262 c1 com.sun.javafx.tk.quantum.ViewPainter.doPaint(Lcom/sun/prism/Graphics;Lcom/sun/javafx/sg/prism/NodePath;)V (205 bytes) @ 0x000000000cee13a4 [0x000000000cee0c60+0x0000000000000744]
J 13942 c1 com.sun.javafx.tk.quantum.ViewPainter.paintImpl(Lcom/sun/prism/Graphics;)V (1436 bytes) @ 0x000000000b971f0c [0x000000000b96f5c0+0x000000000000294c]
J 13375 c1 com.sun.javafx.tk.quantum.PresentingPainter.run()V (675 bytes) @ 0x000000000cf0dafc [0x000000000cf09dc0+0x0000000000003d3c]
J 13929 c1 java.util.concurrent.Executors$RunnableAdapter.call()Ljava/lang/Object; java.base@11.0.2 (14 bytes) @ 0x000000000b56bf74 [0x000000000b56be60+0x0000000000000114]
J 13928 c1 java.util.concurrent.FutureTask.runAndReset()Z java.base@11.0.2 (125 bytes) @ 0x000000000b807524 [0x000000000b806ea0+0x0000000000000684]
J 13356 c1 com.sun.javafx.tk.RenderJob.run()V (92 bytes) @ 0x000000000b49c71c [0x000000000b49c6a0+0x000000000000007c]
j  java.util.concurrent.ThreadPoolExecutor.runWorker(Ljava/util/concurrent/ThreadPoolExecutor$Worker;)V+92 java.base@11.0.2
j  java.util.concurrent.ThreadPoolExecutor$Worker.run()V+5 java.base@11.0.2
j  com.sun.javafx.tk.quantum.QuantumRenderer$PipelineRunnable.run()V+8
j  java.lang.Thread.run()V+11 java.base@11.0.2
v  ~StubRoutines::call_stub

siginfo: EXCEPTION_ACCESS_VIOLATION (0xc0000005), writing address 0x00000000808ed034


Register to memory mapping:

RIP=0x00007ffc1f33b62c igdumdim64.dll
RAX=0x0000000000000001 is an unknown value
RBX=0x0000000026bac440 points into unknown readable memory: 00 00 00 00 00 00 00 00
RCX=0x00000000808ed044 is an unknown value
RDX=0x00007ffc217fc580 igdumdim64.dll
RSP=0x00000000276ce850 is pointing into the stack for thread: 0x00000000269e5800
RBP=0x00000000276ce860 is pointing into the stack for thread: 0x00000000269e5800
RSI=0x0000000026bac440 points into unknown readable memory: 00 00 00 00 00 00 00 00
RDI=0x0000000000000060 is an unknown value
R8 =0x000000000000001c is an unknown value
R9 =0x0000000000000010 is an unknown value
R10=0x0 is NULL
R11=0x0000000026bac458 points into unknown readable memory: 01 00 00 00 00 00 00 00
R12=0x00000000276cea10 is pointing into the stack for thread: 0x00000000269e5800
R13=0x0 is NULL
R14=0x0 is NULL
R15=0x00000000276cea78 is pointing into the stack for thread: 0x00000000269e5800


Registers:
RAX=0x0000000000000001, RBX=0x0000000026bac440, RCX=0x00000000808ed044, RDX=0x00007ffc217fc580
RSP=0x00000000276ce850, RBP=0x00000000276ce860, RSI=0x0000000026bac440, RDI=0x0000000000000060
R8 =0x000000000000001c, R9 =0x0000000000000010, R10=0x0000000000000000, R11=0x0000000026bac458
R12=0x00000000276cea10, R13=0x0000000000000000, R14=0x0000000000000000, R15=0x00000000276cea78
RIP=0x00007ffc1f33b62c, EFLAGS=0x0000000000010202

Top of Stack: (sp=0x00000000276ce850)
0x00000000276ce850:   0000000000000b2c 0000000000000000
0x00000000276ce860:   0000000000000000 00007ffc1f3684d9
0x00000000276ce870:   0000000043000000 0000000000000000
0x00000000276ce880:   3ff0000041c80000 0000000000000000
0x00000000276ce890:   00000000276ceac0 00007ffc1f3650b2
0x00000000276ce8a0:   0000000026bac440 0000000000000060
0x00000000276ce8b0:   0000000000000000 0000000000000000
0x00000000276ce8c0:   0000000026bac440 00007ffc1f369b3e
0x00000000276ce8d0:   00000007432b7e20 0000000000000001
0x00000000276ce8e0:   0000000742b97120 000000000ad87172
0x00000000276ce8f0:   0000000000000001 00007ffc1f3da64f
0x00000000276ce900:   0000000742c07308 0000000742c07328
0x00000000276ce910:   00000000269e5800 00000007432b7de0
0x00000000276ce920:   011000027a000003 0000000000000000
0x00000000276ce930:   3ff0000000000000 0000e1b96d1f4849
0x00000000276ce940:   00000000276ceaa0 00000000276cea78 

Instructions: (pc=0x00007ffc1f33b62c)
0x00007ffc1f33b60c:   77 41 83 e0 1f 49 8b c0 48 c1 e8 04 48 85 c0 74
0x00007ffc1f33b61c:   19 0f 1f 00 f3 0f 6f 02 48 83 c1 10 48 83 c2 10
0x00007ffc1f33b62c:   f3 0f 7f 41 f0 48 ff c8 75 ea 41 83 e0 0f 74 44
0x00007ffc1f33b63c:   41 8b f8 48 c1 ef 02 48 85 ff 74 1a 0f 1f 84 00 


Stack slot to memory mapping:
stack at sp + 0 slots: 0x0000000000000b2c is an unknown value
stack at sp + 1 slots: 0x0 is NULL
stack at sp + 2 slots: 0x0 is NULL
stack at sp + 3 slots: 0x00007ffc1f3684d9 igdumdim64.dll
stack at sp + 4 slots: 0x0000000043000000 is an unknown value
stack at sp + 5 slots: 0x0 is NULL
stack at sp + 6 slots: 0x3ff0000041c80000 is an unknown value
stack at sp + 7 slots: 0x0 is NULL


---------------  P R O C E S S  ---------------

Threads class SMR info:
_java_thread_list=0x0000000036ca5b20, length=32, elements={
0x0000000002a26000, 0x000000002415d800, 0x0000000024158800, 0x0000000024163800,
0x0000000024164000, 0x0000000024166000, 0x0000000024e35000, 0x0000000024e36800,
0x0000000024f40800, 0x0000000024f49000, 0x0000000026956000, 0x00000000269e5800,
0x0000000026c8b000, 0x0000000026c92000, 0x000000002703c800, 0x000000002c752000,
0x0000000026af8800, 0x0000000026c65800, 0x0000000026b57800, 0x000000002cb5f800,
0x000000002cb61000, 0x000000002cb60800, 0x000000002cb62000, 0x00000000329bb800,
0x00000000329bd800, 0x00000000329c0000, 0x00000000329bc000, 0x00000000329c3800,
0x00000000329be800, 0x00000000329c5000, 0x00000000329c4800, 0x00000000329c1000
}

Java Threads: ( => current thread )
  0x0000000002a26000 JavaThread "main" [_thread_blocked, id=19300, stack(0x00000000004e0000,0x00000000006e0000)]
  0x000000002415d800 JavaThread "Reference Handler" daemon [_thread_blocked, id=21624, stack(0x0000000025370000,0x0000000025570000)]
  0x0000000024158800 JavaThread "Finalizer" daemon [_thread_blocked, id=264, stack(0x0000000025570000,0x0000000025770000)]
  0x0000000024163800 JavaThread "Signal Dispatcher" daemon [_thread_blocked, id=11052, stack(0x0000000025890000,0x0000000025a90000)]
  0x0000000024164000 JavaThread "Attach Listener" daemon [_thread_blocked, id=20400, stack(0x0000000025a90000,0x0000000025c90000)]
  0x0000000024166000 JavaThread "C2 CompilerThread0" daemon [_thread_blocked, id=17540, stack(0x0000000025c90000,0x0000000025e90000)]
  0x0000000024e35000 JavaThread "C1 CompilerThread0" daemon [_thread_blocked, id=21568, stack(0x0000000025e90000,0x0000000026090000)]
  0x0000000024e36800 JavaThread "Sweeper thread" daemon [_thread_blocked, id=13464, stack(0x0000000026090000,0x0000000026290000)]
  0x0000000024f40800 JavaThread "Service Thread" daemon [_thread_blocked, id=4044, stack(0x0000000026290000,0x0000000026490000)]
  0x0000000024f49000 JavaThread "Common-Cleaner" daemon [_thread_blocked, id=20828, stack(0x0000000026690000,0x0000000026890000)]
  0x0000000026956000 JavaThread "JavaFX-Launcher" [_thread_blocked, id=19460, stack(0x0000000027090000,0x0000000027290000)]
=>0x00000000269e5800 JavaThread "QuantumRenderer-0" daemon [_thread_in_native, id=22048, stack(0x00000000274d0000,0x00000000276d0000)]
  0x0000000026c8b000 JavaThread "InvokeLaterDispatcher" daemon [_thread_blocked, id=11376, stack(0x00000000278b0000,0x0000000027ab0000)]
  0x0000000026c92000 JavaThread "JavaFX Application Thread" [_thread_blocked, id=21272, stack(0x0000000027ab0000,0x0000000027cb0000)]
  0x000000002703c800 JavaThread "Thread-2" daemon [_thread_in_native, id=21104, stack(0x000000002c440000,0x000000002c640000)]
  0x000000002c752000 JavaThread "Java2D Disposer" daemon [_thread_blocked, id=18748, stack(0x000000002dbc0000,0x000000002ddc0000)]
  0x0000000026af8800 JavaThread "AWT-Shutdown" [_thread_blocked, id=4948, stack(0x000000002ddc0000,0x000000002dfc0000)]
  0x0000000026c65800 JavaThread "AWT-Windows" daemon [_thread_in_native, id=19072, stack(0x000000002dfc0000,0x000000002e1c0000)]
  0x0000000026b57800 JavaThread "Thread-3" [_thread_blocked, id=21108, stack(0x000000002e1c0000,0x000000002e3c0000)]
  0x000000002cb5f800 JavaThread "AWT-EventQueue-0" [_thread_blocked, id=21720, stack(0x00000000306b0000,0x00000000308b0000)]
  0x000000002cb61000 JavaThread "TimerQueue" daemon [_thread_blocked, id=15972, stack(0x0000000033370000,0x0000000033570000)]
  0x000000002cb60800 JavaThread "Prism Font Disposer" daemon [_thread_blocked, id=22516, stack(0x0000000035480000,0x0000000035680000)]
  0x000000002cb62000 JavaThread "Disposer" daemon [_thread_blocked, id=16160, stack(0x0000000077160000,0x0000000077360000)]
  0x00000000329bb800 JavaThread "SwingNode Disposer" daemon [_thread_blocked, id=20840, stack(0x0000000079730000,0x0000000079930000)]
  0x00000000329bd800 JavaThread "Cleaner-0" daemon [_thread_blocked, id=14852, stack(0x000000007c000000,0x000000007c200000)]
  0x00000000329c0000 JavaThread "Hilo del compilador de BlueJ" [_thread_blocked, id=19724, stack(0x000000007ca00000,0x000000007cc00000)]
  0x00000000329bc000 JavaThread "JDI Internal Event Handler" daemon [_thread_blocked, id=7604, stack(0x000000007cc00000,0x000000007ce00000)]
  0x00000000329c3800 JavaThread "JDI Target VM Interface" daemon [_thread_in_native, id=23248, stack(0x000000007ce00000,0x000000007d000000)]
  0x00000000329be800 JavaThread "BlueJ I/O Handler" [_thread_in_native, id=1604, stack(0x000000007d200000,0x000000007d400000)]
  0x00000000329c5000 JavaThread "BlueJ I/O Handler" [_thread_in_native, id=19952, stack(0x000000007d400000,0x000000007d600000)]
  0x00000000329c4800 JavaThread "BlueJ I/O Handler" [_thread_blocked, id=20176, stack(0x000000007d600000,0x000000007d800000)]
  0x00000000329c1000 JavaThread "vm-event-handler" [_thread_blocked, id=17460, stack(0x000000007d800000,0x000000007da00000)]

Other Threads:
  0x0000000024149000 VMThread "VM Thread" [stack: 0x0000000025170000,0x0000000025370000] [id=19940]
  0x0000000024f44800 WatcherThread [stack: 0x0000000026490000,0x0000000026690000] [id=17140]
  0x0000000002a3d000 GCTaskThread "GC Thread#0" [stack: 0x0000000019f30000,0x000000001a130000] [id=18872]
  0x0000000026b4f000 GCTaskThread "GC Thread#1" [stack: 0x000000002e3c0000,0x000000002e5c0000] [id=21216]
  0x000000002c704000 GCTaskThread "GC Thread#2" [stack: 0x000000002e5c0000,0x000000002e7c0000] [id=2996]
  0x000000002c705000 GCTaskThread "GC Thread#3" [stack: 0x000000002e7c0000,0x000000002e9c0000] [id=19468]
  0x0000000002a81800 ConcurrentGCThread "G1 Main Marker" [stack: 0x0000000021720000,0x0000000021920000] [id=8056]
  0x0000000002a84800 ConcurrentGCThread "G1 Conc#0" [stack: 0x0000000021920000,0x0000000021b20000] [id=19604]
  0x0000000002b0e800 ConcurrentGCThread "G1 Refine#0" [stack: 0x0000000024170000,0x0000000024370000] [id=22988]
  0x0000000023fb2000 ConcurrentGCThread "G1 Young RemSet Sampling" [stack: 0x0000000024370000,0x0000000024570000] [id=2084]

Threads with active compile tasks:

VM state:not at safepoint (normal execution)

VM Mutex/Monitor currently owned by a thread: None

Heap address: 0x0000000741a00000, size: 3046 MB, Compressed Oops mode: Zero based, Oop shift amount: 3
Narrow klass base: 0x0000000800000000, Narrow klass shift: 0
Compressed class space size: 1073741824 Address: 0x0000000800000000

Heap:
 garbage-first heap   total 284672K, used 108445K [0x0000000741a00000, 0x0000000800000000)
  region size 1024K, 4 young (4096K), 1 survivors (1024K)
 Metaspace       used 71358K, capacity 74582K, committed 74700K, reserved 1114112K
  class space    used 9024K, capacity 10400K, committed 10444K, reserved 1048576K
Heap Regions: E=young(eden), S=young(survivor), O=old, HS=humongous(starts), HC=humongous(continues), CS=collection set, F=free, A=archive, TAMS=top-at-mark-start (previous, next)
|   0|0x0000000741a00000, 0x0000000741b00000, 0x0000000741b00000|100%| O|  |TAMS 0x0000000741b00000, 0x0000000741a00000| Untracked 
|   1|0x0000000741b00000, 0x0000000741c00000, 0x0000000741c00000|100%| O|  |TAMS 0x0000000741c00000, 0x0000000741b00000| Untracked 
|   2|0x0000000741c00000, 0x0000000741d00000, 0x0000000741d00000|100%|HS|  |TAMS 0x0000000741d00000, 0x0000000741c00000| Complete 
|   3|0x0000000741d00000, 0x0000000741e00000, 0x0000000741e00000|100%| O|  |TAMS 0x0000000741e00000, 0x0000000741d00000| Untracked 
|   4|0x0000000741e00000, 0x0000000741f00000, 0x0000000741f00000|100%| O|  |TAMS 0x0000000741f00000, 0x0000000741e00000| Untracked 
|   5|0x0000000741f00000, 0x0000000742000000, 0x0000000742000000|100%| O|  |TAMS 0x0000000742000000, 0x0000000741f00000| Untracked 
|   6|0x0000000742000000, 0x0000000742100000, 0x0000000742100000|100%| O|  |TAMS 0x0000000742100000, 0x0000000742000000| Untracked 
|   7|0x0000000742100000, 0x0000000742200000, 0x0000000742200000|100%| O|  |TAMS 0x00000007421be000, 0x0000000742100000| Untracked 
|   8|0x0000000742200000, 0x0000000742300000, 0x0000000742300000|100%|HS|  |TAMS 0x0000000742200000, 0x0000000742200000| Complete 
|   9|0x0000000742300000, 0x0000000742400000, 0x0000000742400000|100%|HC|  |TAMS 0x0000000742300000, 0x0000000742300000| Complete 
|  10|0x0000000742400000, 0x0000000742500000, 0x0000000742500000|100%| O|  |TAMS 0x0000000742400000, 0x0000000742400000| Untracked 
|  11|0x0000000742500000, 0x0000000742600000, 0x0000000742600000|100%| O|  |TAMS 0x0000000742500000, 0x0000000742500000| Untracked 
|  12|0x0000000742600000, 0x0000000742700000, 0x0000000742700000|100%| O|  |TAMS 0x0000000742600000, 0x0000000742600000| Untracked 
|  13|0x0000000742700000, 0x0000000742800000, 0x0000000742800000|100%| O|  |TAMS 0x0000000742700000, 0x0000000742700000| Untracked 
|  14|0x0000000742800000, 0x0000000742900000, 0x0000000742900000|100%| O|  |TAMS 0x0000000742800000, 0x0000000742800000| Untracked 
|  15|0x0000000742900000, 0x0000000742a00000, 0x0000000742a00000|100%| O|  |TAMS 0x0000000742900000, 0x0000000742900000| Untracked 
|  16|0x0000000742a00000, 0x0000000742b00000, 0x0000000742b00000|100%| O|  |TAMS 0x0000000742a00000, 0x0000000742a00000| Untracked 
|  17|0x0000000742b00000, 0x0000000742c00000, 0x0000000742c00000|100%| O|  |TAMS 0x0000000742b00000, 0x0000000742b00000| Untracked 
|  18|0x0000000742c00000, 0x0000000742d00000, 0x0000000742d00000|100%| O|  |TAMS 0x0000000742c00000, 0x0000000742c00000| Untracked 
|  19|0x0000000742d00000, 0x0000000742e00000, 0x0000000742e00000|100%| O|  |TAMS 0x0000000742d00000, 0x0000000742d00000| Untracked 
|  20|0x0000000742e00000, 0x0000000742f00000, 0x0000000742f00000|100%| O|  |TAMS 0x0000000742e00000, 0x0000000742e00000| Untracked 
|  21|0x0000000742f00000, 0x0000000743000000, 0x0000000743000000|100%| O|  |TAMS 0x0000000742f00000, 0x0000000742f00000| Untracked 
|  22|0x0000000743000000, 0x0000000743100000, 0x0000000743100000|100%| O|  |TAMS 0x0000000743000000, 0x0000000743000000| Untracked 
|  23|0x0000000743100000, 0x0000000743200000, 0x0000000743200000|100%| O|  |TAMS 0x0000000743100000, 0x0000000743100000| Untracked 
|  24|0x0000000743200000, 0x0000000743300000, 0x0000000743300000|100%| O|  |TAMS 0x0000000743200000, 0x0000000743200000| Untracked 
|  25|0x0000000743300000, 0x0000000743400000, 0x0000000743400000|100%| O|  |TAMS 0x0000000743300000, 0x0000000743300000| Untracked 
|  26|0x0000000743400000, 0x0000000743500000, 0x0000000743500000|100%| O|  |TAMS 0x0000000743400000, 0x0000000743400000| Untracked 
|  27|0x0000000743500000, 0x0000000743600000, 0x0000000743600000|100%| O|  |TAMS 0x0000000743500000, 0x0000000743500000| Untracked 
|  28|0x0000000743600000, 0x0000000743700000, 0x0000000743700000|100%| O|  |TAMS 0x0000000743600000, 0x0000000743600000| Untracked 
|  29|0x0000000743700000, 0x0000000743800000, 0x0000000743800000|100%| O|  |TAMS 0x0000000743700000, 0x0000000743700000| Untracked 
|  30|0x0000000743800000, 0x0000000743900000, 0x0000000743900000|100%| O|  |TAMS 0x0000000743800000, 0x0000000743800000| Untracked 
|  31|0x0000000743900000, 0x0000000743a00000, 0x0000000743a00000|100%| O|  |TAMS 0x0000000743900000, 0x0000000743900000| Untracked 
|  32|0x0000000743a00000, 0x0000000743b00000, 0x0000000743b00000|100%| O|  |TAMS 0x0000000743a00000, 0x0000000743a00000| Untracked 
|  33|0x0000000743b00000, 0x0000000743c00000, 0x0000000743c00000|100%| O|  |TAMS 0x0000000743b00000, 0x0000000743b00000| Untracked 
|  34|0x0000000743c00000, 0x0000000743d00000, 0x0000000743d00000|100%| O|  |TAMS 0x0000000743c00000, 0x0000000743c00000| Untracked 
|  35|0x0000000743d00000, 0x0000000743e00000, 0x0000000743e00000|100%| O|  |TAMS 0x0000000743d00000, 0x0000000743d00000| Untracked 
|  36|0x0000000743e00000, 0x0000000743f00000, 0x0000000743f00000|100%| O|  |TAMS 0x0000000743e00000, 0x0000000743e00000| Untracked 
|  37|0x0000000743f00000, 0x0000000744000000, 0x0000000744000000|100%| O|  |TAMS 0x0000000743f00000, 0x0000000743f00000| Untracked 
|  38|0x0000000744000000, 0x0000000744100000, 0x0000000744100000|100%| O|  |TAMS 0x0000000744000000, 0x0000000744000000| Untracked 
|  39|0x0000000744100000, 0x0000000744200000, 0x0000000744200000|100%| O|  |TAMS 0x0000000744100000, 0x0000000744100000| Untracked 
|  40|0x0000000744200000, 0x0000000744300000, 0x0000000744300000|100%| O|  |TAMS 0x0000000744200000, 0x0000000744200000| Untracked 
|  41|0x0000000744300000, 0x0000000744400000, 0x0000000744400000|100%| O|  |TAMS 0x0000000744300000, 0x0000000744300000| Untracked 
|  42|0x0000000744400000, 0x0000000744500000, 0x0000000744500000|100%| O|  |TAMS 0x0000000744400000, 0x0000000744400000| Untracked 
|  43|0x0000000744500000, 0x0000000744600000, 0x0000000744600000|100%| O|  |TAMS 0x0000000744500000, 0x0000000744500000| Untracked 
|  44|0x0000000744600000, 0x0000000744700000, 0x0000000744700000|100%| O|  |TAMS 0x0000000744600000, 0x0000000744600000| Untracked 
|  45|0x0000000744700000, 0x0000000744800000, 0x0000000744800000|100%| O|  |TAMS 0x0000000744700000, 0x0000000744700000| Untracked 
|  46|0x0000000744800000, 0x0000000744900000, 0x0000000744900000|100%| O|  |TAMS 0x0000000744800000, 0x0000000744800000| Untracked 
|  47|0x0000000744900000, 0x0000000744a00000, 0x0000000744a00000|100%| O|  |TAMS 0x0000000744900000, 0x0000000744900000| Untracked 
|  48|0x0000000744a00000, 0x0000000744b00000, 0x0000000744b00000|100%| O|  |TAMS 0x0000000744a00000, 0x0000000744a00000| Untracked 
|  49|0x0000000744b00000, 0x0000000744c00000, 0x0000000744c00000|100%| O|  |TAMS 0x0000000744b00000, 0x0000000744b00000| Untracked 
|  50|0x0000000744c00000, 0x0000000744d00000, 0x0000000744d00000|100%| O|  |TAMS 0x0000000744c00000, 0x0000000744c00000| Untracked 
|  51|0x0000000744d00000, 0x0000000744e00000, 0x0000000744e00000|100%| O|  |TAMS 0x0000000744d00000, 0x0000000744d00000| Untracked 
|  52|0x0000000744e00000, 0x0000000744f00000, 0x0000000744f00000|100%| O|  |TAMS 0x0000000744e00000, 0x0000000744e00000| Untracked 
|  53|0x0000000744f00000, 0x0000000745000000, 0x0000000745000000|100%| O|  |TAMS 0x0000000744f00000, 0x0000000744f00000| Untracked 
|  54|0x0000000745000000, 0x0000000745100000, 0x0000000745100000|100%| O|  |TAMS 0x0000000745000000, 0x0000000745000000| Untracked 
|  55|0x0000000745100000, 0x0000000745200000, 0x0000000745200000|100%| O|  |TAMS 0x0000000745100000, 0x0000000745100000| Untracked 
|  56|0x0000000745200000, 0x0000000745300000, 0x0000000745300000|100%| O|  |TAMS 0x0000000745200000, 0x0000000745200000| Untracked 
|  57|0x0000000745300000, 0x0000000745400000, 0x0000000745400000|100%| O|  |TAMS 0x0000000745300000, 0x0000000745300000| Untracked 
|  58|0x0000000745400000, 0x0000000745500000, 0x0000000745500000|100%| O|  |TAMS 0x0000000745400000, 0x0000000745400000| Untracked 
|  59|0x0000000745500000, 0x0000000745600000, 0x0000000745600000|100%| O|  |TAMS 0x0000000745500000, 0x0000000745500000| Untracked 
|  60|0x0000000745600000, 0x0000000745700000, 0x0000000745700000|100%| O|  |TAMS 0x0000000745600000, 0x0000000745600000| Untracked 
|  61|0x0000000745700000, 0x0000000745800000, 0x0000000745800000|100%| O|  |TAMS 0x0000000745700000, 0x0000000745700000| Untracked 
|  62|0x0000000745800000, 0x0000000745900000, 0x0000000745900000|100%| O|  |TAMS 0x0000000745800000, 0x0000000745800000| Untracked 
|  63|0x0000000745900000, 0x0000000745a00000, 0x0000000745a00000|100%| O|  |TAMS 0x0000000745900000, 0x0000000745900000| Untracked 
|  64|0x0000000745a00000, 0x0000000745b00000, 0x0000000745b00000|100%| O|  |TAMS 0x0000000745a00000, 0x0000000745a00000| Untracked 
|  65|0x0000000745b00000, 0x0000000745c00000, 0x0000000745c00000|100%| O|  |TAMS 0x0000000745b00000, 0x0000000745b00000| Untracked 
|  66|0x0000000745c00000, 0x0000000745d00000, 0x0000000745d00000|100%| O|  |TAMS 0x0000000745c00000, 0x0000000745c00000| Untracked 
|  67|0x0000000745d00000, 0x0000000745e00000, 0x0000000745e00000|100%| O|  |TAMS 0x0000000745d00000, 0x0000000745d00000| Untracked 
|  68|0x0000000745e00000, 0x0000000745f00000, 0x0000000745f00000|100%| O|  |TAMS 0x0000000745e00000, 0x0000000745e00000| Untracked 
|  69|0x0000000745f00000, 0x0000000746000000, 0x0000000746000000|100%| O|  |TAMS 0x0000000745f00000, 0x0000000745f00000| Untracked 
|  70|0x0000000746000000, 0x0000000746100000, 0x0000000746100000|100%| O|  |TAMS 0x0000000746000000, 0x0000000746000000| Untracked 
|  71|0x0000000746100000, 0x0000000746200000, 0x0000000746200000|100%| O|  |TAMS 0x0000000746100000, 0x0000000746100000| Untracked 
|  72|0x0000000746200000, 0x0000000746300000, 0x0000000746300000|100%| O|  |TAMS 0x0000000746200000, 0x0000000746200000| Untracked 
|  73|0x0000000746300000, 0x0000000746400000, 0x0000000746400000|100%| O|  |TAMS 0x0000000746300000, 0x0000000746300000| Untracked 
|  74|0x0000000746400000, 0x0000000746500000, 0x0000000746500000|100%| O|  |TAMS 0x0000000746400000, 0x0000000746400000| Untracked 
|  75|0x0000000746500000, 0x0000000746600000, 0x0000000746600000|100%| O|  |TAMS 0x0000000746500000, 0x0000000746500000| Untracked 
|  76|0x0000000746600000, 0x0000000746700000, 0x0000000746700000|100%| O|  |TAMS 0x0000000746600000, 0x0000000746600000| Untracked 
|  77|0x0000000746700000, 0x0000000746800000, 0x0000000746800000|100%| O|  |TAMS 0x0000000746700000, 0x0000000746700000| Untracked 
|  78|0x0000000746800000, 0x0000000746900000, 0x0000000746900000|100%| O|  |TAMS 0x0000000746800000, 0x0000000746800000| Untracked 
|  79|0x0000000746900000, 0x0000000746a00000, 0x0000000746a00000|100%| O|  |TAMS 0x0000000746900000, 0x0000000746900000| Untracked 
|  80|0x0000000746a00000, 0x0000000746b00000, 0x0000000746b00000|100%| O|  |TAMS 0x0000000746a00000, 0x0000000746a00000| Untracked 
|  81|0x0000000746b00000, 0x0000000746c00000, 0x0000000746c00000|100%| O|  |TAMS 0x0000000746b00000, 0x0000000746b00000| Untracked 
|  82|0x0000000746c00000, 0x0000000746d00000, 0x0000000746d00000|100%| O|  |TAMS 0x0000000746c00000, 0x0000000746c00000| Untracked 
|  83|0x0000000746d00000, 0x0000000746e00000, 0x0000000746e00000|100%| O|  |TAMS 0x0000000746d00000, 0x0000000746d00000| Untracked 
|  84|0x0000000746e00000, 0x0000000746f00000, 0x0000000746f00000|100%| O|  |TAMS 0x0000000746e00000, 0x0000000746e00000| Untracked 
|  85|0x0000000746f00000, 0x0000000747000000, 0x0000000747000000|100%| O|  |TAMS 0x0000000746f00000, 0x0000000746f00000| Untracked 
|  86|0x0000000747000000, 0x0000000747100000, 0x0000000747100000|100%| O|  |TAMS 0x0000000747000000, 0x0000000747000000| Untracked 
|  87|0x0000000747100000, 0x0000000747200000, 0x0000000747200000|100%| O|  |TAMS 0x0000000747100000, 0x0000000747100000| Untracked 
|  88|0x0000000747200000, 0x0000000747300000, 0x0000000747300000|100%| O|  |TAMS 0x0000000747200000, 0x0000000747200000| Untracked 
|  89|0x0000000747300000, 0x0000000747400000, 0x0000000747400000|100%| O|  |TAMS 0x0000000747300000, 0x0000000747300000| Untracked 
|  90|0x0000000747400000, 0x0000000747500000, 0x0000000747500000|100%| O|  |TAMS 0x0000000747400000, 0x0000000747400000| Untracked 
|  91|0x0000000747500000, 0x0000000747600000, 0x0000000747600000|100%| O|  |TAMS 0x0000000747500000, 0x0000000747500000| Untracked 
|  92|0x0000000747600000, 0x0000000747700000, 0x0000000747700000|100%| O|  |TAMS 0x0000000747600000, 0x0000000747600000| Untracked 
|  93|0x0000000747700000, 0x0000000747800000, 0x0000000747800000|100%| O|  |TAMS 0x0000000747700000, 0x0000000747700000| Untracked 
|  94|0x0000000747800000, 0x0000000747900000, 0x0000000747900000|100%| O|  |TAMS 0x0000000747800000, 0x0000000747800000| Untracked 
|  95|0x0000000747900000, 0x0000000747a00000, 0x0000000747a00000|100%| O|  |TAMS 0x0000000747900000, 0x0000000747900000| Untracked 
|  96|0x0000000747a00000, 0x0000000747b00000, 0x0000000747b00000|100%| O|  |TAMS 0x0000000747a00000, 0x0000000747a00000| Untracked 
|  97|0x0000000747b00000, 0x0000000747c00000, 0x0000000747c00000|100%| O|  |TAMS 0x0000000747b00000, 0x0000000747b00000| Untracked 
|  98|0x0000000747c00000, 0x0000000747d00000, 0x0000000747d00000|100%| O|  |TAMS 0x0000000747c00000, 0x0000000747c00000| Untracked 
|  99|0x0000000747d00000, 0x0000000747e00000, 0x0000000747e00000|100%| O|  |TAMS 0x0000000747d00000, 0x0000000747d00000| Untracked 
| 100|0x0000000747e00000, 0x0000000747f00000, 0x0000000747f00000|100%| O|  |TAMS 0x0000000747e00000, 0x0000000747e00000| Untracked 
| 101|0x0000000747f00000, 0x0000000748000000, 0x0000000748000000|100%| O|  |TAMS 0x0000000747f00000, 0x0000000747f00000| Untracked 
| 102|0x0000000748000000, 0x0000000748100000, 0x0000000748100000|100%| O|  |TAMS 0x0000000748000000, 0x0000000748000000| Untracked 
| 103|0x0000000748100000, 0x00000007481be800, 0x0000000748200000| 74%| O|  |TAMS 0x0000000748100000, 0x0000000748100000| Untracked 
| 104|0x0000000748200000, 0x0000000748200000, 0x0000000748300000|  0%| F|  |TAMS 0x0000000748200000, 0x0000000748200000| Untracked 
| 105|0x0000000748300000, 0x0000000748300000, 0x0000000748400000|  0%| F|  |TAMS 0x0000000748300000, 0x0000000748300000| Untracked 
| 106|0x0000000748400000, 0x0000000748400000, 0x0000000748500000|  0%| F|  |TAMS 0x0000000748400000, 0x0000000748400000| Untracked 
| 107|0x0000000748500000, 0x0000000748500000, 0x0000000748600000|  0%| F|  |TAMS 0x0000000748500000, 0x0000000748500000| Untracked 
| 108|0x0000000748600000, 0x0000000748600000, 0x0000000748700000|  0%| F|  |TAMS 0x0000000748600000, 0x0000000748600000| Untracked 
| 109|0x0000000748700000, 0x0000000748700000, 0x0000000748800000|  0%| F|  |TAMS 0x0000000748700000, 0x0000000748700000| Untracked 
| 110|0x0000000748800000, 0x0000000748800000, 0x0000000748900000|  0%| F|  |TAMS 0x0000000748800000, 0x0000000748800000| Untracked 
| 111|0x0000000748900000, 0x0000000748900000, 0x0000000748a00000|  0%| F|  |TAMS 0x0000000748900000, 0x0000000748900000| Untracked 
| 112|0x0000000748a00000, 0x0000000748a00000, 0x0000000748b00000|  0%| F|  |TAMS 0x0000000748a00000, 0x0000000748a00000| Untracked 
| 113|0x0000000748b00000, 0x0000000748b00000, 0x0000000748c00000|  0%| F|  |TAMS 0x0000000748b00000, 0x0000000748b00000| Untracked 
| 114|0x0000000748c00000, 0x0000000748c00000, 0x0000000748d00000|  0%| F|  |TAMS 0x0000000748c00000, 0x0000000748c00000| Untracked 
| 115|0x0000000748d00000, 0x0000000748d00000, 0x0000000748e00000|  0%| F|  |TAMS 0x0000000748d00000, 0x0000000748d00000| Untracked 
| 116|0x0000000748e00000, 0x0000000748e00000, 0x0000000748f00000|  0%| F|  |TAMS 0x0000000748e00000, 0x0000000748e00000| Untracked 
| 117|0x0000000748f00000, 0x0000000748f00000, 0x0000000749000000|  0%| F|  |TAMS 0x0000000748f00000, 0x0000000748f00000| Untracked 
| 118|0x0000000749000000, 0x0000000749000000, 0x0000000749100000|  0%| F|  |TAMS 0x0000000749000000, 0x0000000749000000| Untracked 
| 119|0x0000000749100000, 0x0000000749100000, 0x0000000749200000|  0%| F|  |TAMS 0x0000000749100000, 0x0000000749100000| Untracked 
| 120|0x0000000749200000, 0x0000000749200000, 0x0000000749300000|  0%| F|  |TAMS 0x0000000749200000, 0x0000000749200000| Untracked 
| 121|0x0000000749300000, 0x0000000749300000, 0x0000000749400000|  0%| F|  |TAMS 0x0000000749300000, 0x0000000749300000| Untracked 
| 122|0x0000000749400000, 0x0000000749400000, 0x0000000749500000|  0%| F|  |TAMS 0x0000000749400000, 0x0000000749400000| Untracked 
| 123|0x0000000749500000, 0x0000000749500000, 0x0000000749600000|  0%| F|  |TAMS 0x0000000749500000, 0x0000000749500000| Untracked 
| 124|0x0000000749600000, 0x0000000749600000, 0x0000000749700000|  0%| F|  |TAMS 0x0000000749600000, 0x0000000749600000| Untracked 
| 125|0x0000000749700000, 0x0000000749700000, 0x0000000749800000|  0%| F|  |TAMS 0x0000000749700000, 0x0000000749700000| Untracked 
| 126|0x0000000749800000, 0x0000000749800000, 0x0000000749900000|  0%| F|  |TAMS 0x0000000749800000, 0x0000000749800000| Untracked 
| 127|0x0000000749900000, 0x0000000749900000, 0x0000000749a00000|  0%| F|  |TAMS 0x0000000749900000, 0x0000000749900000| Untracked 
| 128|0x0000000749a00000, 0x0000000749a00000, 0x0000000749b00000|  0%| F|  |TAMS 0x0000000749a00000, 0x0000000749a00000| Untracked 
| 129|0x0000000749b00000, 0x0000000749b00000, 0x0000000749c00000|  0%| F|  |TAMS 0x0000000749b00000, 0x0000000749b00000| Untracked 
| 130|0x0000000749c00000, 0x0000000749c00000, 0x0000000749d00000|  0%| F|  |TAMS 0x0000000749c00000, 0x0000000749c00000| Untracked 
| 131|0x0000000749d00000, 0x0000000749d00000, 0x0000000749e00000|  0%| F|  |TAMS 0x0000000749d00000, 0x0000000749d00000| Untracked 
| 132|0x0000000749e00000, 0x0000000749e00000, 0x0000000749f00000|  0%| F|  |TAMS 0x0000000749e00000, 0x0000000749e00000| Untracked 
| 133|0x0000000749f00000, 0x0000000749f00000, 0x000000074a000000|  0%| F|  |TAMS 0x0000000749f00000, 0x0000000749f00000| Untracked 
| 134|0x000000074a000000, 0x000000074a000000, 0x000000074a100000|  0%| F|  |TAMS 0x000000074a000000, 0x000000074a000000| Untracked 
| 135|0x000000074a100000, 0x000000074a100000, 0x000000074a200000|  0%| F|  |TAMS 0x000000074a100000, 0x000000074a100000| Untracked 
| 136|0x000000074a200000, 0x000000074a200000, 0x000000074a300000|  0%| F|  |TAMS 0x000000074a200000, 0x000000074a200000| Untracked 
| 137|0x000000074a300000, 0x000000074a328fe0, 0x000000074a400000| 16%| S|CS|TAMS 0x000000074a300000, 0x000000074a300000| Complete 
| 138|0x000000074a400000, 0x000000074a400000, 0x000000074a500000|  0%| F|  |TAMS 0x000000074a400000, 0x000000074a400000| Untracked 
| 139|0x000000074a500000, 0x000000074a500000, 0x000000074a600000|  0%| F|  |TAMS 0x000000074a500000, 0x000000074a500000| Untracked 
| 140|0x000000074a600000, 0x000000074a600000, 0x000000074a700000|  0%| F|  |TAMS 0x000000074a600000, 0x000000074a600000| Untracked 
| 141|0x000000074a700000, 0x000000074a700000, 0x000000074a800000|  0%| F|  |TAMS 0x000000074a700000, 0x000000074a700000| Untracked 
| 142|0x000000074a800000, 0x000000074a800000, 0x000000074a900000|  0%| F|  |TAMS 0x000000074a800000, 0x000000074a800000| Untracked 
| 143|0x000000074a900000, 0x000000074a900000, 0x000000074aa00000|  0%| F|  |TAMS 0x000000074a900000, 0x000000074a900000| Untracked 
| 144|0x000000074aa00000, 0x000000074aa00000, 0x000000074ab00000|  0%| F|  |TAMS 0x000000074aa00000, 0x000000074aa00000| Untracked 
| 145|0x000000074ab00000, 0x000000074ab00000, 0x000000074ac00000|  0%| F|  |TAMS 0x000000074ab00000, 0x000000074ab00000| Untracked 
| 146|0x000000074ac00000, 0x000000074ac00000, 0x000000074ad00000|  0%| F|  |TAMS 0x000000074ac00000, 0x000000074ac00000| Untracked 
| 147|0x000000074ad00000, 0x000000074ad00000, 0x000000074ae00000|  0%| F|  |TAMS 0x000000074ad00000, 0x000000074ad00000| Untracked 
| 148|0x000000074ae00000, 0x000000074ae00000, 0x000000074af00000|  0%| F|  |TAMS 0x000000074ae00000, 0x000000074ae00000| Untracked 
| 149|0x000000074af00000, 0x000000074af00000, 0x000000074b000000|  0%| F|  |TAMS 0x000000074af00000, 0x000000074af00000| Untracked 
| 150|0x000000074b000000, 0x000000074b000000, 0x000000074b100000|  0%| F|  |TAMS 0x000000074b000000, 0x000000074b000000| Untracked 
| 151|0x000000074b100000, 0x000000074b100000, 0x000000074b200000|  0%| F|  |TAMS 0x000000074b100000, 0x000000074b100000| Untracked 
| 152|0x000000074b200000, 0x000000074b200000, 0x000000074b300000|  0%| F|  |TAMS 0x000000074b200000, 0x000000074b200000| Untracked 
| 153|0x000000074b300000, 0x000000074b300000, 0x000000074b400000|  0%| F|  |TAMS 0x000000074b300000, 0x000000074b300000| Untracked 
| 154|0x000000074b400000, 0x000000074b400000, 0x000000074b500000|  0%| F|  |TAMS 0x000000074b400000, 0x000000074b400000| Untracked 
| 155|0x000000074b500000, 0x000000074b500000, 0x000000074b600000|  0%| F|  |TAMS 0x000000074b500000, 0x000000074b500000| Untracked 
| 156|0x000000074b600000, 0x000000074b600000, 0x000000074b700000|  0%| F|  |TAMS 0x000000074b600000, 0x000000074b600000| Untracked 
| 157|0x000000074b700000, 0x000000074b700000, 0x000000074b800000|  0%| F|  |TAMS 0x000000074b700000, 0x000000074b700000| Untracked 
| 158|0x000000074b800000, 0x000000074b800000, 0x000000074b900000|  0%| F|  |TAMS 0x000000074b800000, 0x000000074b800000| Untracked 
| 159|0x000000074b900000, 0x000000074b900000, 0x000000074ba00000|  0%| F|  |TAMS 0x000000074b900000, 0x000000074b900000| Untracked 
| 160|0x000000074ba00000, 0x000000074ba00000, 0x000000074bb00000|  0%| F|  |TAMS 0x000000074ba00000, 0x000000074ba00000| Untracked 
| 161|0x000000074bb00000, 0x000000074bb00000, 0x000000074bc00000|  0%| F|  |TAMS 0x000000074bb00000, 0x000000074bb00000| Untracked 
| 162|0x000000074bc00000, 0x000000074bc00000, 0x000000074bd00000|  0%| F|  |TAMS 0x000000074bc00000, 0x000000074bc00000| Untracked 
| 163|0x000000074bd00000, 0x000000074bd00000, 0x000000074be00000|  0%| F|  |TAMS 0x000000074bd00000, 0x000000074bd00000| Untracked 
| 164|0x000000074be00000, 0x000000074be00000, 0x000000074bf00000|  0%| F|  |TAMS 0x000000074be00000, 0x000000074be00000| Untracked 
| 165|0x000000074bf00000, 0x000000074bf00000, 0x000000074c000000|  0%| F|  |TAMS 0x000000074bf00000, 0x000000074bf00000| Untracked 
| 166|0x000000074c000000, 0x000000074c000000, 0x000000074c100000|  0%| F|  |TAMS 0x000000074c000000, 0x000000074c000000| Untracked 
| 167|0x000000074c100000, 0x000000074c100000, 0x000000074c200000|  0%| F|  |TAMS 0x000000074c100000, 0x000000074c100000| Untracked 
| 168|0x000000074c200000, 0x000000074c200000, 0x000000074c300000|  0%| F|  |TAMS 0x000000074c200000, 0x000000074c200000| Untracked 
| 169|0x000000074c300000, 0x000000074c300000, 0x000000074c400000|  0%| F|  |TAMS 0x000000074c300000, 0x000000074c300000| Untracked 
| 170|0x000000074c400000, 0x000000074c400000, 0x000000074c500000|  0%| F|  |TAMS 0x000000074c400000, 0x000000074c400000| Untracked 
| 171|0x000000074c500000, 0x000000074c500000, 0x000000074c600000|  0%| F|  |TAMS 0x000000074c500000, 0x000000074c500000| Untracked 
| 172|0x000000074c600000, 0x000000074c600000, 0x000000074c700000|  0%| F|  |TAMS 0x000000074c600000, 0x000000074c600000| Untracked 
| 173|0x000000074c700000, 0x000000074c700000, 0x000000074c800000|  0%| F|  |TAMS 0x000000074c700000, 0x000000074c700000| Untracked 
| 174|0x000000074c800000, 0x000000074c800000, 0x000000074c900000|  0%| F|  |TAMS 0x000000074c800000, 0x000000074c800000| Untracked 
| 175|0x000000074c900000, 0x000000074c900000, 0x000000074ca00000|  0%| F|  |TAMS 0x000000074c900000, 0x000000074c900000| Untracked 
| 176|0x000000074ca00000, 0x000000074ca00000, 0x000000074cb00000|  0%| F|  |TAMS 0x000000074ca00000, 0x000000074ca00000| Untracked 
| 177|0x000000074cb00000, 0x000000074cb00000, 0x000000074cc00000|  0%| F|  |TAMS 0x000000074cb00000, 0x000000074cb00000| Untracked 
| 178|0x000000074cc00000, 0x000000074cc00000, 0x000000074cd00000|  0%| F|  |TAMS 0x000000074cc00000, 0x000000074cc00000| Untracked 
| 179|0x000000074cd00000, 0x000000074cd00000, 0x000000074ce00000|  0%| F|  |TAMS 0x000000074cd00000, 0x000000074cd00000| Untracked 
| 180|0x000000074ce00000, 0x000000074ce00000, 0x000000074cf00000|  0%| F|  |TAMS 0x000000074ce00000, 0x000000074ce00000| Untracked 
| 181|0x000000074cf00000, 0x000000074cf00000, 0x000000074d000000|  0%| F|  |TAMS 0x000000074cf00000, 0x000000074cf00000| Untracked 
| 182|0x000000074d000000, 0x000000074d000000, 0x000000074d100000|  0%| F|  |TAMS 0x000000074d000000, 0x000000074d000000| Untracked 
| 183|0x000000074d100000, 0x000000074d100000, 0x000000074d200000|  0%| F|  |TAMS 0x000000074d100000, 0x000000074d100000| Untracked 
| 184|0x000000074d200000, 0x000000074d200000, 0x000000074d300000|  0%| F|  |TAMS 0x000000074d200000, 0x000000074d200000| Untracked 
| 185|0x000000074d300000, 0x000000074d300000, 0x000000074d400000|  0%| F|  |TAMS 0x000000074d300000, 0x000000074d300000| Untracked 
| 186|0x000000074d400000, 0x000000074d400000, 0x000000074d500000|  0%| F|  |TAMS 0x000000074d400000, 0x000000074d400000| Untracked 
| 187|0x000000074d500000, 0x000000074d500000, 0x000000074d600000|  0%| F|  |TAMS 0x000000074d500000, 0x000000074d500000| Untracked 
| 188|0x000000074d600000, 0x000000074d600000, 0x000000074d700000|  0%| F|  |TAMS 0x000000074d600000, 0x000000074d600000| Untracked 
| 189|0x000000074d700000, 0x000000074d700000, 0x000000074d800000|  0%| F|  |TAMS 0x000000074d700000, 0x000000074d700000| Untracked 
| 190|0x000000074d800000, 0x000000074d800000, 0x000000074d900000|  0%| F|  |TAMS 0x000000074d800000, 0x000000074d800000| Untracked 
| 191|0x000000074d900000, 0x000000074d900000, 0x000000074da00000|  0%| F|  |TAMS 0x000000074d900000, 0x000000074d900000| Untracked 
| 192|0x000000074da00000, 0x000000074da00000, 0x000000074db00000|  0%| F|  |TAMS 0x000000074da00000, 0x000000074da00000| Untracked 
| 193|0x000000074db00000, 0x000000074db00000, 0x000000074dc00000|  0%| F|  |TAMS 0x000000074db00000, 0x000000074db00000| Untracked 
| 194|0x000000074dc00000, 0x000000074dc00000, 0x000000074dd00000|  0%| F|  |TAMS 0x000000074dc00000, 0x000000074dc00000| Untracked 
| 195|0x000000074dd00000, 0x000000074dd00000, 0x000000074de00000|  0%| F|  |TAMS 0x000000074dd00000, 0x000000074dd00000| Untracked 
| 196|0x000000074de00000, 0x000000074de00000, 0x000000074df00000|  0%| F|  |TAMS 0x000000074de00000, 0x000000074de00000| Untracked 
| 197|0x000000074df00000, 0x000000074df00000, 0x000000074e000000|  0%| F|  |TAMS 0x000000074df00000, 0x000000074df00000| Untracked 
| 198|0x000000074e000000, 0x000000074e000000, 0x000000074e100000|  0%| F|  |TAMS 0x000000074e000000, 0x000000074e000000| Untracked 
| 199|0x000000074e100000, 0x000000074e100000, 0x000000074e200000|  0%| F|  |TAMS 0x000000074e100000, 0x000000074e100000| Untracked 
| 200|0x000000074e200000, 0x000000074e200000, 0x000000074e300000|  0%| F|  |TAMS 0x000000074e200000, 0x000000074e200000| Untracked 
| 201|0x000000074e300000, 0x000000074e300000, 0x000000074e400000|  0%| F|  |TAMS 0x000000074e300000, 0x000000074e300000| Untracked 
| 202|0x000000074e400000, 0x000000074e400000, 0x000000074e500000|  0%| F|  |TAMS 0x000000074e400000, 0x000000074e400000| Untracked 
| 203|0x000000074e500000, 0x000000074e500000, 0x000000074e600000|  0%| F|  |TAMS 0x000000074e500000, 0x000000074e500000| Untracked 
| 204|0x000000074e600000, 0x000000074e600000, 0x000000074e700000|  0%| F|  |TAMS 0x000000074e600000, 0x000000074e600000| Untracked 
| 205|0x000000074e700000, 0x000000074e700000, 0x000000074e800000|  0%| F|  |TAMS 0x000000074e700000, 0x000000074e700000| Untracked 
| 206|0x000000074e800000, 0x000000074e800000, 0x000000074e900000|  0%| F|  |TAMS 0x000000074e800000, 0x000000074e800000| Untracked 
| 207|0x000000074e900000, 0x000000074e900000, 0x000000074ea00000|  0%| F|  |TAMS 0x000000074e900000, 0x000000074e900000| Untracked 
| 208|0x000000074ea00000, 0x000000074ea00000, 0x000000074eb00000|  0%| F|  |TAMS 0x000000074ea00000, 0x000000074ea00000| Untracked 
| 209|0x000000074eb00000, 0x000000074eb00000, 0x000000074ec00000|  0%| F|  |TAMS 0x000000074eb00000, 0x000000074eb00000| Untracked 
| 210|0x000000074ec00000, 0x000000074ec00000, 0x000000074ed00000|  0%| F|  |TAMS 0x000000074ec00000, 0x000000074ec00000| Untracked 
| 211|0x000000074ed00000, 0x000000074ed00000, 0x000000074ee00000|  0%| F|  |TAMS 0x000000074ed00000, 0x000000074ed00000| Untracked 
| 212|0x000000074ee00000, 0x000000074ee00000, 0x000000074ef00000|  0%| F|  |TAMS 0x000000074ee00000, 0x000000074ee00000| Untracked 
| 213|0x000000074ef00000, 0x000000074ef00000, 0x000000074f000000|  0%| F|  |TAMS 0x000000074ef00000, 0x000000074ef00000| Untracked 
| 214|0x000000074f000000, 0x000000074f000000, 0x000000074f100000|  0%| F|  |TAMS 0x000000074f000000, 0x000000074f000000| Untracked 
| 215|0x000000074f100000, 0x000000074f100000, 0x000000074f200000|  0%| F|  |TAMS 0x000000074f100000, 0x000000074f100000| Untracked 
| 216|0x000000074f200000, 0x000000074f200000, 0x000000074f300000|  0%| F|  |TAMS 0x000000074f200000, 0x000000074f200000| Untracked 
| 217|0x000000074f300000, 0x000000074f300000, 0x000000074f400000|  0%| F|  |TAMS 0x000000074f300000, 0x000000074f300000| Untracked 
| 218|0x000000074f400000, 0x000000074f400000, 0x000000074f500000|  0%| F|  |TAMS 0x000000074f400000, 0x000000074f400000| Untracked 
| 219|0x000000074f500000, 0x000000074f500000, 0x000000074f600000|  0%| F|  |TAMS 0x000000074f500000, 0x000000074f500000| Untracked 
| 220|0x000000074f600000, 0x000000074f600000, 0x000000074f700000|  0%| F|  |TAMS 0x000000074f600000, 0x000000074f600000| Untracked 
| 221|0x000000074f700000, 0x000000074f700000, 0x000000074f800000|  0%| F|  |TAMS 0x000000074f700000, 0x000000074f700000| Untracked 
| 222|0x000000074f800000, 0x000000074f800000, 0x000000074f900000|  0%| F|  |TAMS 0x000000074f800000, 0x000000074f800000| Untracked 
| 223|0x000000074f900000, 0x000000074f900000, 0x000000074fa00000|  0%| F|  |TAMS 0x000000074f900000, 0x000000074f900000| Untracked 
| 224|0x000000074fa00000, 0x000000074fa00000, 0x000000074fb00000|  0%| F|  |TAMS 0x000000074fa00000, 0x000000074fa00000| Untracked 
| 225|0x000000074fb00000, 0x000000074fb00000, 0x000000074fc00000|  0%| F|  |TAMS 0x000000074fb00000, 0x000000074fb00000| Untracked 
| 226|0x000000074fc00000, 0x000000074fc00000, 0x000000074fd00000|  0%| F|  |TAMS 0x000000074fc00000, 0x000000074fc00000| Untracked 
| 227|0x000000074fd00000, 0x000000074fd00000, 0x000000074fe00000|  0%| F|  |TAMS 0x000000074fd00000, 0x000000074fd00000| Untracked 
| 228|0x000000074fe00000, 0x000000074fe00000, 0x000000074ff00000|  0%| F|  |TAMS 0x000000074fe00000, 0x000000074fe00000| Untracked 
| 229|0x000000074ff00000, 0x000000074ff00000, 0x0000000750000000|  0%| F|  |TAMS 0x000000074ff00000, 0x000000074ff00000| Untracked 
| 230|0x0000000750000000, 0x0000000750000000, 0x0000000750100000|  0%| F|  |TAMS 0x0000000750000000, 0x0000000750000000| Untracked 
| 231|0x0000000750100000, 0x0000000750100000, 0x0000000750200000|  0%| F|  |TAMS 0x0000000750100000, 0x0000000750100000| Untracked 
| 232|0x0000000750200000, 0x0000000750200000, 0x0000000750300000|  0%| F|  |TAMS 0x0000000750200000, 0x0000000750200000| Untracked 
| 233|0x0000000750300000, 0x0000000750300000, 0x0000000750400000|  0%| F|  |TAMS 0x0000000750300000, 0x0000000750300000| Untracked 
| 234|0x0000000750400000, 0x0000000750400000, 0x0000000750500000|  0%| F|  |TAMS 0x0000000750400000, 0x0000000750400000| Untracked 
| 235|0x0000000750500000, 0x0000000750500000, 0x0000000750600000|  0%| F|  |TAMS 0x0000000750500000, 0x0000000750500000| Untracked 
| 236|0x0000000750600000, 0x0000000750600000, 0x0000000750700000|  0%| F|  |TAMS 0x0000000750600000, 0x0000000750600000| Untracked 
| 237|0x0000000750700000, 0x0000000750700000, 0x0000000750800000|  0%| F|  |TAMS 0x0000000750700000, 0x0000000750700000| Untracked 
| 238|0x0000000750800000, 0x0000000750800000, 0x0000000750900000|  0%| F|  |TAMS 0x0000000750800000, 0x0000000750800000| Untracked 
| 239|0x0000000750900000, 0x0000000750900000, 0x0000000750a00000|  0%| F|  |TAMS 0x0000000750900000, 0x0000000750900000| Untracked 
| 240|0x0000000750a00000, 0x0000000750a00000, 0x0000000750b00000|  0%| F|  |TAMS 0x0000000750a00000, 0x0000000750a00000| Untracked 
| 241|0x0000000750b00000, 0x0000000750b00000, 0x0000000750c00000|  0%| F|  |TAMS 0x0000000750b00000, 0x0000000750b00000| Untracked 
| 242|0x0000000750c00000, 0x0000000750c00000, 0x0000000750d00000|  0%| F|  |TAMS 0x0000000750c00000, 0x0000000750c00000| Untracked 
| 243|0x0000000750d00000, 0x0000000750d00000, 0x0000000750e00000|  0%| F|  |TAMS 0x0000000750d00000, 0x0000000750d00000| Untracked 
| 244|0x0000000750e00000, 0x0000000750e00000, 0x0000000750f00000|  0%| F|  |TAMS 0x0000000750e00000, 0x0000000750e00000| Untracked 
| 245|0x0000000750f00000, 0x0000000750f00000, 0x0000000751000000|  0%| F|  |TAMS 0x0000000750f00000, 0x0000000750f00000| Untracked 
| 246|0x0000000751000000, 0x0000000751000000, 0x0000000751100000|  0%| F|  |TAMS 0x0000000751000000, 0x0000000751000000| Untracked 
| 247|0x0000000751100000, 0x0000000751100000, 0x0000000751200000|  0%| F|  |TAMS 0x0000000751100000, 0x0000000751100000| Untracked 
| 248|0x0000000751200000, 0x0000000751200000, 0x0000000751300000|  0%| F|  |TAMS 0x0000000751200000, 0x0000000751200000| Untracked 
| 249|0x0000000751300000, 0x0000000751300000, 0x0000000751400000|  0%| F|  |TAMS 0x0000000751300000, 0x0000000751300000| Untracked 
| 250|0x0000000751400000, 0x0000000751400000, 0x0000000751500000|  0%| F|  |TAMS 0x0000000751400000, 0x0000000751400000| Untracked 
| 251|0x0000000751500000, 0x0000000751500000, 0x0000000751600000|  0%| F|  |TAMS 0x0000000751500000, 0x0000000751500000| Untracked 
| 252|0x0000000751600000, 0x0000000751600000, 0x0000000751700000|  0%| F|  |TAMS 0x0000000751600000, 0x0000000751600000| Untracked 
| 253|0x0000000751700000, 0x0000000751700000, 0x0000000751800000|  0%| F|  |TAMS 0x0000000751700000, 0x0000000751700000| Untracked 
| 254|0x0000000751800000, 0x0000000751800000, 0x0000000751900000|  0%| F|  |TAMS 0x0000000751800000, 0x0000000751800000| Untracked 
| 255|0x0000000751900000, 0x0000000751900000, 0x0000000751a00000|  0%| F|  |TAMS 0x0000000751900000, 0x0000000751900000| Untracked 
| 256|0x0000000751a00000, 0x0000000751a00000, 0x0000000751b00000|  0%| F|  |TAMS 0x0000000751a00000, 0x0000000751a00000| Untracked 
| 257|0x0000000751b00000, 0x0000000751b00000, 0x0000000751c00000|  0%| F|  |TAMS 0x0000000751b00000, 0x0000000751b00000| Untracked 
| 258|0x0000000751c00000, 0x0000000751c00000, 0x0000000751d00000|  0%| F|  |TAMS 0x0000000751c00000, 0x0000000751c00000| Untracked 
| 259|0x0000000751d00000, 0x0000000751d00000, 0x0000000751e00000|  0%| F|  |TAMS 0x0000000751d00000, 0x0000000751d00000| Untracked 
| 260|0x0000000751e00000, 0x0000000751e00000, 0x0000000751f00000|  0%| F|  |TAMS 0x0000000751e00000, 0x0000000751e00000| Untracked 
| 261|0x0000000751f00000, 0x0000000751f00000, 0x0000000752000000|  0%| F|  |TAMS 0x0000000751f00000, 0x0000000751f00000| Untracked 
| 262|0x0000000752000000, 0x0000000752000000, 0x0000000752100000|  0%| F|  |TAMS 0x0000000752000000, 0x0000000752000000| Untracked 
| 263|0x0000000752100000, 0x0000000752100000, 0x0000000752200000|  0%| F|  |TAMS 0x0000000752100000, 0x0000000752100000| Untracked 
| 264|0x0000000752200000, 0x0000000752200000, 0x0000000752300000|  0%| F|  |TAMS 0x0000000752200000, 0x0000000752200000| Untracked 
| 265|0x0000000752300000, 0x0000000752300000, 0x0000000752400000|  0%| F|  |TAMS 0x0000000752300000, 0x0000000752300000| Untracked 
| 266|0x0000000752400000, 0x0000000752400000, 0x0000000752500000|  0%| F|  |TAMS 0x0000000752400000, 0x0000000752400000| Untracked 
| 267|0x0000000752500000, 0x0000000752500000, 0x0000000752600000|  0%| F|  |TAMS 0x0000000752500000, 0x0000000752500000| Untracked 
| 268|0x0000000752600000, 0x0000000752600000, 0x0000000752700000|  0%| F|  |TAMS 0x0000000752600000, 0x0000000752600000| Untracked 
| 269|0x0000000752700000, 0x0000000752700000, 0x0000000752800000|  0%| F|  |TAMS 0x0000000752700000, 0x0000000752700000| Untracked 
| 270|0x0000000752800000, 0x0000000752800000, 0x0000000752900000|  0%| F|  |TAMS 0x0000000752800000, 0x0000000752800000| Untracked 
| 271|0x0000000752900000, 0x0000000752900000, 0x0000000752a00000|  0%| F|  |TAMS 0x0000000752900000, 0x0000000752900000| Untracked 
| 272|0x0000000752a00000, 0x0000000752a00000, 0x0000000752b00000|  0%| F|  |TAMS 0x0000000752a00000, 0x0000000752a00000| Untracked 
| 273|0x0000000752b00000, 0x0000000752b00000, 0x0000000752c00000|  0%| F|  |TAMS 0x0000000752b00000, 0x0000000752b00000| Untracked 
| 274|0x0000000752c00000, 0x0000000752c00000, 0x0000000752d00000|  0%| F|  |TAMS 0x0000000752c00000, 0x0000000752c00000| Untracked 
| 275|0x0000000752d00000, 0x0000000752d00800, 0x0000000752e00000|  0%| E|  |TAMS 0x0000000752d00000, 0x0000000752d00000| Complete 
| 276|0x0000000752e00000, 0x0000000752f00000, 0x0000000752f00000|100%| E|CS|TAMS 0x0000000752e00000, 0x0000000752e00000| Complete 
| 277|0x0000000752f00000, 0x0000000753000000, 0x0000000753000000|100%| E|CS|TAMS 0x0000000752f00000, 0x0000000752f00000| Complete 

Card table byte_map: [0x000000001ab70000,0x000000001b170000] _byte_map_base: 0x0000000017163000

Marking Bits (Prev, Next): (CMBitMap*) 0x0000000002a75160, (CMBitMap*) 0x0000000002a75128
 Prev Bits: [0x000000001e710000, 0x00000000216a8000)
 Next Bits: [0x000000001b770000, 0x000000001e708000)

Polling page: 0x0000000000bb0000

Metaspace:

Usage:
  Non-class:     62.68 MB capacity,    60.87 MB ( 97%) used,     1.41 MB (  2%) free+waste,   399.75 KB ( <1%) overhead. 
      Class:     10.16 MB capacity,     8.81 MB ( 87%) used,     1.16 MB ( 11%) free+waste,   188.88 KB (  2%) overhead. 
       Both:     72.83 MB capacity,    69.69 MB ( 96%) used,     2.57 MB (  4%) free+waste,   588.63 KB ( <1%) overhead. 

Virtual space:
  Non-class space:       64.00 MB reserved,      62.75 MB ( 98%) committed 
      Class space:        1.00 GB reserved,      10.20 MB ( <1%) committed 
             Both:        1.06 GB reserved,      72.95 MB (  7%) committed 

Chunk freelists:
   Non-Class:  1.25 KB
       Class:  0 bytes
        Both:  1.25 KB

CodeHeap 'non-profiled nmethods': size=120064Kb used=8478Kb max_used=8911Kb free=111585Kb
 bounds [0x0000000012810000, 0x00000000130d0000, 0x0000000019d50000]
CodeHeap 'profiled nmethods': size=120000Kb used=23317Kb max_used=29076Kb free=96682Kb
 bounds [0x000000000b2e0000, 0x000000000cf70000, 0x0000000012810000]
CodeHeap 'non-nmethods': size=5696Kb used=1587Kb max_used=1652Kb free=4108Kb
 bounds [0x000000000ad50000, 0x000000000afc0000, 0x000000000b2e0000]
 total_blobs=20098 nmethods=11449 adapters=1027
 compilation: enabled
              stopped_count=0, restarted_count=0
 full_count=0

Compilation events (10 events):
Event: 51972.791 Thread 0x0000000024e35000 14718       1       com.sun.tools.jdi.JDWP$Event$Composite$Events$ThreadStart::eventKind (3 bytes)
Event: 51972.791 Thread 0x0000000024e35000 nmethod 14718 0x000000001286da10 code [0x000000001286dbc0, 0x000000001286dcd8]
Event: 52801.848 Thread 0x0000000024e35000 14720  s!   3       com.sun.tools.jdi.ThreadReferenceImpl::privateFrames (254 bytes)
Event: 52801.861 Thread 0x0000000024e35000 nmethod 14720 0x000000000b6c7e90 code [0x000000000b6c8280, 0x000000000b6ca3c0]
Event: 52801.861 Thread 0x0000000024e35000 14719       3       com.sun.tools.jdi.ThreadReferenceImpl::frame (18 bytes)
Event: 52801.862 Thread 0x0000000024e35000 nmethod 14719 0x000000000b2f3c90 code [0x000000000b2f3e60, 0x000000000b2f41e0]
Event: 53086.614 Thread 0x0000000024e35000 14721   !   3       com.sun.tools.jdi.ThreadReferenceImpl::isAtBreakpoint (85 bytes)
Event: 53086.626 Thread 0x0000000024e35000 nmethod 14721 0x000000000b6cf010 code [0x000000000b6cf360, 0x000000000b6d0910]
Event: 53575.112 Thread 0x0000000024166000 14722       4       javafx.scene.Scene$ClickGenerator::preProcess (290 bytes)
Event: 53575.192 Thread 0x0000000024166000 nmethod 14722 0x0000000012934b90 code [0x0000000012934ec0, 0x00000000129360c0]

GC Heap History (10 events):
Event: 43123.090 GC heap before
{Heap before GC invocations=46 (full 0):
 garbage-first heap   total 284672K, used 247934K [0x0000000741a00000, 0x0000000800000000)
  region size 1024K, 145 young (148480K), 7 survivors (7168K)
 Metaspace       used 71344K, capacity 74577K, committed 74700K, reserved 1114112K
  class space    used 9024K, capacity 10400K, committed 10444K, reserved 1048576K
}
Event: 43123.113 GC heap after
{Heap after GC invocations=47 (full 0):
 garbage-first heap   total 284672K, used 106618K [0x0000000741a00000, 0x0000000800000000)
  region size 1024K, 5 young (5120K), 5 survivors (5120K)
 Metaspace       used 71344K, capacity 74577K, committed 74700K, reserved 1114112K
  class space    used 9024K, capacity 10400K, committed 10444K, reserved 1048576K
}
Event: 48553.004 GC heap before
{Heap before GC invocations=47 (full 0):
 garbage-first heap   total 284672K, used 249978K [0x0000000741a00000, 0x0000000800000000)
  region size 1024K, 145 young (148480K), 5 survivors (5120K)
 Metaspace       used 71344K, capacity 74577K, committed 74700K, reserved 1114112K
  class space    used 9024K, capacity 10400K, committed 10444K, reserved 1048576K
}
Event: 48553.087 GC heap after
{Heap after GC invocations=48 (full 0):
 garbage-first heap   total 284672K, used 107002K [0x0000000741a00000, 0x0000000800000000)
  region size 1024K, 2 young (2048K), 2 survivors (2048K)
 Metaspace       used 71344K, capacity 74577K, committed 74700K, reserved 1114112K
  class space    used 9024K, capacity 10400K, committed 10444K, reserved 1048576K
}
Event: 50214.652 GC heap before
{Heap before GC invocations=48 (full 0):
 garbage-first heap   total 284672K, used 249338K [0x0000000741a00000, 0x0000000800000000)
  region size 1024K, 141 young (144384K), 2 survivors (2048K)
 Metaspace       used 71344K, capacity 74577K, committed 74700K, reserved 1114112K
  class space    used 9024K, capacity 10400K, committed 10444K, reserved 1048576K
}
Event: 50214.657 GC heap after
{Heap after GC invocations=49 (full 0):
 garbage-first heap   total 284672K, used 106486K [0x0000000741a00000, 0x0000000800000000)
  region size 1024K, 1 young (1024K), 1 survivors (1024K)
 Metaspace       used 71344K, capacity 74577K, committed 74700K, reserved 1114112K
  class space    used 9024K, capacity 10400K, committed 10444K, reserved 1048576K
}
Event: 51885.932 GC heap before
{Heap before GC invocations=49 (full 0):
 garbage-first heap   total 284672K, used 249846K [0x0000000741a00000, 0x0000000800000000)
  region size 1024K, 141 young (144384K), 1 survivors (1024K)
 Metaspace       used 71347K, capacity 74582K, committed 74700K, reserved 1114112K
  class space    used 9024K, capacity 10400K, committed 10444K, reserved 1048576K
}
Event: 51885.936 GC heap after
{Heap after GC invocations=50 (full 0):
 garbage-first heap   total 284672K, used 106362K [0x0000000741a00000, 0x0000000800000000)
  region size 1024K, 1 young (1024K), 1 survivors (1024K)
 Metaspace       used 71347K, capacity 74582K, committed 74700K, reserved 1114112K
  class space    used 9024K, capacity 10400K, committed 10444K, reserved 1048576K
}
Event: 53558.444 GC heap before
{Heap before GC invocations=50 (full 0):
 garbage-first heap   total 284672K, used 249722K [0x0000000741a00000, 0x0000000800000000)
  region size 1024K, 141 young (144384K), 1 survivors (1024K)
 Metaspace       used 71358K, capacity 74582K, committed 74700K, reserved 1114112K
  class space    used 9024K, capacity 10400K, committed 10444K, reserved 1048576K
}
Event: 53558.484 GC heap after
{Heap after GC invocations=51 (full 0):
 garbage-first heap   total 284672K, used 106397K [0x0000000741a00000, 0x0000000800000000)
  region size 1024K, 1 young (1024K), 1 survivors (1024K)
 Metaspace       used 71358K, capacity 74582K, committed 74700K, reserved 1114112K
  class space    used 9024K, capacity 10400K, committed 10444K, reserved 1048576K
}

Deoptimization events (10 events):
Event: 21174.076 Thread 0x0000000026c92000 Uncommon trap: reason=unstable_if action=reinterpret pc=0x00000000129d3d84 method=com.sun.javafx.scene.KeyboardShortcutsHandler.dispatchCapturingEvent(Ljavafx/event/Event;)Ljavafx/event/Event; @ 4 c2
Event: 21174.082 Thread 0x0000000026c92000 Uncommon trap: reason=bimorphic_or_optimized_type_check action=maybe_recompile pc=0x0000000012d6ed40 method=org.fxmisc.richtext.model.TwoLevelNavigator$Pos.offsetBy(ILorg/fxmisc/richtext/model/TwoDimensional$Bias;)Lorg/fxmisc/richtext/model/TwoDimensional
Event: 21174.165 Thread 0x00000000269e5800 Uncommon trap: reason=profile_predicate action=maybe_recompile pc=0x0000000012852b68 method=java.util.Arrays.binarySearch0([Ljava/lang/Object;IILjava/lang/Object;Ljava/util/Comparator;)I @ 25 c2
Event: 21174.166 Thread 0x00000000269e5800 Uncommon trap: reason=null_check action=make_not_entrant pc=0x0000000012df079c method=com.sun.prism.impl.BaseResourcePool$WeakLinkedList.getResource()Lcom/sun/prism/impl/ManagedResource; @ 7 c2
Event: 21174.203 Thread 0x0000000026c92000 Uncommon trap: reason=bimorphic_or_optimized_type_check action=maybe_recompile pc=0x0000000012f14088 method=com.sun.javafx.event.CompositeEventHandler.dispatchBubblingEvent(Ljavafx/event/Event;)V @ 12 c2
Event: 39367.009 Thread 0x000000002703c800 Uncommon trap: reason=unstable_if action=reinterpret pc=0x0000000012b7c05c method=java.util.concurrent.locks.ReentrantLock$Sync.nonfairTryAcquire(I)Z @ 19 c2
Event: 39369.079 Thread 0x00000000269e5800 Uncommon trap: reason=null_check action=make_not_entrant pc=0x0000000012fdde24 method=com.sun.javafx.sg.prism.NGRegion.getImageCache(Lcom/sun/prism/Graphics;)Lcom/sun/javafx/sg/prism/RegionImageCache; @ 14 c2
Event: 39369.085 Thread 0x00000000269e5800 Uncommon trap: reason=null_check action=make_not_entrant pc=0x00000000128c65a4 method=com.sun.scenario.effect.impl.Renderer.getRenderer(Lcom/sun/scenario/effect/FilterContext;)Lcom/sun/scenario/effect/impl/Renderer; @ 23 c2
Event: 39369.307 Thread 0x00000000269e5800 Uncommon trap: reason=null_check action=make_not_entrant pc=0x0000000012fe6c18 method=com.sun.scenario.effect.impl.Renderer.getPeerInstance(Lcom/sun/scenario/effect/FilterContext;Ljava/lang/String;I)Lcom/sun/scenario/effect/impl/EffectPeer; @ 43 c2
Event: 47954.478 Thread 0x0000000026c8b000 Uncommon trap: reason=unstable_if action=reinterpret pc=0x0000000012b788d0 method=java.util.concurrent.locks.ReentrantLock$Sync.nonfairTryAcquire(I)Z @ 19 c2

Classes redefined (0 events):
No events

Internal exceptions (10 events):
Event: 16541.834 Thread 0x0000000026c92000 Implicit null exception at 0x0000000012faf748 to 0x0000000012fb0c6a
Event: 21174.166 Thread 0x00000000269e5800 Implicit null exception at 0x0000000012df070d to 0x0000000012df0792
Event: 39369.084 Thread 0x00000000269e5800 Implicit null exception at 0x00000000128c5ded to 0x00000000128c6593
Event: 39369.306 Thread 0x00000000269e5800 Implicit null exception at 0x0000000012fe6317 to 0x0000000012fe6bfe
Event: 39373.971 Thread 0x00000000329b7000 Exception <a 'java/lang/InterruptedException'{0x000000074cd65310}: sleep interrupted> (0x000000074cd65310) thrown at [t:/workspace/open/src/hotspot/share/prims/jvm.cpp, line 3091]
Event: 39373.972 Thread 0x00000000329b8000 Exception <a 'java/lang/InterruptedException'{0x000000074cdc8ab8}: sleep interrupted> (0x000000074cdc8ab8) thrown at [t:/workspace/open/src/hotspot/share/prims/jvm.cpp, line 3091]
Event: 39373.973 Thread 0x00000000329b9000 Exception <a 'java/lang/InterruptedException'{0x000000074cc00040}: sleep interrupted> (0x000000074cc00040) thrown at [t:/workspace/open/src/hotspot/share/prims/jvm.cpp, line 3091]
Event: 41313.242 Thread 0x00000000329b9800 Exception <a 'java/lang/InterruptedException'{0x000000074b382928}: sleep interrupted> (0x000000074b382928) thrown at [t:/workspace/open/src/hotspot/share/prims/jvm.cpp, line 3091]
Event: 47961.112 Thread 0x00000000329bd000 Exception <a 'java/lang/InterruptedException'{0x000000074d580840}: sleep interrupted> (0x000000074d580840) thrown at [t:/workspace/open/src/hotspot/share/prims/jvm.cpp, line 3091]
Event: 47963.371 Thread 0x00000000329b7000 Exception <a 'java/lang/InterruptedException'{0x000000074d5dcd78}: sleep interrupted> (0x000000074d5dcd78) thrown at [t:/workspace/open/src/hotspot/share/prims/jvm.cpp, line 3091]

Events (10 events):
Event: 52800.824 Thread 0x00000000329bd000 Thread added: 0x00000000329bd000
Event: 52800.827 Thread 0x00000000329bd000 Thread exited: 0x00000000329bd000
Event: 52801.851 Thread 0x00000000329bd000 Thread added: 0x00000000329bd000
Event: 52801.855 Thread 0x00000000329bd000 Thread exited: 0x00000000329bd000
Event: 53085.609 Thread 0x00000000329b9000 Thread added: 0x00000000329b9000
Event: 53085.613 Thread 0x00000000329b9000 Thread exited: 0x00000000329b9000
Event: 53086.617 Thread 0x00000000329bd000 Thread added: 0x00000000329bd000
Event: 53086.619 Thread 0x00000000329bd000 Thread exited: 0x00000000329bd000
Event: 53558.443 Executing VM operation: G1CollectForAllocation
Event: 53558.484 Executing VM operation: G1CollectForAllocation done


Dynamic libraries:
0x0000000000400000 - 0x00000000004d2000 	C:\Program Files\BlueJ\BlueJ.exe
0x00007ffc6cc70000 - 0x00007ffc6ce66000 	C:\WINDOWS\SYSTEM32\ntdll.dll
0x00007ffc6b3d0000 - 0x00007ffc6b48d000 	C:\WINDOWS\System32\KERNEL32.DLL
0x00007ffc6a900000 - 0x00007ffc6abc9000 	C:\WINDOWS\System32\KERNELBASE.dll
0x00007ffc6c610000 - 0x00007ffc6c6ae000 	C:\WINDOWS\System32\msvcrt.dll
0x00007ffc6bc20000 - 0x00007ffc6c362000 	C:\WINDOWS\System32\SHELL32.dll
0x00007ffc6a510000 - 0x00007ffc6a5ad000 	C:\WINDOWS\System32\msvcp_win.dll
0x00007ffc6a720000 - 0x00007ffc6a820000 	C:\WINDOWS\System32\ucrtbase.dll
0x00007ffc6b910000 - 0x00007ffc6bab0000 	C:\WINDOWS\System32\USER32.dll
0x00007ffc6a820000 - 0x00007ffc6a842000 	C:\WINDOWS\System32\win32u.dll
0x00007ffc6c4a0000 - 0x00007ffc6c4ca000 	C:\WINDOWS\System32\GDI32.dll
0x00007ffc6a610000 - 0x00007ffc6a719000 	C:\WINDOWS\System32\gdi32full.dll
0x00007ffc6b370000 - 0x00007ffc6b3c5000 	C:\WINDOWS\System32\SHLWAPI.dll
0x00007ffc5c7b0000 - 0x00007ffc5c7ba000 	C:\WINDOWS\SYSTEM32\VERSION.dll
0x00007ffc6bac0000 - 0x00007ffc6baf0000 	C:\WINDOWS\System32\IMM32.DLL
0x00007ffc6ad70000 - 0x00007ffc6ae1e000 	C:\WINDOWS\System32\shcore.dll
0x00007ffc6c720000 - 0x00007ffc6ca76000 	C:\WINDOWS\System32\combase.dll
0x00007ffc6b240000 - 0x00007ffc6b36b000 	C:\WINDOWS\System32\RPCRT4.dll
0x00007ffc21ad0000 - 0x00007ffc225f3000 	C:\Program Files\BlueJ\jdk\bin\server\jvm.dll
0x00007ffc6caa0000 - 0x00007ffc6cb4c000 	C:\WINDOWS\System32\ADVAPI32.dll
0x00007ffc6acd0000 - 0x00007ffc6ad6c000 	C:\WINDOWS\System32\sechost.dll
0x00007ffc6bab0000 - 0x00007ffc6bab8000 	C:\WINDOWS\System32\PSAPI.DLL
0x00007ffc5c730000 - 0x00007ffc5c757000 	C:\WINDOWS\SYSTEM32\WINMM.dll
0x00007ffc516f0000 - 0x00007ffc516f9000 	C:\WINDOWS\SYSTEM32\WSOCK32.dll
0x00007ffc6c6b0000 - 0x00007ffc6c71b000 	C:\WINDOWS\System32\WS2_32.dll
0x00007ffc4bd60000 - 0x00007ffc4bd76000 	C:\Program Files\BlueJ\jdk\bin\VCRUNTIME140.dll
0x00007ffc451f0000 - 0x00007ffc45201000 	C:\Program Files\BlueJ\jdk\bin\verify.dll
0x00007ffc69ce0000 - 0x00007ffc69ec4000 	C:\WINDOWS\SYSTEM32\DBGHELP.DLL
0x00007ffc69b10000 - 0x00007ffc69b3c000 	C:\WINDOWS\SYSTEM32\dbgcore.DLL
0x00007ffc6abd0000 - 0x00007ffc6ac50000 	C:\WINDOWS\System32\bcryptPrimitives.dll
0x00007ffc3fa00000 - 0x00007ffc3fa28000 	C:\Program Files\BlueJ\jdk\bin\java.dll
0x00007ffc35c10000 - 0x00007ffc35c26000 	C:\Program Files\BlueJ\jdk\bin\zip.dll
0x00007ffc55f30000 - 0x00007ffc55f3a000 	C:\Program Files\BlueJ\jdk\bin\jimage.dll
0x00007ffc68660000 - 0x00007ffc68672000 	C:\WINDOWS\SYSTEM32\kernel.appcore.dll
0x00007ffc67eb0000 - 0x00007ffc68645000 	C:\WINDOWS\SYSTEM32\windows.storage.dll
0x00007ffc696d0000 - 0x00007ffc696fc000 	C:\WINDOWS\SYSTEM32\Wldp.dll
0x00007ffc6a2e0000 - 0x00007ffc6a306000 	C:\WINDOWS\SYSTEM32\profapi.dll
0x00007ffc342b0000 - 0x00007ffc342c9000 	C:\Program Files\BlueJ\jdk\bin\net.dll
0x00007ffc5e350000 - 0x00007ffc5e450000 	C:\WINDOWS\SYSTEM32\WINHTTP.dll
0x00007ffc5b060000 - 0x00007ffc5b24d000 	C:\WINDOWS\SYSTEM32\urlmon.dll
0x00007ffc5c080000 - 0x00007ffc5c330000 	C:\WINDOWS\SYSTEM32\iertutil.dll
0x00007ffc695b0000 - 0x00007ffc6961a000 	C:\WINDOWS\system32\mswsock.dll
0x00007ffc21ab0000 - 0x00007ffc21ac3000 	C:\Program Files\BlueJ\jdk\bin\nio.dll
0x0000000180000000 - 0x0000000180003000 	C:\Program Files\BlueJ\lib\javafx\bin\api-ms-win-core-console-l1-1-0.dll
0x0000000000bf0000 - 0x0000000000bf3000 	C:\Program Files\BlueJ\lib\javafx\bin\api-ms-win-core-datetime-l1-1-0.dll
0x0000000000c00000 - 0x0000000000c03000 	C:\Program Files\BlueJ\lib\javafx\bin\api-ms-win-core-debug-l1-1-0.dll
0x0000000000c10000 - 0x0000000000c13000 	C:\Program Files\BlueJ\lib\javafx\bin\api-ms-win-core-errorhandling-l1-1-0.dll
0x0000000027290000 - 0x0000000027294000 	C:\Program Files\BlueJ\lib\javafx\bin\api-ms-win-core-file-l1-1-0.dll
0x00000000272a0000 - 0x00000000272a3000 	C:\Program Files\BlueJ\lib\javafx\bin\api-ms-win-core-file-l1-2-0.dll
0x00000000272b0000 - 0x00000000272b3000 	C:\Program Files\BlueJ\lib\javafx\bin\api-ms-win-core-file-l2-1-0.dll
0x00000000272c0000 - 0x00000000272c3000 	C:\Program Files\BlueJ\lib\javafx\bin\api-ms-win-core-handle-l1-1-0.dll
0x00000000272d0000 - 0x00000000272d3000 	C:\Program Files\BlueJ\lib\javafx\bin\api-ms-win-core-heap-l1-1-0.dll
0x00000000272e0000 - 0x00000000272e3000 	C:\Program Files\BlueJ\lib\javafx\bin\api-ms-win-core-interlocked-l1-1-0.dll
0x00000000272f0000 - 0x00000000272f3000 	C:\Program Files\BlueJ\lib\javafx\bin\api-ms-win-core-libraryloader-l1-1-0.dll
0x0000000027300000 - 0x0000000027303000 	C:\Program Files\BlueJ\lib\javafx\bin\api-ms-win-core-localization-l1-2-0.dll
0x0000000027310000 - 0x0000000027313000 	C:\Program Files\BlueJ\lib\javafx\bin\api-ms-win-core-memory-l1-1-0.dll
0x0000000027320000 - 0x0000000027323000 	C:\Program Files\BlueJ\lib\javafx\bin\api-ms-win-core-namedpipe-l1-1-0.dll
0x0000000027330000 - 0x0000000027333000 	C:\Program Files\BlueJ\lib\javafx\bin\api-ms-win-core-processenvironment-l1-1-0.dll
0x0000000027340000 - 0x0000000027343000 	C:\Program Files\BlueJ\lib\javafx\bin\api-ms-win-core-processthreads-l1-1-0.dll
0x0000000027350000 - 0x0000000027353000 	C:\Program Files\BlueJ\lib\javafx\bin\api-ms-win-core-processthreads-l1-1-1.dll
0x0000000027360000 - 0x0000000027363000 	C:\Program Files\BlueJ\lib\javafx\bin\api-ms-win-core-profile-l1-1-0.dll
0x0000000027370000 - 0x0000000027373000 	C:\Program Files\BlueJ\lib\javafx\bin\api-ms-win-core-rtlsupport-l1-1-0.dll
0x0000000027380000 - 0x0000000027383000 	C:\Program Files\BlueJ\lib\javafx\bin\api-ms-win-core-string-l1-1-0.dll
0x0000000027390000 - 0x0000000027393000 	C:\Program Files\BlueJ\lib\javafx\bin\api-ms-win-core-synch-l1-1-0.dll
0x00000000273a0000 - 0x00000000273a3000 	C:\Program Files\BlueJ\lib\javafx\bin\api-ms-win-core-synch-l1-2-0.dll
0x00000000273b0000 - 0x00000000273b3000 	C:\Program Files\BlueJ\lib\javafx\bin\api-ms-win-core-sysinfo-l1-1-0.dll
0x00000000273c0000 - 0x00000000273c3000 	C:\Program Files\BlueJ\lib\javafx\bin\api-ms-win-core-timezone-l1-1-0.dll
0x00000000273d0000 - 0x00000000273d3000 	C:\Program Files\BlueJ\lib\javafx\bin\api-ms-win-core-util-l1-1-0.dll
0x00000000273e0000 - 0x00000000273e3000 	C:\Program Files\BlueJ\lib\javafx\bin\api-ms-win-crt-conio-l1-1-0.dll
0x00000000273f0000 - 0x00000000273f4000 	C:\Program Files\BlueJ\lib\javafx\bin\api-ms-win-crt-convert-l1-1-0.dll
0x0000000027400000 - 0x0000000027403000 	C:\Program Files\BlueJ\lib\javafx\bin\api-ms-win-crt-environment-l1-1-0.dll
0x0000000027410000 - 0x0000000027413000 	C:\Program Files\BlueJ\lib\javafx\bin\api-ms-win-crt-filesystem-l1-1-0.dll
0x0000000027420000 - 0x0000000027423000 	C:\Program Files\BlueJ\lib\javafx\bin\api-ms-win-crt-heap-l1-1-0.dll
0x0000000027430000 - 0x0000000027433000 	C:\Program Files\BlueJ\lib\javafx\bin\api-ms-win-crt-locale-l1-1-0.dll
0x0000000027440000 - 0x0000000027445000 	C:\Program Files\BlueJ\lib\javafx\bin\api-ms-win-crt-math-l1-1-0.dll
0x0000000027450000 - 0x0000000027455000 	C:\Program Files\BlueJ\lib\javafx\bin\api-ms-win-crt-multibyte-l1-1-0.dll
0x0000000027460000 - 0x0000000027470000 	C:\Program Files\BlueJ\lib\javafx\bin\api-ms-win-crt-private-l1-1-0.dll
0x0000000027470000 - 0x0000000027473000 	C:\Program Files\BlueJ\lib\javafx\bin\api-ms-win-crt-process-l1-1-0.dll
0x0000000027480000 - 0x0000000027484000 	C:\Program Files\BlueJ\lib\javafx\bin\api-ms-win-crt-runtime-l1-1-0.dll
0x0000000027490000 - 0x0000000027494000 	C:\Program Files\BlueJ\lib\javafx\bin\api-ms-win-crt-stdio-l1-1-0.dll
0x00000000274a0000 - 0x00000000274a4000 	C:\Program Files\BlueJ\lib\javafx\bin\api-ms-win-crt-string-l1-1-0.dll
0x00000000274b0000 - 0x00000000274b3000 	C:\Program Files\BlueJ\lib\javafx\bin\api-ms-win-crt-time-l1-1-0.dll
0x00000000274c0000 - 0x00000000274c3000 	C:\Program Files\BlueJ\lib\javafx\bin\api-ms-win-crt-utility-l1-1-0.dll
0x00007ffc219b0000 - 0x00007ffc21aaa000 	C:\Program Files\BlueJ\lib\javafx\bin\ucrtbase.dll
0x00007ffc21990000 - 0x00007ffc219a6000 	C:\Program Files\BlueJ\lib\javafx\bin\vcruntime140.dll
0x00007ffc218e0000 - 0x00007ffc21986000 	C:\Program Files\BlueJ\lib\javafx\bin\msvcp140.dll
0x00007ffc21880000 - 0x00007ffc218d1000 	C:\Program Files\BlueJ\lib\javafx\bin\concrt140.dll
0x00007ffc21850000 - 0x00007ffc21873000 	C:\Program Files\BlueJ\lib\javafx\bin\prism_d3d.dll
0x00007ffc39310000 - 0x00007ffc394df000 	C:\WINDOWS\system32\d3d9.dll
0x00007ffc67af0000 - 0x00007ffc67b1f000 	C:\WINDOWS\SYSTEM32\dwmapi.dll
0x00007ffc678f0000 - 0x00007ffc6798e000 	C:\WINDOWS\system32\uxtheme.dll
0x00007ffc1f310000 - 0x00007ffc2184d000 	C:\WINDOWS\SYSTEM32\igdumdim64.dll
0x00007ffc6afd0000 - 0x00007ffc6b09d000 	C:\WINDOWS\System32\OLEAUT32.dll
0x00007ffc6c370000 - 0x00007ffc6c49a000 	C:\WINDOWS\System32\ole32.dll
0x00007ffc6b4a0000 - 0x00007ffc6b907000 	C:\WINDOWS\System32\SETUPAPI.dll
0x00007ffc6ac80000 - 0x00007ffc6acce000 	C:\WINDOWS\System32\cfgmgr32.dll
0x00007ffc6ac50000 - 0x00007ffc6ac77000 	C:\WINDOWS\System32\bcrypt.dll
0x00007ffc1f2c0000 - 0x00007ffc1f305000 	C:\Program Files\BlueJ\lib\javafx\bin\glass.dll
0x00007ffc6c4d0000 - 0x00007ffc6c5ab000 	C:\WINDOWS\System32\COMDLG32.dll
0x00007ffc51900000 - 0x00007ffc519b0000 	C:\WINDOWS\WinSxS\amd64_microsoft.windows.common-controls_6595b64144ccf1df_5.82.19041.488_none_4238de57f6b64d28\COMCTL32.dll
0x00007ffc6bb00000 - 0x00007ffc6bc16000 	C:\WINDOWS\System32\MSCTF.dll
0x00007ffc5f680000 - 0x00007ffc600c0000 	C:\WINDOWS\SYSTEM32\igdusc64.dll
0x00007ffc62b40000 - 0x00007ffc62b7b000 	C:\WINDOWS\SYSTEM32\dxcore.dll
0x00007ffc1f120000 - 0x00007ffc1f2be000 	C:\Program Files\BlueJ\jdk\bin\awt.dll
0x00007ffc65b70000 - 0x00007ffc66130000 	C:\WINDOWS\SYSTEM32\d2d1.dll
0x00007ffc66fb0000 - 0x00007ffc67040000 	C:\WINDOWS\SYSTEM32\apphelp.dll
0x00007ffc1f100000 - 0x00007ffc1f114000 	C:\Program Files\BlueJ\lib\javafx\bin\javafx_font.dll
0x00007ffc3efd0000 - 0x00007ffc3f24f000 	C:\WINDOWS\SYSTEM32\dwrite.dll
0x00007ffc6b100000 - 0x00007ffc6b1a9000 	C:\WINDOWS\System32\clbcatq.dll
0x00007ffc69770000 - 0x00007ffc69a0b000 	C:\WINDOWS\WinSxS\amd64_microsoft.windows.common-controls_6595b64144ccf1df_6.0.19041.488_none_ca04af081b815d21\comctl32.dll
0x00007ffc63350000 - 0x00007ffc63504000 	C:\WINDOWS\SYSTEM32\WindowsCodecs.dll
0x00007ffc4b490000 - 0x00007ffc4b4ce000 	C:\WINDOWS\system32\dataexchange.dll
0x00007ffc65710000 - 0x00007ffc658f7000 	C:\WINDOWS\system32\dcomp.dll
0x00007ffc65900000 - 0x00007ffc65b64000 	C:\WINDOWS\system32\d3d11.dll
0x00007ffc686b0000 - 0x00007ffc687a3000 	C:\WINDOWS\system32\dxgi.dll
0x00007ffc637b0000 - 0x00007ffc639b8000 	C:\WINDOWS\system32\twinapi.appcore.dll
0x00007ffc1f0c0000 - 0x00007ffc1f0f4000 	C:\Program Files\Common Files\Microsoft Shared\Ink\rtscom.dll
0x00007ffc4d090000 - 0x00007ffc4d18d000 	C:\WINDOWS\SYSTEM32\textinputframework.dll
0x00007ffc66940000 - 0x00007ffc66c9e000 	C:\WINDOWS\System32\CoreUIComponents.dll
0x00007ffc66ca0000 - 0x00007ffc66d92000 	C:\WINDOWS\System32\CoreMessaging.dll
0x00007ffc69f50000 - 0x00007ffc69f83000 	C:\WINDOWS\SYSTEM32\ntmarta.dll
0x00007ffc66270000 - 0x00007ffc663c6000 	C:\WINDOWS\SYSTEM32\wintypes.dll
0x00007ffc49060000 - 0x00007ffc490c6000 	C:\WINDOWS\system32\Oleacc.dll
0x00007ffc38120000 - 0x00007ffc38245000 	C:\WINDOWS\system32\opengl32.dll
0x00007ffc416f0000 - 0x00007ffc4171c000 	C:\WINDOWS\SYSTEM32\GLU32.dll
0x00007ffc1f090000 - 0x00007ffc1f0b7000 	C:\Program Files\BlueJ\jdk\bin\sunec.dll
0x00007ffc69180000 - 0x00007ffc6924b000 	C:\WINDOWS\SYSTEM32\DNSAPI.dll
0x00007ffc69140000 - 0x00007ffc6917b000 	C:\WINDOWS\SYSTEM32\IPHLPAPI.DLL

dbghelp: loaded successfully - version: 4.0.5 - missing functions: none
symbol engine: initialized successfully - sym options: 0x614 - pdb path: .;C:\Program Files\BlueJ;C:\WINDOWS\SYSTEM32;C:\Program Files\BlueJ\jdk\bin\server;C:\Program Files\BlueJ\jdk\bin;C:\Program Files\BlueJ\lib\javafx\bin;C:\WINDOWS\WinSxS\amd64_microsoft.windows.common-controls_6595b64144ccf1df_5.82.19041.488_none_4238de57f6b64d28;C:\WINDOWS\WinSxS\amd64_microsoft.windows.common-controls_6595b64144ccf1df_6.0.19041.488_none_ca04af081b815d21;C:\Program Files\Common Files\Microsoft Shared\Ink

VM Arguments:
jvm_args: -Djavafx.embed.singleThread=true 
java_command: <unknown>
java_class_path (initial): C:\Program Files\BlueJ\lib\bluej.jar;C:\Program Files\BlueJ\lib\javafx\lib\javafx.base.jar;C:\Program Files\BlueJ\lib\javafx\lib\javafx.controls.jar;C:\Program Files\BlueJ\lib\javafx\lib\javafx.fxml.jar;C:\Program Files\BlueJ\lib\javafx\lib\javafx.graphics.jar;C:\Program Files\BlueJ\lib\javafx\lib\javafx.media.jar;C:\Program Files\BlueJ\lib\javafx\lib\javafx.properties.jar;C:\Program Files\BlueJ\lib\javafx\lib\javafx.swing.jar;C:\Program Files\BlueJ\lib\javafx\lib\javafx.web.jar
Launcher Type: generic

[Global flags]
     intx CICompilerCount                          = 3                                         {product} {ergonomic}
     uint ConcGCThreads                            = 1                                         {product} {ergonomic}
     uint G1ConcRefinementThreads                  = 4                                         {product} {ergonomic}
   size_t G1HeapRegionSize                         = 1048576                                   {product} {ergonomic}
    uintx GCDrainStackTargetSize                   = 64                                        {product} {ergonomic}
   size_t InitialHeapSize                          = 201326592                                 {product} {ergonomic}
   size_t MarkStackSize                            = 4194304                                   {product} {ergonomic}
   size_t MaxHeapSize                              = 3193962496                                {product} {ergonomic}
   size_t MaxNewSize                               = 1915748352                                {product} {ergonomic}
   size_t MinHeapDeltaBytes                        = 1048576                                   {product} {ergonomic}
    uintx NonNMethodCodeHeapSize                   = 5830092                                {pd product} {ergonomic}
    uintx NonProfiledCodeHeapSize                  = 122914074                              {pd product} {ergonomic}
    uintx ProfiledCodeHeapSize                     = 122914074                              {pd product} {ergonomic}
    uintx ReservedCodeCacheSize                    = 251658240                              {pd product} {ergonomic}
     bool SegmentedCodeCache                       = true                                      {product} {ergonomic}
     bool UseCompressedClassPointers               = true                                 {lp64_product} {ergonomic}
     bool UseCompressedOops                        = true                                 {lp64_product} {ergonomic}
     bool UseG1GC                                  = true                                      {product} {ergonomic}
     bool UseLargePagesIndividualAllocation        = false                                  {pd product} {ergonomic}

Logging:
Log output configuration:
 #0: stdout all=warning uptime,level,tags
 #1: stderr all=off uptime,level,tags

Environment Variables:
PATH=C:\Program Files\AdoptOpenJDK\jdk-11.0.9.101-hotspot\bin;C:\Program Files (x86)\Common Files\Oracle\Java\javapath;C:\Program Files\Docker\Docker\resources\bin;C:\Windows\System32;C:\Windows;C:\Windows\System32\wbem;C:\Windows\System32\WindowsPowerShell\v1.0\;C:\Windows\System32\OpenSSH\;C:\Program Files\PuTTY\;C:\Program Files (x86)\GnuPG\bin;C:\WINDOWS\system32;C:\WINDOWS;C:\WINDOWS\System32\Wbem;C:\WINDOWS\System32\WindowsPowerShell\v1.0\;C:\WINDOWS\System32\OpenSSH\;C:\Program Files\Git\cmd;C:\xampp\htdocs\PROYECTO-PAU\yumi\app;C:\Users\pauli\AppData\Local\Programs\Python\Python39\Scripts\;C:\Users\pauli\AppData\Local\Programs\Python\Python39\;C:\Users\pauli\AppData\Local\Microsoft\WindowsApps;C:\Program Files\Docker Toolbox;C:\Users\pauli\AppData\Local\GitHubDesktop\bin;C:\Users\pauli\AppData\Local\Programs\Microsoft VS Code\bin;C:\Users\pauli\AppData\Local\atom\bin;C:\Users\pauli\AppData\Local\Microsoft\WindowsApps;C:\xampp\php;C:\Users\pauli\composer;C:\Users\pauli\AppData\Roaming\Composer\vendor\bin
USERNAME=pauli
OS=Windows_NT
PROCESSOR_IDENTIFIER=Intel64 Family 6 Model 60 Stepping 3, GenuineIntel



---------------  S Y S T E M  ---------------

OS: Windows 10 , 64 bit Build 19041 (10.0.19041.662)

CPU:total 4 (initial active 4) (4 cores per cpu, 1 threads per core) family 6 model 60 stepping 3, cmov, cx8, fxsr, mmx, sse, sse2, sse3, ssse3, sse4.1, sse4.2, popcnt, avx, avx2, aes, clmul, erms, lzcnt, tsc, tscinvbit, bmi1, bmi2, fma

Memory: 4k page, system-wide physical 12179M (5557M free)
TotalPageFile size 16787M (AvailPageFile size 4997M)
current process WorkingSet (physical memory assigned to process): 232M, peak: 667M
current process commit charge ("private bytes"): 645M, peak: 675M

vm_info: OpenJDK 64-Bit Server VM (11.0.2+9) for windows-amd64 JRE (11.0.2+9), built on Jan 18 2019 05:23:22 by "mach5one" with MS VC++ 15.5 (VS2017)

END.
